<?xml version="1.0" encoding="UTF-8"?>
<<<<<<< HEAD
<testsuite xmlns:xsi="http://www.w3.org/2001/XMLSchema-instance" xsi:noNamespaceSchemaLocation="https://maven.apache.org/surefire/maven-surefire-plugin/xsd/surefire-test-report.xsd" name="edu.zut.cs.software.OSALS.student.service.StudentManagerTest" time="1.562" tests="2" errors="0" skipped="0" failures="0">
=======
<<<<<<< HEAD
<testsuite xmlns:xsi="http://www.w3.org/2001/XMLSchema-instance" xsi:noNamespaceSchemaLocation="https://maven.apache.org/surefire/maven-surefire-plugin/xsd/surefire-test-report.xsd" name="edu.zut.cs.software.OSALS.student.service.StudentManagerTest" time="5.904" tests="2" errors="0" skipped="0" failures="1">
=======
<testsuite xmlns:xsi="http://www.w3.org/2001/XMLSchema-instance" xsi:noNamespaceSchemaLocation="https://maven.apache.org/surefire/maven-surefire-plugin/xsd/surefire-test-report.xsd" name="edu.zut.cs.software.OSALS.student.service.StudentManagerTest" time="5.35" tests="2" errors="0" skipped="0" failures="0">
>>>>>>> 983cde5d2cab54e3ed2e7e7bfedfde1ec36f9ce3
>>>>>>> 876af67951b4eb09775da6063dd4498068ee218a
  <properties>
    <property name="sun.desktop" value="windows"/>
    <property name="awt.toolkit" value="sun.awt.windows.WToolkit"/>
    <property name="file.encoding.pkg" value="sun.io"/>
    <property name="java.specification.version" value="1.8"/>
    <property name="sun.cpu.isalist" value="amd64"/>
    <property name="sun.jnu.encoding" value="GBK"/>
<<<<<<< HEAD
    <property name="java.class.path" value="D:\Java\IdeaProjects\OSALS\OSALS-serivce\target\test-classes;D:\Java\IdeaProjects\OSALS\OSALS-serivce\target\classes;D:\Java\IdeaProjects\OSALS\OSALS-dao\target\OSALS-dao-1.0-SNAPSHOT.jar;D:\Java\IdeaProjects\OSALS\OSALS-base\target\OSALS-base-1.0-SNAPSHOT.jar;D:\Java\repo\org\hibernate\javax\persistence\hibernate-jpa-2.1-api\1.0.2.Final\hibernate-jpa-2.1-api-1.0.2.Final.jar;D:\Java\repo\org\apache\commons\commons-lang3\3.8.1\commons-lang3-3.8.1.jar;D:\Java\repo\com\fasterxml\jackson\core\jackson-annotations\2.9.8\jackson-annotations-2.9.8.jar;D:\Java\repo\org\springframework\data\spring-data-jpa\2.1.6.RELEASE\spring-data-jpa-2.1.6.RELEASE.jar;D:\Java\repo\org\springframework\data\spring-data-commons\2.1.6.RELEASE\spring-data-commons-2.1.6.RELEASE.jar;D:\Java\repo\org\springframework\spring-orm\5.1.6.RELEASE\spring-orm-5.1.6.RELEASE.jar;D:\Java\repo\org\springframework\spring-jdbc\5.1.6.RELEASE\spring-jdbc-5.1.6.RELEASE.jar;D:\Java\repo\org\springframework\spring-tx\5.1.6.RELEASE\spring-tx-5.1.6.RELEASE.jar;D:\Java\repo\org\aspectj\aspectjrt\1.9.2\aspectjrt-1.9.2.jar;D:\Java\repo\org\hibernate\hibernate-entitymanager\5.4.2.Final\hibernate-entitymanager-5.4.2.Final.jar;D:\Java\repo\org\jboss\logging\jboss-logging\3.3.2.Final\jboss-logging-3.3.2.Final.jar;D:\Java\repo\org\hibernate\hibernate-core\5.4.2.Final\hibernate-core-5.4.2.Final.jar;D:\Java\repo\org\javassist\javassist\3.24.0-GA\javassist-3.24.0-GA.jar;D:\Java\repo\antlr\antlr\2.7.7\antlr-2.7.7.jar;D:\Java\repo\org\jboss\jandex\2.0.5.Final\jandex-2.0.5.Final.jar;D:\Java\repo\com\fasterxml\classmate\1.3.4\classmate-1.3.4.jar;D:\Java\repo\javax\activation\javax.activation-api\1.2.0\javax.activation-api-1.2.0.jar;D:\Java\repo\javax\xml\bind\jaxb-api\2.3.1\jaxb-api-2.3.1.jar;D:\Java\repo\org\glassfish\jaxb\jaxb-runtime\2.3.1\jaxb-runtime-2.3.1.jar;D:\Java\repo\org\glassfish\jaxb\txw2\2.3.1\txw2-2.3.1.jar;D:\Java\repo\com\sun\istack\istack-commons-runtime\3.0.7\istack-commons-runtime-3.0.7.jar;D:\Java\repo\org\jvnet\staxex\stax-ex\1.8\stax-ex-1.8.jar;D:\Java\repo\com\sun\xml\fastinfoset\FastInfoset\1.2.15\FastInfoset-1.2.15.jar;D:\Java\repo\org\dom4j\dom4j\2.1.1\dom4j-2.1.1.jar;D:\Java\repo\org\hibernate\common\hibernate-commons-annotations\5.1.0.Final\hibernate-commons-annotations-5.1.0.Final.jar;D:\Java\repo\javax\persistence\javax.persistence-api\2.2\javax.persistence-api-2.2.jar;D:\Java\repo\net\bytebuddy\byte-buddy\1.9.10\byte-buddy-1.9.10.jar;D:\Java\repo\org\jboss\spec\javax\transaction\jboss-transaction-api_1.2_spec\1.1.1.Final\jboss-transaction-api_1.2_spec-1.1.1.Final.jar;D:\Java\repo\org\apache\commons\commons-dbcp2\2.6.0\commons-dbcp2-2.6.0.jar;D:\Java\repo\org\apache\commons\commons-pool2\2.6.1\commons-pool2-2.6.1.jar;D:\Java\repo\commons-logging\commons-logging\1.2\commons-logging-1.2.jar;D:\Java\repo\mysql\mysql-connector-java\8.0.15\mysql-connector-java-8.0.15.jar;D:\Java\repo\com\google\protobuf\protobuf-java\3.6.1\protobuf-java-3.6.1.jar;D:\Java\repo\org\apache\poi\poi\4.1.0\poi-4.1.0.jar;D:\Java\repo\commons-codec\commons-codec\1.12\commons-codec-1.12.jar;D:\Java\repo\org\apache\commons\commons-collections4\4.3\commons-collections4-4.3.jar;D:\Java\repo\org\apache\commons\commons-math3\3.6.1\commons-math3-3.6.1.jar;D:\Java\repo\org\apache\poi\poi-ooxml\4.1.0\poi-ooxml-4.1.0.jar;D:\Java\repo\org\apache\poi\poi-ooxml-schemas\4.1.0\poi-ooxml-schemas-4.1.0.jar;D:\Java\repo\org\apache\xmlbeans\xmlbeans\3.1.0\xmlbeans-3.1.0.jar;D:\Java\repo\org\apache\commons\commons-compress\1.18\commons-compress-1.18.jar;D:\Java\repo\com\github\virtuald\curvesapi\1.06\curvesapi-1.06.jar;D:\Java\repo\org\springframework\spring-webmvc\5.1.5.RELEASE\spring-webmvc-5.1.5.RELEASE.jar;D:\Java\repo\org\springframework\spring-aop\5.1.5.RELEASE\spring-aop-5.1.5.RELEASE.jar;D:\Java\repo\org\springframework\spring-beans\5.1.5.RELEASE\spring-beans-5.1.5.RELEASE.jar;D:\Java\repo\org\springframework\spring-context\5.1.5.RELEASE\spring-context-5.1.5.RELEASE.jar;D:\Java\repo\org\springframework\spring-core\5.1.5.RELEASE\spring-core-5.1.5.RELEASE.jar;D:\Java\repo\org\springframework\spring-jcl\5.1.5.RELEASE\spring-jcl-5.1.5.RELEASE.jar;D:\Java\repo\org\springframework\spring-expression\5.1.5.RELEASE\spring-expression-5.1.5.RELEASE.jar;D:\Java\repo\org\springframework\spring-web\5.1.5.RELEASE\spring-web-5.1.5.RELEASE.jar;D:\Java\repo\org\apache\logging\log4j\log4j-api\2.11.0\log4j-api-2.11.0.jar;D:\Java\repo\org\apache\logging\log4j\log4j-core\2.11.0\log4j-core-2.11.0.jar;D:\Java\repo\org\apache\logging\log4j\log4j-slf4j-impl\2.11.2\log4j-slf4j-impl-2.11.2.jar;D:\Java\repo\org\slf4j\slf4j-api\1.7.25\slf4j-api-1.7.25.jar;D:\Java\repo\junit\junit\4.12\junit-4.12.jar;D:\Java\repo\org\hamcrest\hamcrest-core\1.3\hamcrest-core-1.3.jar;D:\Java\repo\org\springframework\spring-test\5.1.0.RELEASE\spring-test-5.1.0.RELEASE.jar;"/>
=======
<<<<<<< HEAD
    <property name="java.class.path" value="D:\JAVA\仓库\OSALS\OSALS-serivce\target\test-classes;D:\JAVA\仓库\OSALS\OSALS-serivce\target\classes;D:\JAVA\仓库\OSALS\OSALS-dao\target\classes;D:\JAVA\仓库\OSALS\OSALS-base\target\classes;D:\JAVA\apache-maven-3.6.1\RepMaven\org\hibernate\javax\persistence\hibernate-jpa-2.1-api\1.0.2.Final\hibernate-jpa-2.1-api-1.0.2.Final.jar;D:\JAVA\apache-maven-3.6.1\RepMaven\org\apache\commons\commons-lang3\3.8.1\commons-lang3-3.8.1.jar;D:\JAVA\apache-maven-3.6.1\RepMaven\com\fasterxml\jackson\core\jackson-annotations\2.9.8\jackson-annotations-2.9.8.jar;D:\JAVA\apache-maven-3.6.1\RepMaven\org\springframework\data\spring-data-jpa\2.1.6.RELEASE\spring-data-jpa-2.1.6.RELEASE.jar;D:\JAVA\apache-maven-3.6.1\RepMaven\org\springframework\data\spring-data-commons\2.1.6.RELEASE\spring-data-commons-2.1.6.RELEASE.jar;D:\JAVA\apache-maven-3.6.1\RepMaven\org\springframework\spring-orm\5.1.6.RELEASE\spring-orm-5.1.6.RELEASE.jar;D:\JAVA\apache-maven-3.6.1\RepMaven\org\springframework\spring-jdbc\5.1.6.RELEASE\spring-jdbc-5.1.6.RELEASE.jar;D:\JAVA\apache-maven-3.6.1\RepMaven\org\springframework\spring-tx\5.1.6.RELEASE\spring-tx-5.1.6.RELEASE.jar;D:\JAVA\apache-maven-3.6.1\RepMaven\org\aspectj\aspectjrt\1.9.2\aspectjrt-1.9.2.jar;D:\JAVA\apache-maven-3.6.1\RepMaven\org\hibernate\hibernate-entitymanager\5.4.2.Final\hibernate-entitymanager-5.4.2.Final.jar;D:\JAVA\apache-maven-3.6.1\RepMaven\org\jboss\logging\jboss-logging\3.3.2.Final\jboss-logging-3.3.2.Final.jar;D:\JAVA\apache-maven-3.6.1\RepMaven\org\hibernate\hibernate-core\5.4.2.Final\hibernate-core-5.4.2.Final.jar;D:\JAVA\apache-maven-3.6.1\RepMaven\org\javassist\javassist\3.24.0-GA\javassist-3.24.0-GA.jar;D:\JAVA\apache-maven-3.6.1\RepMaven\antlr\antlr\2.7.7\antlr-2.7.7.jar;D:\JAVA\apache-maven-3.6.1\RepMaven\org\jboss\jandex\2.0.5.Final\jandex-2.0.5.Final.jar;D:\JAVA\apache-maven-3.6.1\RepMaven\com\fasterxml\classmate\1.3.4\classmate-1.3.4.jar;D:\JAVA\apache-maven-3.6.1\RepMaven\javax\activation\javax.activation-api\1.2.0\javax.activation-api-1.2.0.jar;D:\JAVA\apache-maven-3.6.1\RepMaven\javax\xml\bind\jaxb-api\2.3.1\jaxb-api-2.3.1.jar;D:\JAVA\apache-maven-3.6.1\RepMaven\org\glassfish\jaxb\jaxb-runtime\2.3.1\jaxb-runtime-2.3.1.jar;D:\JAVA\apache-maven-3.6.1\RepMaven\org\glassfish\jaxb\txw2\2.3.1\txw2-2.3.1.jar;D:\JAVA\apache-maven-3.6.1\RepMaven\com\sun\istack\istack-commons-runtime\3.0.7\istack-commons-runtime-3.0.7.jar;D:\JAVA\apache-maven-3.6.1\RepMaven\org\jvnet\staxex\stax-ex\1.8\stax-ex-1.8.jar;D:\JAVA\apache-maven-3.6.1\RepMaven\com\sun\xml\fastinfoset\FastInfoset\1.2.15\FastInfoset-1.2.15.jar;D:\JAVA\apache-maven-3.6.1\RepMaven\org\dom4j\dom4j\2.1.1\dom4j-2.1.1.jar;D:\JAVA\apache-maven-3.6.1\RepMaven\org\hibernate\common\hibernate-commons-annotations\5.1.0.Final\hibernate-commons-annotations-5.1.0.Final.jar;D:\JAVA\apache-maven-3.6.1\RepMaven\javax\persistence\javax.persistence-api\2.2\javax.persistence-api-2.2.jar;D:\JAVA\apache-maven-3.6.1\RepMaven\net\bytebuddy\byte-buddy\1.9.10\byte-buddy-1.9.10.jar;D:\JAVA\apache-maven-3.6.1\RepMaven\org\jboss\spec\javax\transaction\jboss-transaction-api_1.2_spec\1.1.1.Final\jboss-transaction-api_1.2_spec-1.1.1.Final.jar;D:\JAVA\apache-maven-3.6.1\RepMaven\org\apache\commons\commons-dbcp2\2.6.0\commons-dbcp2-2.6.0.jar;D:\JAVA\apache-maven-3.6.1\RepMaven\org\apache\commons\commons-pool2\2.6.1\commons-pool2-2.6.1.jar;D:\JAVA\apache-maven-3.6.1\RepMaven\commons-logging\commons-logging\1.2\commons-logging-1.2.jar;D:\JAVA\apache-maven-3.6.1\RepMaven\mysql\mysql-connector-java\8.0.15\mysql-connector-java-8.0.15.jar;D:\JAVA\apache-maven-3.6.1\RepMaven\com\google\protobuf\protobuf-java\3.6.1\protobuf-java-3.6.1.jar;D:\JAVA\apache-maven-3.6.1\RepMaven\org\apache\poi\poi\4.1.0\poi-4.1.0.jar;D:\JAVA\apache-maven-3.6.1\RepMaven\commons-codec\commons-codec\1.12\commons-codec-1.12.jar;D:\JAVA\apache-maven-3.6.1\RepMaven\org\apache\commons\commons-collections4\4.3\commons-collections4-4.3.jar;D:\JAVA\apache-maven-3.6.1\RepMaven\org\apache\commons\commons-math3\3.6.1\commons-math3-3.6.1.jar;D:\JAVA\apache-maven-3.6.1\RepMaven\org\apache\poi\poi-ooxml\4.1.0\poi-ooxml-4.1.0.jar;D:\JAVA\apache-maven-3.6.1\RepMaven\org\apache\poi\poi-ooxml-schemas\4.1.0\poi-ooxml-schemas-4.1.0.jar;D:\JAVA\apache-maven-3.6.1\RepMaven\org\apache\xmlbeans\xmlbeans\3.1.0\xmlbeans-3.1.0.jar;D:\JAVA\apache-maven-3.6.1\RepMaven\org\apache\commons\commons-compress\1.18\commons-compress-1.18.jar;D:\JAVA\apache-maven-3.6.1\RepMaven\com\github\virtuald\curvesapi\1.06\curvesapi-1.06.jar;D:\JAVA\apache-maven-3.6.1\RepMaven\org\springframework\spring-webmvc\5.1.5.RELEASE\spring-webmvc-5.1.5.RELEASE.jar;D:\JAVA\apache-maven-3.6.1\RepMaven\org\springframework\spring-aop\5.1.5.RELEASE\spring-aop-5.1.5.RELEASE.jar;D:\JAVA\apache-maven-3.6.1\RepMaven\org\springframework\spring-beans\5.1.5.RELEASE\spring-beans-5.1.5.RELEASE.jar;D:\JAVA\apache-maven-3.6.1\RepMaven\org\springframework\spring-context\5.1.5.RELEASE\spring-context-5.1.5.RELEASE.jar;D:\JAVA\apache-maven-3.6.1\RepMaven\org\springframework\spring-core\5.1.5.RELEASE\spring-core-5.1.5.RELEASE.jar;D:\JAVA\apache-maven-3.6.1\RepMaven\org\springframework\spring-jcl\5.1.5.RELEASE\spring-jcl-5.1.5.RELEASE.jar;D:\JAVA\apache-maven-3.6.1\RepMaven\org\springframework\spring-expression\5.1.5.RELEASE\spring-expression-5.1.5.RELEASE.jar;D:\JAVA\apache-maven-3.6.1\RepMaven\org\springframework\spring-web\5.1.5.RELEASE\spring-web-5.1.5.RELEASE.jar;D:\JAVA\apache-maven-3.6.1\RepMaven\org\apache\logging\log4j\log4j-api\2.11.0\log4j-api-2.11.0.jar;D:\JAVA\apache-maven-3.6.1\RepMaven\org\apache\logging\log4j\log4j-core\2.11.0\log4j-core-2.11.0.jar;D:\JAVA\apache-maven-3.6.1\RepMaven\org\apache\logging\log4j\log4j-slf4j-impl\2.11.2\log4j-slf4j-impl-2.11.2.jar;D:\JAVA\apache-maven-3.6.1\RepMaven\org\slf4j\slf4j-api\1.7.25\slf4j-api-1.7.25.jar;D:\JAVA\apache-maven-3.6.1\RepMaven\junit\junit\4.12\junit-4.12.jar;D:\JAVA\apache-maven-3.6.1\RepMaven\org\hamcrest\hamcrest-core\1.3\hamcrest-core-1.3.jar;D:\JAVA\apache-maven-3.6.1\RepMaven\org\springframework\spring-test\5.1.0.RELEASE\spring-test-5.1.0.RELEASE.jar;"/>
=======
    <property name="java.class.path" value="D:\Java\OSALS\OSALS-serivce\target\test-classes;D:\Java\OSALS\OSALS-serivce\target\classes;D:\Java\OSALS\OSALS-dao\target\classes;D:\Java\OSALS\OSALS-base\target\classes;D:\Java\repo\org\hibernate\javax\persistence\hibernate-jpa-2.1-api\1.0.2.Final\hibernate-jpa-2.1-api-1.0.2.Final.jar;D:\Java\repo\org\apache\commons\commons-lang3\3.8.1\commons-lang3-3.8.1.jar;D:\Java\repo\com\fasterxml\jackson\core\jackson-annotations\2.9.8\jackson-annotations-2.9.8.jar;D:\Java\repo\org\springframework\data\spring-data-jpa\2.1.6.RELEASE\spring-data-jpa-2.1.6.RELEASE.jar;D:\Java\repo\org\springframework\data\spring-data-commons\2.1.6.RELEASE\spring-data-commons-2.1.6.RELEASE.jar;D:\Java\repo\org\springframework\spring-orm\5.1.6.RELEASE\spring-orm-5.1.6.RELEASE.jar;D:\Java\repo\org\springframework\spring-jdbc\5.1.6.RELEASE\spring-jdbc-5.1.6.RELEASE.jar;D:\Java\repo\org\springframework\spring-tx\5.1.6.RELEASE\spring-tx-5.1.6.RELEASE.jar;D:\Java\repo\org\aspectj\aspectjrt\1.9.2\aspectjrt-1.9.2.jar;D:\Java\repo\org\hibernate\hibernate-entitymanager\5.4.2.Final\hibernate-entitymanager-5.4.2.Final.jar;D:\Java\repo\org\jboss\logging\jboss-logging\3.3.2.Final\jboss-logging-3.3.2.Final.jar;D:\Java\repo\org\hibernate\hibernate-core\5.4.2.Final\hibernate-core-5.4.2.Final.jar;D:\Java\repo\org\javassist\javassist\3.24.0-GA\javassist-3.24.0-GA.jar;D:\Java\repo\antlr\antlr\2.7.7\antlr-2.7.7.jar;D:\Java\repo\org\jboss\jandex\2.0.5.Final\jandex-2.0.5.Final.jar;D:\Java\repo\com\fasterxml\classmate\1.3.4\classmate-1.3.4.jar;D:\Java\repo\javax\activation\javax.activation-api\1.2.0\javax.activation-api-1.2.0.jar;D:\Java\repo\javax\xml\bind\jaxb-api\2.3.1\jaxb-api-2.3.1.jar;D:\Java\repo\org\glassfish\jaxb\jaxb-runtime\2.3.1\jaxb-runtime-2.3.1.jar;D:\Java\repo\org\glassfish\jaxb\txw2\2.3.1\txw2-2.3.1.jar;D:\Java\repo\com\sun\istack\istack-commons-runtime\3.0.7\istack-commons-runtime-3.0.7.jar;D:\Java\repo\org\jvnet\staxex\stax-ex\1.8\stax-ex-1.8.jar;D:\Java\repo\com\sun\xml\fastinfoset\FastInfoset\1.2.15\FastInfoset-1.2.15.jar;D:\Java\repo\org\dom4j\dom4j\2.1.1\dom4j-2.1.1.jar;D:\Java\repo\org\hibernate\common\hibernate-commons-annotations\5.1.0.Final\hibernate-commons-annotations-5.1.0.Final.jar;D:\Java\repo\javax\persistence\javax.persistence-api\2.2\javax.persistence-api-2.2.jar;D:\Java\repo\net\bytebuddy\byte-buddy\1.9.10\byte-buddy-1.9.10.jar;D:\Java\repo\org\jboss\spec\javax\transaction\jboss-transaction-api_1.2_spec\1.1.1.Final\jboss-transaction-api_1.2_spec-1.1.1.Final.jar;D:\Java\repo\org\apache\commons\commons-dbcp2\2.6.0\commons-dbcp2-2.6.0.jar;D:\Java\repo\org\apache\commons\commons-pool2\2.6.1\commons-pool2-2.6.1.jar;D:\Java\repo\commons-logging\commons-logging\1.2\commons-logging-1.2.jar;D:\Java\repo\mysql\mysql-connector-java\8.0.15\mysql-connector-java-8.0.15.jar;D:\Java\repo\com\google\protobuf\protobuf-java\3.6.1\protobuf-java-3.6.1.jar;D:\Java\repo\org\apache\poi\poi\4.1.0\poi-4.1.0.jar;D:\Java\repo\commons-codec\commons-codec\1.12\commons-codec-1.12.jar;D:\Java\repo\org\apache\commons\commons-collections4\4.3\commons-collections4-4.3.jar;D:\Java\repo\org\apache\commons\commons-math3\3.6.1\commons-math3-3.6.1.jar;D:\Java\repo\org\apache\poi\poi-ooxml\4.1.0\poi-ooxml-4.1.0.jar;D:\Java\repo\org\apache\poi\poi-ooxml-schemas\4.1.0\poi-ooxml-schemas-4.1.0.jar;D:\Java\repo\org\apache\xmlbeans\xmlbeans\3.1.0\xmlbeans-3.1.0.jar;D:\Java\repo\org\apache\commons\commons-compress\1.18\commons-compress-1.18.jar;D:\Java\repo\com\github\virtuald\curvesapi\1.06\curvesapi-1.06.jar;D:\Java\repo\org\springframework\spring-webmvc\5.1.5.RELEASE\spring-webmvc-5.1.5.RELEASE.jar;D:\Java\repo\org\springframework\spring-aop\5.1.5.RELEASE\spring-aop-5.1.5.RELEASE.jar;D:\Java\repo\org\springframework\spring-beans\5.1.5.RELEASE\spring-beans-5.1.5.RELEASE.jar;D:\Java\repo\org\springframework\spring-context\5.1.5.RELEASE\spring-context-5.1.5.RELEASE.jar;D:\Java\repo\org\springframework\spring-core\5.1.5.RELEASE\spring-core-5.1.5.RELEASE.jar;D:\Java\repo\org\springframework\spring-jcl\5.1.5.RELEASE\spring-jcl-5.1.5.RELEASE.jar;D:\Java\repo\org\springframework\spring-expression\5.1.5.RELEASE\spring-expression-5.1.5.RELEASE.jar;D:\Java\repo\org\springframework\spring-web\5.1.5.RELEASE\spring-web-5.1.5.RELEASE.jar;D:\Java\repo\org\apache\logging\log4j\log4j-api\2.11.0\log4j-api-2.11.0.jar;D:\Java\repo\org\apache\logging\log4j\log4j-core\2.11.0\log4j-core-2.11.0.jar;D:\Java\repo\org\apache\logging\log4j\log4j-slf4j-impl\2.11.2\log4j-slf4j-impl-2.11.2.jar;D:\Java\repo\org\slf4j\slf4j-api\1.7.25\slf4j-api-1.7.25.jar;D:\Java\repo\junit\junit\4.12\junit-4.12.jar;D:\Java\repo\org\hamcrest\hamcrest-core\1.3\hamcrest-core-1.3.jar;D:\Java\repo\org\springframework\spring-test\5.1.0.RELEASE\spring-test-5.1.0.RELEASE.jar;"/>
>>>>>>> 983cde5d2cab54e3ed2e7e7bfedfde1ec36f9ce3
>>>>>>> 876af67951b4eb09775da6063dd4498068ee218a
    <property name="java.vm.vendor" value="Oracle Corporation"/>
    <property name="sun.arch.data.model" value="64"/>
    <property name="user.variant" value=""/>
    <property name="java.vendor.url" value="http://java.oracle.com/"/>
    <property name="user.timezone" value=""/>
    <property name="java.vm.specification.version" value="1.8"/>
    <property name="os.name" value="Windows 10"/>
    <property name="user.country" value="CN"/>
    <property name="sun.java.launcher" value="SUN_STANDARD"/>
<<<<<<< HEAD
    <property name="sun.boot.library.path" value="D:\JAVA\JDK\jre\bin"/>
    <property name="sun.java.command" value="C:\Users\forever\AppData\Local\Temp\surefire922134157589883570\surefirebooter8279835634340030881.jar C:\Users\forever\AppData\Local\Temp\surefire922134157589883570 2019-05-16T23-27-12_832-jvmRun1 surefire4660234498992402884tmp surefire_16017094754023067115tmp"/>
    <property name="surefire.test.class.path" value="D:\JAVA\仓库\OSALS\OSALS-serivce\target\test-classes;D:\JAVA\仓库\OSALS\OSALS-serivce\target\classes;D:\JAVA\仓库\OSALS\OSALS-dao\target\classes;D:\JAVA\仓库\OSALS\OSALS-base\target\classes;D:\JAVA\apache-maven-3.6.1\RepMaven\org\hibernate\javax\persistence\hibernate-jpa-2.1-api\1.0.2.Final\hibernate-jpa-2.1-api-1.0.2.Final.jar;D:\JAVA\apache-maven-3.6.1\RepMaven\org\apache\commons\commons-lang3\3.8.1\commons-lang3-3.8.1.jar;D:\JAVA\apache-maven-3.6.1\RepMaven\com\fasterxml\jackson\core\jackson-annotations\2.9.8\jackson-annotations-2.9.8.jar;D:\JAVA\apache-maven-3.6.1\RepMaven\org\springframework\data\spring-data-jpa\2.1.6.RELEASE\spring-data-jpa-2.1.6.RELEASE.jar;D:\JAVA\apache-maven-3.6.1\RepMaven\org\springframework\data\spring-data-commons\2.1.6.RELEASE\spring-data-commons-2.1.6.RELEASE.jar;D:\JAVA\apache-maven-3.6.1\RepMaven\org\springframework\spring-orm\5.1.6.RELEASE\spring-orm-5.1.6.RELEASE.jar;D:\JAVA\apache-maven-3.6.1\RepMaven\org\springframework\spring-jdbc\5.1.6.RELEASE\spring-jdbc-5.1.6.RELEASE.jar;D:\JAVA\apache-maven-3.6.1\RepMaven\org\springframework\spring-tx\5.1.6.RELEASE\spring-tx-5.1.6.RELEASE.jar;D:\JAVA\apache-maven-3.6.1\RepMaven\org\aspectj\aspectjrt\1.9.2\aspectjrt-1.9.2.jar;D:\JAVA\apache-maven-3.6.1\RepMaven\org\hibernate\hibernate-entitymanager\5.4.2.Final\hibernate-entitymanager-5.4.2.Final.jar;D:\JAVA\apache-maven-3.6.1\RepMaven\org\jboss\logging\jboss-logging\3.3.2.Final\jboss-logging-3.3.2.Final.jar;D:\JAVA\apache-maven-3.6.1\RepMaven\org\hibernate\hibernate-core\5.4.2.Final\hibernate-core-5.4.2.Final.jar;D:\JAVA\apache-maven-3.6.1\RepMaven\org\javassist\javassist\3.24.0-GA\javassist-3.24.0-GA.jar;D:\JAVA\apache-maven-3.6.1\RepMaven\antlr\antlr\2.7.7\antlr-2.7.7.jar;D:\JAVA\apache-maven-3.6.1\RepMaven\org\jboss\jandex\2.0.5.Final\jandex-2.0.5.Final.jar;D:\JAVA\apache-maven-3.6.1\RepMaven\com\fasterxml\classmate\1.3.4\classmate-1.3.4.jar;D:\JAVA\apache-maven-3.6.1\RepMaven\javax\activation\javax.activation-api\1.2.0\javax.activation-api-1.2.0.jar;D:\JAVA\apache-maven-3.6.1\RepMaven\javax\xml\bind\jaxb-api\2.3.1\jaxb-api-2.3.1.jar;D:\JAVA\apache-maven-3.6.1\RepMaven\org\glassfish\jaxb\jaxb-runtime\2.3.1\jaxb-runtime-2.3.1.jar;D:\JAVA\apache-maven-3.6.1\RepMaven\org\glassfish\jaxb\txw2\2.3.1\txw2-2.3.1.jar;D:\JAVA\apache-maven-3.6.1\RepMaven\com\sun\istack\istack-commons-runtime\3.0.7\istack-commons-runtime-3.0.7.jar;D:\JAVA\apache-maven-3.6.1\RepMaven\org\jvnet\staxex\stax-ex\1.8\stax-ex-1.8.jar;D:\JAVA\apache-maven-3.6.1\RepMaven\com\sun\xml\fastinfoset\FastInfoset\1.2.15\FastInfoset-1.2.15.jar;D:\JAVA\apache-maven-3.6.1\RepMaven\org\dom4j\dom4j\2.1.1\dom4j-2.1.1.jar;D:\JAVA\apache-maven-3.6.1\RepMaven\org\hibernate\common\hibernate-commons-annotations\5.1.0.Final\hibernate-commons-annotations-5.1.0.Final.jar;D:\JAVA\apache-maven-3.6.1\RepMaven\javax\persistence\javax.persistence-api\2.2\javax.persistence-api-2.2.jar;D:\JAVA\apache-maven-3.6.1\RepMaven\net\bytebuddy\byte-buddy\1.9.10\byte-buddy-1.9.10.jar;D:\JAVA\apache-maven-3.6.1\RepMaven\org\jboss\spec\javax\transaction\jboss-transaction-api_1.2_spec\1.1.1.Final\jboss-transaction-api_1.2_spec-1.1.1.Final.jar;D:\JAVA\apache-maven-3.6.1\RepMaven\org\apache\commons\commons-dbcp2\2.6.0\commons-dbcp2-2.6.0.jar;D:\JAVA\apache-maven-3.6.1\RepMaven\org\apache\commons\commons-pool2\2.6.1\commons-pool2-2.6.1.jar;D:\JAVA\apache-maven-3.6.1\RepMaven\commons-logging\commons-logging\1.2\commons-logging-1.2.jar;D:\JAVA\apache-maven-3.6.1\RepMaven\mysql\mysql-connector-java\8.0.15\mysql-connector-java-8.0.15.jar;D:\JAVA\apache-maven-3.6.1\RepMaven\com\google\protobuf\protobuf-java\3.6.1\protobuf-java-3.6.1.jar;D:\JAVA\apache-maven-3.6.1\RepMaven\org\apache\poi\poi\4.1.0\poi-4.1.0.jar;D:\JAVA\apache-maven-3.6.1\RepMaven\commons-codec\commons-codec\1.12\commons-codec-1.12.jar;D:\JAVA\apache-maven-3.6.1\RepMaven\org\apache\commons\commons-collections4\4.3\commons-collections4-4.3.jar;D:\JAVA\apache-maven-3.6.1\RepMaven\org\apache\commons\commons-math3\3.6.1\commons-math3-3.6.1.jar;D:\JAVA\apache-maven-3.6.1\RepMaven\org\apache\poi\poi-ooxml\4.1.0\poi-ooxml-4.1.0.jar;D:\JAVA\apache-maven-3.6.1\RepMaven\org\apache\poi\poi-ooxml-schemas\4.1.0\poi-ooxml-schemas-4.1.0.jar;D:\JAVA\apache-maven-3.6.1\RepMaven\org\apache\xmlbeans\xmlbeans\3.1.0\xmlbeans-3.1.0.jar;D:\JAVA\apache-maven-3.6.1\RepMaven\org\apache\commons\commons-compress\1.18\commons-compress-1.18.jar;D:\JAVA\apache-maven-3.6.1\RepMaven\com\github\virtuald\curvesapi\1.06\curvesapi-1.06.jar;D:\JAVA\apache-maven-3.6.1\RepMaven\org\springframework\spring-webmvc\5.1.5.RELEASE\spring-webmvc-5.1.5.RELEASE.jar;D:\JAVA\apache-maven-3.6.1\RepMaven\org\springframework\spring-aop\5.1.5.RELEASE\spring-aop-5.1.5.RELEASE.jar;D:\JAVA\apache-maven-3.6.1\RepMaven\org\springframework\spring-beans\5.1.5.RELEASE\spring-beans-5.1.5.RELEASE.jar;D:\JAVA\apache-maven-3.6.1\RepMaven\org\springframework\spring-context\5.1.5.RELEASE\spring-context-5.1.5.RELEASE.jar;D:\JAVA\apache-maven-3.6.1\RepMaven\org\springframework\spring-core\5.1.5.RELEASE\spring-core-5.1.5.RELEASE.jar;D:\JAVA\apache-maven-3.6.1\RepMaven\org\springframework\spring-jcl\5.1.5.RELEASE\spring-jcl-5.1.5.RELEASE.jar;D:\JAVA\apache-maven-3.6.1\RepMaven\org\springframework\spring-expression\5.1.5.RELEASE\spring-expression-5.1.5.RELEASE.jar;D:\JAVA\apache-maven-3.6.1\RepMaven\org\springframework\spring-web\5.1.5.RELEASE\spring-web-5.1.5.RELEASE.jar;D:\JAVA\apache-maven-3.6.1\RepMaven\org\apache\logging\log4j\log4j-api\2.11.0\log4j-api-2.11.0.jar;D:\JAVA\apache-maven-3.6.1\RepMaven\org\apache\logging\log4j\log4j-core\2.11.0\log4j-core-2.11.0.jar;D:\JAVA\apache-maven-3.6.1\RepMaven\org\apache\logging\log4j\log4j-slf4j-impl\2.11.2\log4j-slf4j-impl-2.11.2.jar;D:\JAVA\apache-maven-3.6.1\RepMaven\org\slf4j\slf4j-api\1.7.25\slf4j-api-1.7.25.jar;D:\JAVA\apache-maven-3.6.1\RepMaven\junit\junit\4.12\junit-4.12.jar;D:\JAVA\apache-maven-3.6.1\RepMaven\org\hamcrest\hamcrest-core\1.3\hamcrest-core-1.3.jar;D:\JAVA\apache-maven-3.6.1\RepMaven\org\springframework\spring-test\5.1.0.RELEASE\spring-test-5.1.0.RELEASE.jar;"/>
=======
    <property name="sun.boot.library.path" value="D:\Java\JDK\jre\bin"/>
<<<<<<< HEAD
    <property name="sun.java.command" value="C:\Users\ASUS\AppData\Local\Temp\surefire2111113146901623374\surefirebooter7952240027994228432.jar C:\Users\ASUS\AppData\Local\Temp\surefire2111113146901623374 2019-05-17T00-58-03_269-jvmRun1 surefire4479575371685167532tmp surefire_16959140263213284526tmp"/>
    <property name="surefire.test.class.path" value="D:\Java\IdeaProjects\OSALS\OSALS-serivce\target\test-classes;D:\Java\IdeaProjects\OSALS\OSALS-serivce\target\classes;D:\Java\IdeaProjects\OSALS\OSALS-dao\target\OSALS-dao-1.0-SNAPSHOT.jar;D:\Java\IdeaProjects\OSALS\OSALS-base\target\OSALS-base-1.0-SNAPSHOT.jar;D:\Java\repo\org\hibernate\javax\persistence\hibernate-jpa-2.1-api\1.0.2.Final\hibernate-jpa-2.1-api-1.0.2.Final.jar;D:\Java\repo\org\apache\commons\commons-lang3\3.8.1\commons-lang3-3.8.1.jar;D:\Java\repo\com\fasterxml\jackson\core\jackson-annotations\2.9.8\jackson-annotations-2.9.8.jar;D:\Java\repo\org\springframework\data\spring-data-jpa\2.1.6.RELEASE\spring-data-jpa-2.1.6.RELEASE.jar;D:\Java\repo\org\springframework\data\spring-data-commons\2.1.6.RELEASE\spring-data-commons-2.1.6.RELEASE.jar;D:\Java\repo\org\springframework\spring-orm\5.1.6.RELEASE\spring-orm-5.1.6.RELEASE.jar;D:\Java\repo\org\springframework\spring-jdbc\5.1.6.RELEASE\spring-jdbc-5.1.6.RELEASE.jar;D:\Java\repo\org\springframework\spring-tx\5.1.6.RELEASE\spring-tx-5.1.6.RELEASE.jar;D:\Java\repo\org\aspectj\aspectjrt\1.9.2\aspectjrt-1.9.2.jar;D:\Java\repo\org\hibernate\hibernate-entitymanager\5.4.2.Final\hibernate-entitymanager-5.4.2.Final.jar;D:\Java\repo\org\jboss\logging\jboss-logging\3.3.2.Final\jboss-logging-3.3.2.Final.jar;D:\Java\repo\org\hibernate\hibernate-core\5.4.2.Final\hibernate-core-5.4.2.Final.jar;D:\Java\repo\org\javassist\javassist\3.24.0-GA\javassist-3.24.0-GA.jar;D:\Java\repo\antlr\antlr\2.7.7\antlr-2.7.7.jar;D:\Java\repo\org\jboss\jandex\2.0.5.Final\jandex-2.0.5.Final.jar;D:\Java\repo\com\fasterxml\classmate\1.3.4\classmate-1.3.4.jar;D:\Java\repo\javax\activation\javax.activation-api\1.2.0\javax.activation-api-1.2.0.jar;D:\Java\repo\javax\xml\bind\jaxb-api\2.3.1\jaxb-api-2.3.1.jar;D:\Java\repo\org\glassfish\jaxb\jaxb-runtime\2.3.1\jaxb-runtime-2.3.1.jar;D:\Java\repo\org\glassfish\jaxb\txw2\2.3.1\txw2-2.3.1.jar;D:\Java\repo\com\sun\istack\istack-commons-runtime\3.0.7\istack-commons-runtime-3.0.7.jar;D:\Java\repo\org\jvnet\staxex\stax-ex\1.8\stax-ex-1.8.jar;D:\Java\repo\com\sun\xml\fastinfoset\FastInfoset\1.2.15\FastInfoset-1.2.15.jar;D:\Java\repo\org\dom4j\dom4j\2.1.1\dom4j-2.1.1.jar;D:\Java\repo\org\hibernate\common\hibernate-commons-annotations\5.1.0.Final\hibernate-commons-annotations-5.1.0.Final.jar;D:\Java\repo\javax\persistence\javax.persistence-api\2.2\javax.persistence-api-2.2.jar;D:\Java\repo\net\bytebuddy\byte-buddy\1.9.10\byte-buddy-1.9.10.jar;D:\Java\repo\org\jboss\spec\javax\transaction\jboss-transaction-api_1.2_spec\1.1.1.Final\jboss-transaction-api_1.2_spec-1.1.1.Final.jar;D:\Java\repo\org\apache\commons\commons-dbcp2\2.6.0\commons-dbcp2-2.6.0.jar;D:\Java\repo\org\apache\commons\commons-pool2\2.6.1\commons-pool2-2.6.1.jar;D:\Java\repo\commons-logging\commons-logging\1.2\commons-logging-1.2.jar;D:\Java\repo\mysql\mysql-connector-java\8.0.15\mysql-connector-java-8.0.15.jar;D:\Java\repo\com\google\protobuf\protobuf-java\3.6.1\protobuf-java-3.6.1.jar;D:\Java\repo\org\apache\poi\poi\4.1.0\poi-4.1.0.jar;D:\Java\repo\commons-codec\commons-codec\1.12\commons-codec-1.12.jar;D:\Java\repo\org\apache\commons\commons-collections4\4.3\commons-collections4-4.3.jar;D:\Java\repo\org\apache\commons\commons-math3\3.6.1\commons-math3-3.6.1.jar;D:\Java\repo\org\apache\poi\poi-ooxml\4.1.0\poi-ooxml-4.1.0.jar;D:\Java\repo\org\apache\poi\poi-ooxml-schemas\4.1.0\poi-ooxml-schemas-4.1.0.jar;D:\Java\repo\org\apache\xmlbeans\xmlbeans\3.1.0\xmlbeans-3.1.0.jar;D:\Java\repo\org\apache\commons\commons-compress\1.18\commons-compress-1.18.jar;D:\Java\repo\com\github\virtuald\curvesapi\1.06\curvesapi-1.06.jar;D:\Java\repo\org\springframework\spring-webmvc\5.1.5.RELEASE\spring-webmvc-5.1.5.RELEASE.jar;D:\Java\repo\org\springframework\spring-aop\5.1.5.RELEASE\spring-aop-5.1.5.RELEASE.jar;D:\Java\repo\org\springframework\spring-beans\5.1.5.RELEASE\spring-beans-5.1.5.RELEASE.jar;D:\Java\repo\org\springframework\spring-context\5.1.5.RELEASE\spring-context-5.1.5.RELEASE.jar;D:\Java\repo\org\springframework\spring-core\5.1.5.RELEASE\spring-core-5.1.5.RELEASE.jar;D:\Java\repo\org\springframework\spring-jcl\5.1.5.RELEASE\spring-jcl-5.1.5.RELEASE.jar;D:\Java\repo\org\springframework\spring-expression\5.1.5.RELEASE\spring-expression-5.1.5.RELEASE.jar;D:\Java\repo\org\springframework\spring-web\5.1.5.RELEASE\spring-web-5.1.5.RELEASE.jar;D:\Java\repo\org\apache\logging\log4j\log4j-api\2.11.0\log4j-api-2.11.0.jar;D:\Java\repo\org\apache\logging\log4j\log4j-core\2.11.0\log4j-core-2.11.0.jar;D:\Java\repo\org\apache\logging\log4j\log4j-slf4j-impl\2.11.2\log4j-slf4j-impl-2.11.2.jar;D:\Java\repo\org\slf4j\slf4j-api\1.7.25\slf4j-api-1.7.25.jar;D:\Java\repo\junit\junit\4.12\junit-4.12.jar;D:\Java\repo\org\hamcrest\hamcrest-core\1.3\hamcrest-core-1.3.jar;D:\Java\repo\org\springframework\spring-test\5.1.0.RELEASE\spring-test-5.1.0.RELEASE.jar;"/>
=======
    <property name="sun.java.command" value="C:\Users\ASUS\AppData\Local\Temp\surefire517830252814955220\surefirebooter4720431853092512587.jar C:\Users\ASUS\AppData\Local\Temp\surefire517830252814955220 2019-05-16T23-32-06_501-jvmRun1 surefire6332687464324548995tmp surefire_18038996308450792846tmp"/>
    <property name="surefire.test.class.path" value="D:\Java\OSALS\OSALS-serivce\target\test-classes;D:\Java\OSALS\OSALS-serivce\target\classes;D:\Java\OSALS\OSALS-dao\target\classes;D:\Java\OSALS\OSALS-base\target\classes;D:\Java\repo\org\hibernate\javax\persistence\hibernate-jpa-2.1-api\1.0.2.Final\hibernate-jpa-2.1-api-1.0.2.Final.jar;D:\Java\repo\org\apache\commons\commons-lang3\3.8.1\commons-lang3-3.8.1.jar;D:\Java\repo\com\fasterxml\jackson\core\jackson-annotations\2.9.8\jackson-annotations-2.9.8.jar;D:\Java\repo\org\springframework\data\spring-data-jpa\2.1.6.RELEASE\spring-data-jpa-2.1.6.RELEASE.jar;D:\Java\repo\org\springframework\data\spring-data-commons\2.1.6.RELEASE\spring-data-commons-2.1.6.RELEASE.jar;D:\Java\repo\org\springframework\spring-orm\5.1.6.RELEASE\spring-orm-5.1.6.RELEASE.jar;D:\Java\repo\org\springframework\spring-jdbc\5.1.6.RELEASE\spring-jdbc-5.1.6.RELEASE.jar;D:\Java\repo\org\springframework\spring-tx\5.1.6.RELEASE\spring-tx-5.1.6.RELEASE.jar;D:\Java\repo\org\aspectj\aspectjrt\1.9.2\aspectjrt-1.9.2.jar;D:\Java\repo\org\hibernate\hibernate-entitymanager\5.4.2.Final\hibernate-entitymanager-5.4.2.Final.jar;D:\Java\repo\org\jboss\logging\jboss-logging\3.3.2.Final\jboss-logging-3.3.2.Final.jar;D:\Java\repo\org\hibernate\hibernate-core\5.4.2.Final\hibernate-core-5.4.2.Final.jar;D:\Java\repo\org\javassist\javassist\3.24.0-GA\javassist-3.24.0-GA.jar;D:\Java\repo\antlr\antlr\2.7.7\antlr-2.7.7.jar;D:\Java\repo\org\jboss\jandex\2.0.5.Final\jandex-2.0.5.Final.jar;D:\Java\repo\com\fasterxml\classmate\1.3.4\classmate-1.3.4.jar;D:\Java\repo\javax\activation\javax.activation-api\1.2.0\javax.activation-api-1.2.0.jar;D:\Java\repo\javax\xml\bind\jaxb-api\2.3.1\jaxb-api-2.3.1.jar;D:\Java\repo\org\glassfish\jaxb\jaxb-runtime\2.3.1\jaxb-runtime-2.3.1.jar;D:\Java\repo\org\glassfish\jaxb\txw2\2.3.1\txw2-2.3.1.jar;D:\Java\repo\com\sun\istack\istack-commons-runtime\3.0.7\istack-commons-runtime-3.0.7.jar;D:\Java\repo\org\jvnet\staxex\stax-ex\1.8\stax-ex-1.8.jar;D:\Java\repo\com\sun\xml\fastinfoset\FastInfoset\1.2.15\FastInfoset-1.2.15.jar;D:\Java\repo\org\dom4j\dom4j\2.1.1\dom4j-2.1.1.jar;D:\Java\repo\org\hibernate\common\hibernate-commons-annotations\5.1.0.Final\hibernate-commons-annotations-5.1.0.Final.jar;D:\Java\repo\javax\persistence\javax.persistence-api\2.2\javax.persistence-api-2.2.jar;D:\Java\repo\net\bytebuddy\byte-buddy\1.9.10\byte-buddy-1.9.10.jar;D:\Java\repo\org\jboss\spec\javax\transaction\jboss-transaction-api_1.2_spec\1.1.1.Final\jboss-transaction-api_1.2_spec-1.1.1.Final.jar;D:\Java\repo\org\apache\commons\commons-dbcp2\2.6.0\commons-dbcp2-2.6.0.jar;D:\Java\repo\org\apache\commons\commons-pool2\2.6.1\commons-pool2-2.6.1.jar;D:\Java\repo\commons-logging\commons-logging\1.2\commons-logging-1.2.jar;D:\Java\repo\mysql\mysql-connector-java\8.0.15\mysql-connector-java-8.0.15.jar;D:\Java\repo\com\google\protobuf\protobuf-java\3.6.1\protobuf-java-3.6.1.jar;D:\Java\repo\org\apache\poi\poi\4.1.0\poi-4.1.0.jar;D:\Java\repo\commons-codec\commons-codec\1.12\commons-codec-1.12.jar;D:\Java\repo\org\apache\commons\commons-collections4\4.3\commons-collections4-4.3.jar;D:\Java\repo\org\apache\commons\commons-math3\3.6.1\commons-math3-3.6.1.jar;D:\Java\repo\org\apache\poi\poi-ooxml\4.1.0\poi-ooxml-4.1.0.jar;D:\Java\repo\org\apache\poi\poi-ooxml-schemas\4.1.0\poi-ooxml-schemas-4.1.0.jar;D:\Java\repo\org\apache\xmlbeans\xmlbeans\3.1.0\xmlbeans-3.1.0.jar;D:\Java\repo\org\apache\commons\commons-compress\1.18\commons-compress-1.18.jar;D:\Java\repo\com\github\virtuald\curvesapi\1.06\curvesapi-1.06.jar;D:\Java\repo\org\springframework\spring-webmvc\5.1.5.RELEASE\spring-webmvc-5.1.5.RELEASE.jar;D:\Java\repo\org\springframework\spring-aop\5.1.5.RELEASE\spring-aop-5.1.5.RELEASE.jar;D:\Java\repo\org\springframework\spring-beans\5.1.5.RELEASE\spring-beans-5.1.5.RELEASE.jar;D:\Java\repo\org\springframework\spring-context\5.1.5.RELEASE\spring-context-5.1.5.RELEASE.jar;D:\Java\repo\org\springframework\spring-core\5.1.5.RELEASE\spring-core-5.1.5.RELEASE.jar;D:\Java\repo\org\springframework\spring-jcl\5.1.5.RELEASE\spring-jcl-5.1.5.RELEASE.jar;D:\Java\repo\org\springframework\spring-expression\5.1.5.RELEASE\spring-expression-5.1.5.RELEASE.jar;D:\Java\repo\org\springframework\spring-web\5.1.5.RELEASE\spring-web-5.1.5.RELEASE.jar;D:\Java\repo\org\apache\logging\log4j\log4j-api\2.11.0\log4j-api-2.11.0.jar;D:\Java\repo\org\apache\logging\log4j\log4j-core\2.11.0\log4j-core-2.11.0.jar;D:\Java\repo\org\apache\logging\log4j\log4j-slf4j-impl\2.11.2\log4j-slf4j-impl-2.11.2.jar;D:\Java\repo\org\slf4j\slf4j-api\1.7.25\slf4j-api-1.7.25.jar;D:\Java\repo\junit\junit\4.12\junit-4.12.jar;D:\Java\repo\org\hamcrest\hamcrest-core\1.3\hamcrest-core-1.3.jar;D:\Java\repo\org\springframework\spring-test\5.1.0.RELEASE\spring-test-5.1.0.RELEASE.jar;"/>
>>>>>>> 983cde5d2cab54e3ed2e7e7bfedfde1ec36f9ce3
>>>>>>> 876af67951b4eb09775da6063dd4498068ee218a
    <property name="sun.cpu.endian" value="little"/>
    <property name="user.home" value="C:\Users\forever"/>
    <property name="user.language" value="zh"/>
    <property name="java.specification.vendor" value="Oracle Corporation"/>
<<<<<<< HEAD
    <property name="java.home" value="D:\JAVA\JDK\jre"/>
    <property name="basedir" value="D:\JAVA\仓库\OSALS\OSALS-serivce"/>
=======
    <property name="java.home" value="D:\Java\JDK\jre"/>
<<<<<<< HEAD
    <property name="basedir" value="D:\Java\IdeaProjects\OSALS\OSALS-serivce"/>
=======
    <property name="basedir" value="D:\Java\OSALS\OSALS-serivce"/>
>>>>>>> 983cde5d2cab54e3ed2e7e7bfedfde1ec36f9ce3
>>>>>>> 876af67951b4eb09775da6063dd4498068ee218a
    <property name="file.separator" value="\"/>
    <property name="line.separator" value="&#10;"/>
    <property name="java.vm.specification.vendor" value="Oracle Corporation"/>
    <property name="java.specification.name" value="Java Platform API Specification"/>
    <property name="java.awt.graphicsenv" value="sun.awt.Win32GraphicsEnvironment"/>
<<<<<<< HEAD
    <property name="surefire.real.class.path" value="C:\Users\ASUS\AppData\Local\Temp\surefire2111113146901623374\surefirebooter7952240027994228432.jar"/>
=======
<<<<<<< HEAD
    <property name="surefire.real.class.path" value="C:\Users\forever\AppData\Local\Temp\surefire922134157589883570\surefirebooter8279835634340030881.jar"/>
    <property name="sun.boot.class.path" value="D:\JAVA\JDK\jre\lib\resources.jar;D:\JAVA\JDK\jre\lib\rt.jar;D:\JAVA\JDK\jre\lib\sunrsasign.jar;D:\JAVA\JDK\jre\lib\jsse.jar;D:\JAVA\JDK\jre\lib\jce.jar;D:\JAVA\JDK\jre\lib\charsets.jar;D:\JAVA\JDK\jre\lib\jfr.jar;D:\JAVA\JDK\jre\classes"/>
=======
    <property name="surefire.real.class.path" value="C:\Users\ASUS\AppData\Local\Temp\surefire517830252814955220\surefirebooter4720431853092512587.jar"/>
>>>>>>> 876af67951b4eb09775da6063dd4498068ee218a
    <property name="sun.boot.class.path" value="D:\Java\JDK\jre\lib\resources.jar;D:\Java\JDK\jre\lib\rt.jar;D:\Java\JDK\jre\lib\sunrsasign.jar;D:\Java\JDK\jre\lib\jsse.jar;D:\Java\JDK\jre\lib\jce.jar;D:\Java\JDK\jre\lib\charsets.jar;D:\Java\JDK\jre\lib\jfr.jar;D:\Java\JDK\jre\classes"/>
>>>>>>> 983cde5d2cab54e3ed2e7e7bfedfde1ec36f9ce3
    <property name="user.script" value=""/>
    <property name="sun.management.compiler" value="HotSpot 64-Bit Tiered Compilers"/>
    <property name="java.runtime.version" value="1.8.0_91-b14"/>
    <property name="user.name" value="forever"/>
    <property name="path.separator" value=";"/>
    <property name="os.version" value="10.0"/>
    <property name="java.endorsed.dirs" value="D:\JAVA\JDK\jre\lib\endorsed"/>
    <property name="java.runtime.name" value="Java(TM) SE Runtime Environment"/>
    <property name="file.encoding" value="GBK"/>
    <property name="java.vm.name" value="Java HotSpot(TM) 64-Bit Server VM"/>
    <property name="localRepository" value="D:\JAVA\apache-maven-3.6.1\RepMaven"/>
    <property name="java.vendor.url.bug" value="http://bugreport.sun.com/bugreport/"/>
    <property name="java.io.tmpdir" value="C:\Users\forever\AppData\Local\Temp\"/>
    <property name="java.version" value="1.8.0_91"/>
<<<<<<< HEAD
    <property name="user.dir" value="D:\Java\IdeaProjects\OSALS\OSALS-serivce"/>
=======
<<<<<<< HEAD
    <property name="user.dir" value="D:\JAVA\仓库\OSALS\OSALS-serivce"/>
=======
    <property name="user.dir" value="D:\Java\OSALS\OSALS-serivce"/>
>>>>>>> 983cde5d2cab54e3ed2e7e7bfedfde1ec36f9ce3
>>>>>>> 876af67951b4eb09775da6063dd4498068ee218a
    <property name="os.arch" value="amd64"/>
    <property name="java.vm.specification.name" value="Java Virtual Machine Specification"/>
    <property name="java.awt.printerjob" value="sun.awt.windows.WPrinterJob"/>
    <property name="sun.os.patch.level" value=""/>
    <property name="java.library.path" value="D:\JAVA\JDK\jre\bin;C:\WINDOWS\Sun\Java\bin;C:\WINDOWS\system32;C:\WINDOWS;C:\ProgramData\Oracle\Java\javapath;D:\JAVA\apache-maven-3.5.4\bin;C:\Program Files\Intel\WiFi\bin\;C:\Program Files\Common Files\Intel\WirelessCommon\;C:\Program Files\MySQL\MySQL Server 5.5\bin;C:\Program Files (x86)\NVIDIA Corporation\PhysX\Common;D:\Program Files\MySQL\MySQL Server 5.5\bin;c:\windows\system32;D:\JAVA\apache-maven-3.5.4\bin;&quot;C:\WINDOWS\system32;C:\WINDOWS;C:\WINDOWS\System32\Wbem&quot;;D:\JAVA\JDK\bin;D:\JAVA\JDK\jre\bin;D:\Git\cmd;C:\Program Files\Microsoft SQL Server\Client SDK\ODBC\130\Tools\Binn\;C:\Program Files (x86)\Microsoft SQL Server\130\Tools\Binn\;C:\Program Files\Microsoft SQL Server\130\Tools\Binn\;C:\Program Files\Microsoft SQL Server\130\DTS\Binn\;C:\Program Files (x86)\Microsoft SQL Server\150\DTS\Binn\;C:\Users\forever\AppData\Local\Microsoft\WindowsApps;C:\Program Files\Intel\WiFi\bin\;C:\Program Files\Common Files\Intel\WirelessCommon\;D:\JAVA\apache-maven-3.6.1\bin;D:\JAVA\idea\IntelliJ IDEA 2018.3.4\bin;C:\Users\forever\AppData\Local\GitHubDesktop\bin;&quot;D:\JAVA\apache-tomcat-8.0.9\lib;D:\JAVA\apache-tomcat-8.0.9\bin&quot;;;."/>
    <property name="java.vm.info" value="mixed mode"/>
    <property name="java.vendor" value="Oracle Corporation"/>
    <property name="java.vm.version" value="25.91-b14"/>
    <property name="java.ext.dirs" value="D:\JAVA\JDK\jre\lib\ext;C:\WINDOWS\Sun\Java\lib\ext"/>
    <property name="sun.io.unicode.encoding" value="UnicodeLittle"/>
    <property name="java.class.version" value="52.0"/>
  </properties>
<<<<<<< HEAD
  <testcase name="testGetAll" classname="edu.zut.cs.software.OSALS.student.service.StudentManagerTest" time="1.556"/>
=======
<<<<<<< HEAD
  <testcase name="testGetAll" classname="edu.zut.cs.software.OSALS.student.service.StudentManagerTest" time="0.567">
    <failure message="expected:&lt;71&gt; but was:&lt;0&gt;" type="java.lang.AssertionError"><![CDATA[java.lang.AssertionError: expected:<71> but was:<0>
	at edu.zut.cs.software.OSALS.student.service.StudentManagerTest.testGetAll(StudentManagerTest.java:43)
]]></failure>
    <system-out><![CDATA[2019-05-16, 23:28:03.196 [main] INFO  edu.zut.cs.software.OSALS.student.service.StudentManagerTest - testGetAll() - List<Student> all=[]
]]></system-out>
    <system-err><![CDATA[java.io.FileNotFoundException: D:\JAVA\%E4%BB%93%E5%BA%93\OSALS\OSALS-serivce\target\test-classes\Software17_Student_JavaEE.xlsx (系统找不到指定的路径。)
	at java.io.FileInputStream.open0(Native Method)
	at java.io.FileInputStream.open(FileInputStream.java:195)
	at java.io.FileInputStream.<init>(FileInputStream.java:138)
	at java.io.FileInputStream.<init>(FileInputStream.java:93)
	at edu.zut.cs.software.OSALS.student.service.impl.StudentManagerImpl.getAll(StudentManagerImpl.java:68)
	at sun.reflect.NativeMethodAccessorImpl.invoke0(Native Method)
	at sun.reflect.NativeMethodAccessorImpl.invoke(NativeMethodAccessorImpl.java:62)
	at sun.reflect.DelegatingMethodAccessorImpl.invoke(DelegatingMethodAccessorImpl.java:43)
	at java.lang.reflect.Method.invoke(Method.java:498)
	at org.springframework.aop.support.AopUtils.invokeJoinpointUsingReflection(AopUtils.java:343)
	at org.springframework.aop.framework.ReflectiveMethodInvocation.invokeJoinpoint(ReflectiveMethodInvocation.java:198)
	at org.springframework.aop.framework.ReflectiveMethodInvocation.proceed(ReflectiveMethodInvocation.java:163)
	at org.springframework.transaction.interceptor.TransactionAspectSupport.invokeWithinTransaction(TransactionAspectSupport.java:294)
	at org.springframework.transaction.interceptor.TransactionInterceptor.invoke(TransactionInterceptor.java:98)
	at org.springframework.aop.framework.ReflectiveMethodInvocation.proceed(ReflectiveMethodInvocation.java:186)
	at org.springframework.aop.framework.JdkDynamicAopProxy.invoke(JdkDynamicAopProxy.java:212)
	at com.sun.proxy.$Proxy90.getAll(Unknown Source)
	at edu.zut.cs.software.OSALS.student.service.StudentManagerTest.testGetAll(StudentManagerTest.java:37)
	at sun.reflect.NativeMethodAccessorImpl.invoke0(Native Method)
	at sun.reflect.NativeMethodAccessorImpl.invoke(NativeMethodAccessorImpl.java:62)
	at sun.reflect.DelegatingMethodAccessorImpl.invoke(DelegatingMethodAccessorImpl.java:43)
	at java.lang.reflect.Method.invoke(Method.java:498)
	at org.junit.runners.model.FrameworkMethod$1.runReflectiveCall(FrameworkMethod.java:50)
	at org.junit.internal.runners.model.ReflectiveCallable.run(ReflectiveCallable.java:12)
	at org.junit.runners.model.FrameworkMethod.invokeExplosively(FrameworkMethod.java:47)
	at org.junit.internal.runners.statements.InvokeMethod.evaluate(InvokeMethod.java:17)
	at org.springframework.test.context.junit4.statements.RunBeforeTestExecutionCallbacks.evaluate(RunBeforeTestExecutionCallbacks.java:74)
	at org.springframework.test.context.junit4.statements.RunAfterTestExecutionCallbacks.evaluate(RunAfterTestExecutionCallbacks.java:84)
	at org.junit.internal.runners.statements.RunBefores.evaluate(RunBefores.java:26)
	at org.springframework.test.context.junit4.statements.RunBeforeTestMethodCallbacks.evaluate(RunBeforeTestMethodCallbacks.java:75)
	at org.springframework.test.context.junit4.statements.RunAfterTestMethodCallbacks.evaluate(RunAfterTestMethodCallbacks.java:86)
	at org.springframework.test.context.junit4.statements.SpringRepeat.evaluate(SpringRepeat.java:84)
	at org.junit.runners.ParentRunner.runLeaf(ParentRunner.java:325)
	at org.springframework.test.context.junit4.SpringJUnit4ClassRunner.runChild(SpringJUnit4ClassRunner.java:251)
	at org.springframework.test.context.junit4.SpringJUnit4ClassRunner.runChild(SpringJUnit4ClassRunner.java:97)
	at org.junit.runners.ParentRunner$3.run(ParentRunner.java:290)
	at org.junit.runners.ParentRunner$1.schedule(ParentRunner.java:71)
	at org.junit.runners.ParentRunner.runChildren(ParentRunner.java:288)
	at org.junit.runners.ParentRunner.access$000(ParentRunner.java:58)
	at org.junit.runners.ParentRunner$2.evaluate(ParentRunner.java:268)
	at org.springframework.test.context.junit4.statements.RunBeforeTestClassCallbacks.evaluate(RunBeforeTestClassCallbacks.java:61)
	at org.springframework.test.context.junit4.statements.RunAfterTestClassCallbacks.evaluate(RunAfterTestClassCallbacks.java:70)
	at org.junit.runners.ParentRunner.run(ParentRunner.java:363)
	at org.springframework.test.context.junit4.SpringJUnit4ClassRunner.run(SpringJUnit4ClassRunner.java:190)
	at org.apache.maven.surefire.junit4.JUnit4Provider.execute(JUnit4Provider.java:365)
	at org.apache.maven.surefire.junit4.JUnit4Provider.executeWithRerun(JUnit4Provider.java:273)
	at org.apache.maven.surefire.junit4.JUnit4Provider.executeTestSet(JUnit4Provider.java:238)
	at org.apache.maven.surefire.junit4.JUnit4Provider.invoke(JUnit4Provider.java:159)
	at org.apache.maven.surefire.booter.ForkedBooter.invokeProviderInSameClassLoader(ForkedBooter.java:379)
	at org.apache.maven.surefire.booter.ForkedBooter.runSuitesInProcess(ForkedBooter.java:340)
	at org.apache.maven.surefire.booter.ForkedBooter.execute(ForkedBooter.java:125)
	at org.apache.maven.surefire.booter.ForkedBooter.main(ForkedBooter.java:413)
]]></system-err>
  </testcase>
=======
  <testcase name="testGetAll" classname="edu.zut.cs.software.OSALS.student.service.StudentManagerTest" time="3.355"/>
>>>>>>> 983cde5d2cab54e3ed2e7e7bfedfde1ec36f9ce3
>>>>>>> 876af67951b4eb09775da6063dd4498068ee218a
  <testcase name="testCRUD" classname="edu.zut.cs.software.OSALS.student.service.StudentManagerTest" time="0"/>
</testsuite>