<?xml version="1.0" encoding="UTF-8"?>
<<<<<<< HEAD
<testsuite xmlns:xsi="http://www.w3.org/2001/XMLSchema-instance" xsi:noNamespaceSchemaLocation="https://maven.apache.org/surefire/maven-surefire-plugin/xsd/surefire-test-report.xsd" name="edu.zut.cs.software.OSALS.admin.dao.RoleDaoTest" time="5.713" tests="1" errors="0" skipped="0" failures="0">
=======
<<<<<<< HEAD
<testsuite xmlns:xsi="http://www.w3.org/2001/XMLSchema-instance" xsi:noNamespaceSchemaLocation="https://maven.apache.org/surefire/maven-surefire-plugin/xsd/surefire-test-report.xsd" name="edu.zut.cs.software.OSALS.admin.dao.RoleDaoTest" time="0.197" tests="1" errors="0" skipped="0" failures="0">
=======
<testsuite xmlns:xsi="http://www.w3.org/2001/XMLSchema-instance" xsi:noNamespaceSchemaLocation="https://maven.apache.org/surefire/maven-surefire-plugin/xsd/surefire-test-report.xsd" name="edu.zut.cs.software.OSALS.admin.dao.RoleDaoTest" time="0.557" tests="1" errors="0" skipped="0" failures="0">
>>>>>>> 6efe20cd57dbbef407502fdbcbf6047eb60a71be
>>>>>>> 5cc0bdf94aafa2b9b8176f35992754188ba1db4f
  <properties>
    <property name="sun.desktop" value="windows"/>
    <property name="awt.toolkit" value="sun.awt.windows.WToolkit"/>
    <property name="file.encoding.pkg" value="sun.io"/>
    <property name="java.specification.version" value="1.8"/>
    <property name="sun.cpu.isalist" value="amd64"/>
    <property name="sun.jnu.encoding" value="GBK"/>
<<<<<<< HEAD
    <property name="java.class.path" value="D:\JAVA\仓库\OSALS\OSALS-dao\target\test-classes;D:\JAVA\仓库\OSALS\OSALS-dao\target\classes;D:\JAVA\仓库\OSALS\OSALS-base\target\OSALS-base-1.0-SNAPSHOT.jar;D:\JAVA\apache-maven-3.6.1\RepMaven\org\hibernate\javax\persistence\hibernate-jpa-2.1-api\1.0.2.Final\hibernate-jpa-2.1-api-1.0.2.Final.jar;D:\JAVA\apache-maven-3.6.1\RepMaven\org\apache\commons\commons-lang3\3.8.1\commons-lang3-3.8.1.jar;D:\JAVA\apache-maven-3.6.1\RepMaven\com\fasterxml\jackson\core\jackson-annotations\2.9.8\jackson-annotations-2.9.8.jar;D:\JAVA\apache-maven-3.6.1\RepMaven\org\springframework\data\spring-data-jpa\2.1.6.RELEASE\spring-data-jpa-2.1.6.RELEASE.jar;D:\JAVA\apache-maven-3.6.1\RepMaven\org\springframework\data\spring-data-commons\2.1.6.RELEASE\spring-data-commons-2.1.6.RELEASE.jar;D:\JAVA\apache-maven-3.6.1\RepMaven\org\springframework\spring-orm\5.1.6.RELEASE\spring-orm-5.1.6.RELEASE.jar;D:\JAVA\apache-maven-3.6.1\RepMaven\org\springframework\spring-jdbc\5.1.6.RELEASE\spring-jdbc-5.1.6.RELEASE.jar;D:\JAVA\apache-maven-3.6.1\RepMaven\org\springframework\spring-tx\5.1.6.RELEASE\spring-tx-5.1.6.RELEASE.jar;D:\JAVA\apache-maven-3.6.1\RepMaven\org\aspectj\aspectjrt\1.9.2\aspectjrt-1.9.2.jar;D:\JAVA\apache-maven-3.6.1\RepMaven\org\apache\poi\poi\4.1.0\poi-4.1.0.jar;D:\JAVA\apache-maven-3.6.1\RepMaven\commons-codec\commons-codec\1.12\commons-codec-1.12.jar;D:\JAVA\apache-maven-3.6.1\RepMaven\org\apache\commons\commons-collections4\4.3\commons-collections4-4.3.jar;D:\JAVA\apache-maven-3.6.1\RepMaven\org\apache\commons\commons-math3\3.6.1\commons-math3-3.6.1.jar;D:\JAVA\apache-maven-3.6.1\RepMaven\org\apache\poi\poi-ooxml\4.1.0\poi-ooxml-4.1.0.jar;D:\JAVA\apache-maven-3.6.1\RepMaven\org\apache\poi\poi-ooxml-schemas\4.1.0\poi-ooxml-schemas-4.1.0.jar;D:\JAVA\apache-maven-3.6.1\RepMaven\org\apache\xmlbeans\xmlbeans\3.1.0\xmlbeans-3.1.0.jar;D:\JAVA\apache-maven-3.6.1\RepMaven\org\apache\commons\commons-compress\1.18\commons-compress-1.18.jar;D:\JAVA\apache-maven-3.6.1\RepMaven\com\github\virtuald\curvesapi\1.06\curvesapi-1.06.jar;D:\JAVA\apache-maven-3.6.1\RepMaven\org\hibernate\hibernate-entitymanager\5.4.2.Final\hibernate-entitymanager-5.4.2.Final.jar;D:\JAVA\apache-maven-3.6.1\RepMaven\org\jboss\logging\jboss-logging\3.3.2.Final\jboss-logging-3.3.2.Final.jar;D:\JAVA\apache-maven-3.6.1\RepMaven\org\hibernate\hibernate-core\5.4.2.Final\hibernate-core-5.4.2.Final.jar;D:\JAVA\apache-maven-3.6.1\RepMaven\org\javassist\javassist\3.24.0-GA\javassist-3.24.0-GA.jar;D:\JAVA\apache-maven-3.6.1\RepMaven\antlr\antlr\2.7.7\antlr-2.7.7.jar;D:\JAVA\apache-maven-3.6.1\RepMaven\org\jboss\jandex\2.0.5.Final\jandex-2.0.5.Final.jar;D:\JAVA\apache-maven-3.6.1\RepMaven\com\fasterxml\classmate\1.3.4\classmate-1.3.4.jar;D:\JAVA\apache-maven-3.6.1\RepMaven\javax\activation\javax.activation-api\1.2.0\javax.activation-api-1.2.0.jar;D:\JAVA\apache-maven-3.6.1\RepMaven\javax\xml\bind\jaxb-api\2.3.1\jaxb-api-2.3.1.jar;D:\JAVA\apache-maven-3.6.1\RepMaven\org\glassfish\jaxb\jaxb-runtime\2.3.1\jaxb-runtime-2.3.1.jar;D:\JAVA\apache-maven-3.6.1\RepMaven\org\glassfish\jaxb\txw2\2.3.1\txw2-2.3.1.jar;D:\JAVA\apache-maven-3.6.1\RepMaven\com\sun\istack\istack-commons-runtime\3.0.7\istack-commons-runtime-3.0.7.jar;D:\JAVA\apache-maven-3.6.1\RepMaven\org\jvnet\staxex\stax-ex\1.8\stax-ex-1.8.jar;D:\JAVA\apache-maven-3.6.1\RepMaven\com\sun\xml\fastinfoset\FastInfoset\1.2.15\FastInfoset-1.2.15.jar;D:\JAVA\apache-maven-3.6.1\RepMaven\org\dom4j\dom4j\2.1.1\dom4j-2.1.1.jar;D:\JAVA\apache-maven-3.6.1\RepMaven\org\hibernate\common\hibernate-commons-annotations\5.1.0.Final\hibernate-commons-annotations-5.1.0.Final.jar;D:\JAVA\apache-maven-3.6.1\RepMaven\javax\persistence\javax.persistence-api\2.2\javax.persistence-api-2.2.jar;D:\JAVA\apache-maven-3.6.1\RepMaven\net\bytebuddy\byte-buddy\1.9.10\byte-buddy-1.9.10.jar;D:\JAVA\apache-maven-3.6.1\RepMaven\org\jboss\spec\javax\transaction\jboss-transaction-api_1.2_spec\1.1.1.Final\jboss-transaction-api_1.2_spec-1.1.1.Final.jar;D:\JAVA\apache-maven-3.6.1\RepMaven\org\apache\commons\commons-dbcp2\2.6.0\commons-dbcp2-2.6.0.jar;D:\JAVA\apache-maven-3.6.1\RepMaven\org\apache\commons\commons-pool2\2.6.1\commons-pool2-2.6.1.jar;D:\JAVA\apache-maven-3.6.1\RepMaven\commons-logging\commons-logging\1.2\commons-logging-1.2.jar;D:\JAVA\apache-maven-3.6.1\RepMaven\mysql\mysql-connector-java\8.0.15\mysql-connector-java-8.0.15.jar;D:\JAVA\apache-maven-3.6.1\RepMaven\com\google\protobuf\protobuf-java\3.6.1\protobuf-java-3.6.1.jar;D:\JAVA\apache-maven-3.6.1\RepMaven\org\springframework\spring-webmvc\5.1.5.RELEASE\spring-webmvc-5.1.5.RELEASE.jar;D:\JAVA\apache-maven-3.6.1\RepMaven\org\springframework\spring-aop\5.1.5.RELEASE\spring-aop-5.1.5.RELEASE.jar;D:\JAVA\apache-maven-3.6.1\RepMaven\org\springframework\spring-beans\5.1.5.RELEASE\spring-beans-5.1.5.RELEASE.jar;D:\JAVA\apache-maven-3.6.1\RepMaven\org\springframework\spring-context\5.1.5.RELEASE\spring-context-5.1.5.RELEASE.jar;D:\JAVA\apache-maven-3.6.1\RepMaven\org\springframework\spring-core\5.1.5.RELEASE\spring-core-5.1.5.RELEASE.jar;D:\JAVA\apache-maven-3.6.1\RepMaven\org\springframework\spring-jcl\5.1.5.RELEASE\spring-jcl-5.1.5.RELEASE.jar;D:\JAVA\apache-maven-3.6.1\RepMaven\org\springframework\spring-expression\5.1.5.RELEASE\spring-expression-5.1.5.RELEASE.jar;D:\JAVA\apache-maven-3.6.1\RepMaven\org\springframework\spring-web\5.1.5.RELEASE\spring-web-5.1.5.RELEASE.jar;D:\JAVA\apache-maven-3.6.1\RepMaven\org\apache\logging\log4j\log4j-api\2.11.0\log4j-api-2.11.0.jar;D:\JAVA\apache-maven-3.6.1\RepMaven\org\apache\logging\log4j\log4j-core\2.11.0\log4j-core-2.11.0.jar;D:\JAVA\apache-maven-3.6.1\RepMaven\org\apache\logging\log4j\log4j-slf4j-impl\2.11.2\log4j-slf4j-impl-2.11.2.jar;D:\JAVA\apache-maven-3.6.1\RepMaven\org\slf4j\slf4j-api\1.7.25\slf4j-api-1.7.25.jar;D:\JAVA\apache-maven-3.6.1\RepMaven\junit\junit\4.12\junit-4.12.jar;D:\JAVA\apache-maven-3.6.1\RepMaven\org\hamcrest\hamcrest-core\1.3\hamcrest-core-1.3.jar;D:\JAVA\apache-maven-3.6.1\RepMaven\org\springframework\spring-test\5.1.0.RELEASE\spring-test-5.1.0.RELEASE.jar;"/>
=======
<<<<<<< HEAD
    <property name="java.class.path" value="D:\java\OSALS\OSALS-dao\target\test-classes;D:\java\OSALS\OSALS-dao\target\classes;D:\java\OSALS\OSALS-base\target\classes;C:\Users\15637\.m2\repository\org\hibernate\javax\persistence\hibernate-jpa-2.1-api\1.0.2.Final\hibernate-jpa-2.1-api-1.0.2.Final.jar;C:\Users\15637\.m2\repository\org\apache\commons\commons-lang3\3.8.1\commons-lang3-3.8.1.jar;C:\Users\15637\.m2\repository\com\fasterxml\jackson\core\jackson-annotations\2.9.8\jackson-annotations-2.9.8.jar;C:\Users\15637\.m2\repository\org\springframework\data\spring-data-jpa\2.1.6.RELEASE\spring-data-jpa-2.1.6.RELEASE.jar;C:\Users\15637\.m2\repository\org\springframework\data\spring-data-commons\2.1.6.RELEASE\spring-data-commons-2.1.6.RELEASE.jar;C:\Users\15637\.m2\repository\org\springframework\spring-orm\5.1.6.RELEASE\spring-orm-5.1.6.RELEASE.jar;C:\Users\15637\.m2\repository\org\springframework\spring-jdbc\5.1.6.RELEASE\spring-jdbc-5.1.6.RELEASE.jar;C:\Users\15637\.m2\repository\org\springframework\spring-tx\5.1.6.RELEASE\spring-tx-5.1.6.RELEASE.jar;C:\Users\15637\.m2\repository\org\aspectj\aspectjrt\1.9.2\aspectjrt-1.9.2.jar;C:\Users\15637\.m2\repository\org\apache\poi\poi\4.1.0\poi-4.1.0.jar;C:\Users\15637\.m2\repository\commons-codec\commons-codec\1.12\commons-codec-1.12.jar;C:\Users\15637\.m2\repository\org\apache\commons\commons-collections4\4.3\commons-collections4-4.3.jar;C:\Users\15637\.m2\repository\org\apache\commons\commons-math3\3.6.1\commons-math3-3.6.1.jar;C:\Users\15637\.m2\repository\org\apache\poi\poi-ooxml\4.1.0\poi-ooxml-4.1.0.jar;C:\Users\15637\.m2\repository\org\apache\poi\poi-ooxml-schemas\4.1.0\poi-ooxml-schemas-4.1.0.jar;C:\Users\15637\.m2\repository\org\apache\xmlbeans\xmlbeans\3.1.0\xmlbeans-3.1.0.jar;C:\Users\15637\.m2\repository\org\apache\commons\commons-compress\1.18\commons-compress-1.18.jar;C:\Users\15637\.m2\repository\com\github\virtuald\curvesapi\1.06\curvesapi-1.06.jar;C:\Users\15637\.m2\repository\org\hibernate\hibernate-entitymanager\5.4.2.Final\hibernate-entitymanager-5.4.2.Final.jar;C:\Users\15637\.m2\repository\org\jboss\logging\jboss-logging\3.3.2.Final\jboss-logging-3.3.2.Final.jar;C:\Users\15637\.m2\repository\org\hibernate\hibernate-core\5.4.2.Final\hibernate-core-5.4.2.Final.jar;C:\Users\15637\.m2\repository\org\javassist\javassist\3.24.0-GA\javassist-3.24.0-GA.jar;C:\Users\15637\.m2\repository\antlr\antlr\2.7.7\antlr-2.7.7.jar;C:\Users\15637\.m2\repository\org\jboss\jandex\2.0.5.Final\jandex-2.0.5.Final.jar;C:\Users\15637\.m2\repository\com\fasterxml\classmate\1.3.4\classmate-1.3.4.jar;C:\Users\15637\.m2\repository\javax\activation\javax.activation-api\1.2.0\javax.activation-api-1.2.0.jar;C:\Users\15637\.m2\repository\javax\xml\bind\jaxb-api\2.3.1\jaxb-api-2.3.1.jar;C:\Users\15637\.m2\repository\org\glassfish\jaxb\jaxb-runtime\2.3.1\jaxb-runtime-2.3.1.jar;C:\Users\15637\.m2\repository\org\glassfish\jaxb\txw2\2.3.1\txw2-2.3.1.jar;C:\Users\15637\.m2\repository\com\sun\istack\istack-commons-runtime\3.0.7\istack-commons-runtime-3.0.7.jar;C:\Users\15637\.m2\repository\org\jvnet\staxex\stax-ex\1.8\stax-ex-1.8.jar;C:\Users\15637\.m2\repository\com\sun\xml\fastinfoset\FastInfoset\1.2.15\FastInfoset-1.2.15.jar;C:\Users\15637\.m2\repository\org\dom4j\dom4j\2.1.1\dom4j-2.1.1.jar;C:\Users\15637\.m2\repository\org\hibernate\common\hibernate-commons-annotations\5.1.0.Final\hibernate-commons-annotations-5.1.0.Final.jar;C:\Users\15637\.m2\repository\javax\persistence\javax.persistence-api\2.2\javax.persistence-api-2.2.jar;C:\Users\15637\.m2\repository\net\bytebuddy\byte-buddy\1.9.10\byte-buddy-1.9.10.jar;C:\Users\15637\.m2\repository\org\jboss\spec\javax\transaction\jboss-transaction-api_1.2_spec\1.1.1.Final\jboss-transaction-api_1.2_spec-1.1.1.Final.jar;C:\Users\15637\.m2\repository\org\apache\commons\commons-dbcp2\2.6.0\commons-dbcp2-2.6.0.jar;C:\Users\15637\.m2\repository\org\apache\commons\commons-pool2\2.6.1\commons-pool2-2.6.1.jar;C:\Users\15637\.m2\repository\commons-logging\commons-logging\1.2\commons-logging-1.2.jar;C:\Users\15637\.m2\repository\mysql\mysql-connector-java\8.0.15\mysql-connector-java-8.0.15.jar;C:\Users\15637\.m2\repository\com\google\protobuf\protobuf-java\3.6.1\protobuf-java-3.6.1.jar;C:\Users\15637\.m2\repository\org\springframework\spring-webmvc\5.1.5.RELEASE\spring-webmvc-5.1.5.RELEASE.jar;C:\Users\15637\.m2\repository\org\springframework\spring-aop\5.1.5.RELEASE\spring-aop-5.1.5.RELEASE.jar;C:\Users\15637\.m2\repository\org\springframework\spring-beans\5.1.5.RELEASE\spring-beans-5.1.5.RELEASE.jar;C:\Users\15637\.m2\repository\org\springframework\spring-context\5.1.5.RELEASE\spring-context-5.1.5.RELEASE.jar;C:\Users\15637\.m2\repository\org\springframework\spring-core\5.1.5.RELEASE\spring-core-5.1.5.RELEASE.jar;C:\Users\15637\.m2\repository\org\springframework\spring-jcl\5.1.5.RELEASE\spring-jcl-5.1.5.RELEASE.jar;C:\Users\15637\.m2\repository\org\springframework\spring-expression\5.1.5.RELEASE\spring-expression-5.1.5.RELEASE.jar;C:\Users\15637\.m2\repository\org\springframework\spring-web\5.1.5.RELEASE\spring-web-5.1.5.RELEASE.jar;C:\Users\15637\.m2\repository\org\apache\logging\log4j\log4j-api\2.11.0\log4j-api-2.11.0.jar;C:\Users\15637\.m2\repository\org\apache\logging\log4j\log4j-core\2.11.0\log4j-core-2.11.0.jar;C:\Users\15637\.m2\repository\org\apache\logging\log4j\log4j-slf4j-impl\2.11.2\log4j-slf4j-impl-2.11.2.jar;C:\Users\15637\.m2\repository\org\slf4j\slf4j-api\1.7.25\slf4j-api-1.7.25.jar;C:\Users\15637\.m2\repository\junit\junit\4.12\junit-4.12.jar;C:\Users\15637\.m2\repository\org\hamcrest\hamcrest-core\1.3\hamcrest-core-1.3.jar;C:\Users\15637\.m2\repository\org\springframework\spring-test\5.1.0.RELEASE\spring-test-5.1.0.RELEASE.jar;"/>
=======
    <property name="java.class.path" value="D:\Java\IdeaProjects\OSALS\OSALS-dao\target\test-classes;D:\Java\IdeaProjects\OSALS\OSALS-dao\target\classes;D:\Java\IdeaProjects\OSALS\OSALS-base\target\classes;D:\Java\repo\org\hibernate\javax\persistence\hibernate-jpa-2.1-api\1.0.2.Final\hibernate-jpa-2.1-api-1.0.2.Final.jar;D:\Java\repo\org\apache\commons\commons-lang3\3.8.1\commons-lang3-3.8.1.jar;D:\Java\repo\com\fasterxml\jackson\core\jackson-annotations\2.9.8\jackson-annotations-2.9.8.jar;D:\Java\repo\org\springframework\data\spring-data-jpa\2.1.6.RELEASE\spring-data-jpa-2.1.6.RELEASE.jar;D:\Java\repo\org\springframework\data\spring-data-commons\2.1.6.RELEASE\spring-data-commons-2.1.6.RELEASE.jar;D:\Java\repo\org\springframework\spring-orm\5.1.6.RELEASE\spring-orm-5.1.6.RELEASE.jar;D:\Java\repo\org\springframework\spring-jdbc\5.1.6.RELEASE\spring-jdbc-5.1.6.RELEASE.jar;D:\Java\repo\org\springframework\spring-tx\5.1.6.RELEASE\spring-tx-5.1.6.RELEASE.jar;D:\Java\repo\org\aspectj\aspectjrt\1.9.2\aspectjrt-1.9.2.jar;D:\Java\repo\org\apache\poi\poi\4.1.0\poi-4.1.0.jar;D:\Java\repo\commons-codec\commons-codec\1.12\commons-codec-1.12.jar;D:\Java\repo\org\apache\commons\commons-collections4\4.3\commons-collections4-4.3.jar;D:\Java\repo\org\apache\commons\commons-math3\3.6.1\commons-math3-3.6.1.jar;D:\Java\repo\org\apache\poi\poi-ooxml\4.1.0\poi-ooxml-4.1.0.jar;D:\Java\repo\org\apache\poi\poi-ooxml-schemas\4.1.0\poi-ooxml-schemas-4.1.0.jar;D:\Java\repo\org\apache\xmlbeans\xmlbeans\3.1.0\xmlbeans-3.1.0.jar;D:\Java\repo\org\apache\commons\commons-compress\1.18\commons-compress-1.18.jar;D:\Java\repo\com\github\virtuald\curvesapi\1.06\curvesapi-1.06.jar;D:\Java\repo\org\hibernate\hibernate-entitymanager\5.4.2.Final\hibernate-entitymanager-5.4.2.Final.jar;D:\Java\repo\org\jboss\logging\jboss-logging\3.3.2.Final\jboss-logging-3.3.2.Final.jar;D:\Java\repo\org\hibernate\hibernate-core\5.4.2.Final\hibernate-core-5.4.2.Final.jar;D:\Java\repo\org\javassist\javassist\3.24.0-GA\javassist-3.24.0-GA.jar;D:\Java\repo\antlr\antlr\2.7.7\antlr-2.7.7.jar;D:\Java\repo\org\jboss\jandex\2.0.5.Final\jandex-2.0.5.Final.jar;D:\Java\repo\com\fasterxml\classmate\1.3.4\classmate-1.3.4.jar;D:\Java\repo\javax\activation\javax.activation-api\1.2.0\javax.activation-api-1.2.0.jar;D:\Java\repo\javax\xml\bind\jaxb-api\2.3.1\jaxb-api-2.3.1.jar;D:\Java\repo\org\glassfish\jaxb\jaxb-runtime\2.3.1\jaxb-runtime-2.3.1.jar;D:\Java\repo\org\glassfish\jaxb\txw2\2.3.1\txw2-2.3.1.jar;D:\Java\repo\com\sun\istack\istack-commons-runtime\3.0.7\istack-commons-runtime-3.0.7.jar;D:\Java\repo\org\jvnet\staxex\stax-ex\1.8\stax-ex-1.8.jar;D:\Java\repo\com\sun\xml\fastinfoset\FastInfoset\1.2.15\FastInfoset-1.2.15.jar;D:\Java\repo\org\dom4j\dom4j\2.1.1\dom4j-2.1.1.jar;D:\Java\repo\org\hibernate\common\hibernate-commons-annotations\5.1.0.Final\hibernate-commons-annotations-5.1.0.Final.jar;D:\Java\repo\javax\persistence\javax.persistence-api\2.2\javax.persistence-api-2.2.jar;D:\Java\repo\net\bytebuddy\byte-buddy\1.9.10\byte-buddy-1.9.10.jar;D:\Java\repo\org\jboss\spec\javax\transaction\jboss-transaction-api_1.2_spec\1.1.1.Final\jboss-transaction-api_1.2_spec-1.1.1.Final.jar;D:\Java\repo\org\apache\commons\commons-dbcp2\2.6.0\commons-dbcp2-2.6.0.jar;D:\Java\repo\org\apache\commons\commons-pool2\2.6.1\commons-pool2-2.6.1.jar;D:\Java\repo\commons-logging\commons-logging\1.2\commons-logging-1.2.jar;D:\Java\repo\mysql\mysql-connector-java\8.0.15\mysql-connector-java-8.0.15.jar;D:\Java\repo\com\google\protobuf\protobuf-java\3.6.1\protobuf-java-3.6.1.jar;D:\Java\repo\org\springframework\spring-webmvc\5.1.5.RELEASE\spring-webmvc-5.1.5.RELEASE.jar;D:\Java\repo\org\springframework\spring-aop\5.1.5.RELEASE\spring-aop-5.1.5.RELEASE.jar;D:\Java\repo\org\springframework\spring-beans\5.1.5.RELEASE\spring-beans-5.1.5.RELEASE.jar;D:\Java\repo\org\springframework\spring-context\5.1.5.RELEASE\spring-context-5.1.5.RELEASE.jar;D:\Java\repo\org\springframework\spring-core\5.1.5.RELEASE\spring-core-5.1.5.RELEASE.jar;D:\Java\repo\org\springframework\spring-jcl\5.1.5.RELEASE\spring-jcl-5.1.5.RELEASE.jar;D:\Java\repo\org\springframework\spring-expression\5.1.5.RELEASE\spring-expression-5.1.5.RELEASE.jar;D:\Java\repo\org\springframework\spring-web\5.1.5.RELEASE\spring-web-5.1.5.RELEASE.jar;D:\Java\repo\org\apache\logging\log4j\log4j-api\2.11.0\log4j-api-2.11.0.jar;D:\Java\repo\org\apache\logging\log4j\log4j-core\2.11.0\log4j-core-2.11.0.jar;D:\Java\repo\org\apache\logging\log4j\log4j-slf4j-impl\2.11.2\log4j-slf4j-impl-2.11.2.jar;D:\Java\repo\org\slf4j\slf4j-api\1.7.25\slf4j-api-1.7.25.jar;D:\Java\repo\junit\junit\4.12\junit-4.12.jar;D:\Java\repo\org\hamcrest\hamcrest-core\1.3\hamcrest-core-1.3.jar;D:\Java\repo\org\springframework\spring-test\5.1.0.RELEASE\spring-test-5.1.0.RELEASE.jar;"/>
>>>>>>> 6efe20cd57dbbef407502fdbcbf6047eb60a71be
>>>>>>> 5cc0bdf94aafa2b9b8176f35992754188ba1db4f
    <property name="java.vm.vendor" value="Oracle Corporation"/>
    <property name="sun.arch.data.model" value="64"/>
    <property name="user.variant" value=""/>
    <property name="java.vendor.url" value="http://java.oracle.com/"/>
    <property name="user.timezone" value=""/>
    <property name="java.vm.specification.version" value="1.8"/>
    <property name="os.name" value="Windows 10"/>
    <property name="user.country" value="CN"/>
    <property name="sun.java.launcher" value="SUN_STANDARD"/>
<<<<<<< HEAD
    <property name="sun.boot.library.path" value="D:\JAVA\JDK\jre\bin"/>
    <property name="sun.java.command" value="C:\Users\forever\AppData\Local\Temp\surefire3470020496925245110\surefirebooter4551925755013087387.jar C:\Users\forever\AppData\Local\Temp\surefire3470020496925245110 2019-05-17T07-57-00_217-jvmRun1 surefire9177792032791145356tmp surefire_0879857352785563330tmp"/>
    <property name="surefire.test.class.path" value="D:\JAVA\仓库\OSALS\OSALS-dao\target\test-classes;D:\JAVA\仓库\OSALS\OSALS-dao\target\classes;D:\JAVA\仓库\OSALS\OSALS-base\target\OSALS-base-1.0-SNAPSHOT.jar;D:\JAVA\apache-maven-3.6.1\RepMaven\org\hibernate\javax\persistence\hibernate-jpa-2.1-api\1.0.2.Final\hibernate-jpa-2.1-api-1.0.2.Final.jar;D:\JAVA\apache-maven-3.6.1\RepMaven\org\apache\commons\commons-lang3\3.8.1\commons-lang3-3.8.1.jar;D:\JAVA\apache-maven-3.6.1\RepMaven\com\fasterxml\jackson\core\jackson-annotations\2.9.8\jackson-annotations-2.9.8.jar;D:\JAVA\apache-maven-3.6.1\RepMaven\org\springframework\data\spring-data-jpa\2.1.6.RELEASE\spring-data-jpa-2.1.6.RELEASE.jar;D:\JAVA\apache-maven-3.6.1\RepMaven\org\springframework\data\spring-data-commons\2.1.6.RELEASE\spring-data-commons-2.1.6.RELEASE.jar;D:\JAVA\apache-maven-3.6.1\RepMaven\org\springframework\spring-orm\5.1.6.RELEASE\spring-orm-5.1.6.RELEASE.jar;D:\JAVA\apache-maven-3.6.1\RepMaven\org\springframework\spring-jdbc\5.1.6.RELEASE\spring-jdbc-5.1.6.RELEASE.jar;D:\JAVA\apache-maven-3.6.1\RepMaven\org\springframework\spring-tx\5.1.6.RELEASE\spring-tx-5.1.6.RELEASE.jar;D:\JAVA\apache-maven-3.6.1\RepMaven\org\aspectj\aspectjrt\1.9.2\aspectjrt-1.9.2.jar;D:\JAVA\apache-maven-3.6.1\RepMaven\org\apache\poi\poi\4.1.0\poi-4.1.0.jar;D:\JAVA\apache-maven-3.6.1\RepMaven\commons-codec\commons-codec\1.12\commons-codec-1.12.jar;D:\JAVA\apache-maven-3.6.1\RepMaven\org\apache\commons\commons-collections4\4.3\commons-collections4-4.3.jar;D:\JAVA\apache-maven-3.6.1\RepMaven\org\apache\commons\commons-math3\3.6.1\commons-math3-3.6.1.jar;D:\JAVA\apache-maven-3.6.1\RepMaven\org\apache\poi\poi-ooxml\4.1.0\poi-ooxml-4.1.0.jar;D:\JAVA\apache-maven-3.6.1\RepMaven\org\apache\poi\poi-ooxml-schemas\4.1.0\poi-ooxml-schemas-4.1.0.jar;D:\JAVA\apache-maven-3.6.1\RepMaven\org\apache\xmlbeans\xmlbeans\3.1.0\xmlbeans-3.1.0.jar;D:\JAVA\apache-maven-3.6.1\RepMaven\org\apache\commons\commons-compress\1.18\commons-compress-1.18.jar;D:\JAVA\apache-maven-3.6.1\RepMaven\com\github\virtuald\curvesapi\1.06\curvesapi-1.06.jar;D:\JAVA\apache-maven-3.6.1\RepMaven\org\hibernate\hibernate-entitymanager\5.4.2.Final\hibernate-entitymanager-5.4.2.Final.jar;D:\JAVA\apache-maven-3.6.1\RepMaven\org\jboss\logging\jboss-logging\3.3.2.Final\jboss-logging-3.3.2.Final.jar;D:\JAVA\apache-maven-3.6.1\RepMaven\org\hibernate\hibernate-core\5.4.2.Final\hibernate-core-5.4.2.Final.jar;D:\JAVA\apache-maven-3.6.1\RepMaven\org\javassist\javassist\3.24.0-GA\javassist-3.24.0-GA.jar;D:\JAVA\apache-maven-3.6.1\RepMaven\antlr\antlr\2.7.7\antlr-2.7.7.jar;D:\JAVA\apache-maven-3.6.1\RepMaven\org\jboss\jandex\2.0.5.Final\jandex-2.0.5.Final.jar;D:\JAVA\apache-maven-3.6.1\RepMaven\com\fasterxml\classmate\1.3.4\classmate-1.3.4.jar;D:\JAVA\apache-maven-3.6.1\RepMaven\javax\activation\javax.activation-api\1.2.0\javax.activation-api-1.2.0.jar;D:\JAVA\apache-maven-3.6.1\RepMaven\javax\xml\bind\jaxb-api\2.3.1\jaxb-api-2.3.1.jar;D:\JAVA\apache-maven-3.6.1\RepMaven\org\glassfish\jaxb\jaxb-runtime\2.3.1\jaxb-runtime-2.3.1.jar;D:\JAVA\apache-maven-3.6.1\RepMaven\org\glassfish\jaxb\txw2\2.3.1\txw2-2.3.1.jar;D:\JAVA\apache-maven-3.6.1\RepMaven\com\sun\istack\istack-commons-runtime\3.0.7\istack-commons-runtime-3.0.7.jar;D:\JAVA\apache-maven-3.6.1\RepMaven\org\jvnet\staxex\stax-ex\1.8\stax-ex-1.8.jar;D:\JAVA\apache-maven-3.6.1\RepMaven\com\sun\xml\fastinfoset\FastInfoset\1.2.15\FastInfoset-1.2.15.jar;D:\JAVA\apache-maven-3.6.1\RepMaven\org\dom4j\dom4j\2.1.1\dom4j-2.1.1.jar;D:\JAVA\apache-maven-3.6.1\RepMaven\org\hibernate\common\hibernate-commons-annotations\5.1.0.Final\hibernate-commons-annotations-5.1.0.Final.jar;D:\JAVA\apache-maven-3.6.1\RepMaven\javax\persistence\javax.persistence-api\2.2\javax.persistence-api-2.2.jar;D:\JAVA\apache-maven-3.6.1\RepMaven\net\bytebuddy\byte-buddy\1.9.10\byte-buddy-1.9.10.jar;D:\JAVA\apache-maven-3.6.1\RepMaven\org\jboss\spec\javax\transaction\jboss-transaction-api_1.2_spec\1.1.1.Final\jboss-transaction-api_1.2_spec-1.1.1.Final.jar;D:\JAVA\apache-maven-3.6.1\RepMaven\org\apache\commons\commons-dbcp2\2.6.0\commons-dbcp2-2.6.0.jar;D:\JAVA\apache-maven-3.6.1\RepMaven\org\apache\commons\commons-pool2\2.6.1\commons-pool2-2.6.1.jar;D:\JAVA\apache-maven-3.6.1\RepMaven\commons-logging\commons-logging\1.2\commons-logging-1.2.jar;D:\JAVA\apache-maven-3.6.1\RepMaven\mysql\mysql-connector-java\8.0.15\mysql-connector-java-8.0.15.jar;D:\JAVA\apache-maven-3.6.1\RepMaven\com\google\protobuf\protobuf-java\3.6.1\protobuf-java-3.6.1.jar;D:\JAVA\apache-maven-3.6.1\RepMaven\org\springframework\spring-webmvc\5.1.5.RELEASE\spring-webmvc-5.1.5.RELEASE.jar;D:\JAVA\apache-maven-3.6.1\RepMaven\org\springframework\spring-aop\5.1.5.RELEASE\spring-aop-5.1.5.RELEASE.jar;D:\JAVA\apache-maven-3.6.1\RepMaven\org\springframework\spring-beans\5.1.5.RELEASE\spring-beans-5.1.5.RELEASE.jar;D:\JAVA\apache-maven-3.6.1\RepMaven\org\springframework\spring-context\5.1.5.RELEASE\spring-context-5.1.5.RELEASE.jar;D:\JAVA\apache-maven-3.6.1\RepMaven\org\springframework\spring-core\5.1.5.RELEASE\spring-core-5.1.5.RELEASE.jar;D:\JAVA\apache-maven-3.6.1\RepMaven\org\springframework\spring-jcl\5.1.5.RELEASE\spring-jcl-5.1.5.RELEASE.jar;D:\JAVA\apache-maven-3.6.1\RepMaven\org\springframework\spring-expression\5.1.5.RELEASE\spring-expression-5.1.5.RELEASE.jar;D:\JAVA\apache-maven-3.6.1\RepMaven\org\springframework\spring-web\5.1.5.RELEASE\spring-web-5.1.5.RELEASE.jar;D:\JAVA\apache-maven-3.6.1\RepMaven\org\apache\logging\log4j\log4j-api\2.11.0\log4j-api-2.11.0.jar;D:\JAVA\apache-maven-3.6.1\RepMaven\org\apache\logging\log4j\log4j-core\2.11.0\log4j-core-2.11.0.jar;D:\JAVA\apache-maven-3.6.1\RepMaven\org\apache\logging\log4j\log4j-slf4j-impl\2.11.2\log4j-slf4j-impl-2.11.2.jar;D:\JAVA\apache-maven-3.6.1\RepMaven\org\slf4j\slf4j-api\1.7.25\slf4j-api-1.7.25.jar;D:\JAVA\apache-maven-3.6.1\RepMaven\junit\junit\4.12\junit-4.12.jar;D:\JAVA\apache-maven-3.6.1\RepMaven\org\hamcrest\hamcrest-core\1.3\hamcrest-core-1.3.jar;D:\JAVA\apache-maven-3.6.1\RepMaven\org\springframework\spring-test\5.1.0.RELEASE\spring-test-5.1.0.RELEASE.jar;"/>
=======
<<<<<<< HEAD
    <property name="sun.boot.library.path" value="D:\java\jdk1.8.0_201\jre\bin"/>
    <property name="sun.java.command" value="C:\Users\15637\AppData\Local\Temp\surefire333742431551587272\surefirebooter8095900728258067510.jar C:\Users\15637\AppData\Local\Temp\surefire333742431551587272 2019-05-16T23-45-36_426-jvmRun1 surefire8993090686760971056tmp surefire_03480845750479674428tmp"/>
    <property name="surefire.test.class.path" value="D:\java\OSALS\OSALS-dao\target\test-classes;D:\java\OSALS\OSALS-dao\target\classes;D:\java\OSALS\OSALS-base\target\classes;C:\Users\15637\.m2\repository\org\hibernate\javax\persistence\hibernate-jpa-2.1-api\1.0.2.Final\hibernate-jpa-2.1-api-1.0.2.Final.jar;C:\Users\15637\.m2\repository\org\apache\commons\commons-lang3\3.8.1\commons-lang3-3.8.1.jar;C:\Users\15637\.m2\repository\com\fasterxml\jackson\core\jackson-annotations\2.9.8\jackson-annotations-2.9.8.jar;C:\Users\15637\.m2\repository\org\springframework\data\spring-data-jpa\2.1.6.RELEASE\spring-data-jpa-2.1.6.RELEASE.jar;C:\Users\15637\.m2\repository\org\springframework\data\spring-data-commons\2.1.6.RELEASE\spring-data-commons-2.1.6.RELEASE.jar;C:\Users\15637\.m2\repository\org\springframework\spring-orm\5.1.6.RELEASE\spring-orm-5.1.6.RELEASE.jar;C:\Users\15637\.m2\repository\org\springframework\spring-jdbc\5.1.6.RELEASE\spring-jdbc-5.1.6.RELEASE.jar;C:\Users\15637\.m2\repository\org\springframework\spring-tx\5.1.6.RELEASE\spring-tx-5.1.6.RELEASE.jar;C:\Users\15637\.m2\repository\org\aspectj\aspectjrt\1.9.2\aspectjrt-1.9.2.jar;C:\Users\15637\.m2\repository\org\apache\poi\poi\4.1.0\poi-4.1.0.jar;C:\Users\15637\.m2\repository\commons-codec\commons-codec\1.12\commons-codec-1.12.jar;C:\Users\15637\.m2\repository\org\apache\commons\commons-collections4\4.3\commons-collections4-4.3.jar;C:\Users\15637\.m2\repository\org\apache\commons\commons-math3\3.6.1\commons-math3-3.6.1.jar;C:\Users\15637\.m2\repository\org\apache\poi\poi-ooxml\4.1.0\poi-ooxml-4.1.0.jar;C:\Users\15637\.m2\repository\org\apache\poi\poi-ooxml-schemas\4.1.0\poi-ooxml-schemas-4.1.0.jar;C:\Users\15637\.m2\repository\org\apache\xmlbeans\xmlbeans\3.1.0\xmlbeans-3.1.0.jar;C:\Users\15637\.m2\repository\org\apache\commons\commons-compress\1.18\commons-compress-1.18.jar;C:\Users\15637\.m2\repository\com\github\virtuald\curvesapi\1.06\curvesapi-1.06.jar;C:\Users\15637\.m2\repository\org\hibernate\hibernate-entitymanager\5.4.2.Final\hibernate-entitymanager-5.4.2.Final.jar;C:\Users\15637\.m2\repository\org\jboss\logging\jboss-logging\3.3.2.Final\jboss-logging-3.3.2.Final.jar;C:\Users\15637\.m2\repository\org\hibernate\hibernate-core\5.4.2.Final\hibernate-core-5.4.2.Final.jar;C:\Users\15637\.m2\repository\org\javassist\javassist\3.24.0-GA\javassist-3.24.0-GA.jar;C:\Users\15637\.m2\repository\antlr\antlr\2.7.7\antlr-2.7.7.jar;C:\Users\15637\.m2\repository\org\jboss\jandex\2.0.5.Final\jandex-2.0.5.Final.jar;C:\Users\15637\.m2\repository\com\fasterxml\classmate\1.3.4\classmate-1.3.4.jar;C:\Users\15637\.m2\repository\javax\activation\javax.activation-api\1.2.0\javax.activation-api-1.2.0.jar;C:\Users\15637\.m2\repository\javax\xml\bind\jaxb-api\2.3.1\jaxb-api-2.3.1.jar;C:\Users\15637\.m2\repository\org\glassfish\jaxb\jaxb-runtime\2.3.1\jaxb-runtime-2.3.1.jar;C:\Users\15637\.m2\repository\org\glassfish\jaxb\txw2\2.3.1\txw2-2.3.1.jar;C:\Users\15637\.m2\repository\com\sun\istack\istack-commons-runtime\3.0.7\istack-commons-runtime-3.0.7.jar;C:\Users\15637\.m2\repository\org\jvnet\staxex\stax-ex\1.8\stax-ex-1.8.jar;C:\Users\15637\.m2\repository\com\sun\xml\fastinfoset\FastInfoset\1.2.15\FastInfoset-1.2.15.jar;C:\Users\15637\.m2\repository\org\dom4j\dom4j\2.1.1\dom4j-2.1.1.jar;C:\Users\15637\.m2\repository\org\hibernate\common\hibernate-commons-annotations\5.1.0.Final\hibernate-commons-annotations-5.1.0.Final.jar;C:\Users\15637\.m2\repository\javax\persistence\javax.persistence-api\2.2\javax.persistence-api-2.2.jar;C:\Users\15637\.m2\repository\net\bytebuddy\byte-buddy\1.9.10\byte-buddy-1.9.10.jar;C:\Users\15637\.m2\repository\org\jboss\spec\javax\transaction\jboss-transaction-api_1.2_spec\1.1.1.Final\jboss-transaction-api_1.2_spec-1.1.1.Final.jar;C:\Users\15637\.m2\repository\org\apache\commons\commons-dbcp2\2.6.0\commons-dbcp2-2.6.0.jar;C:\Users\15637\.m2\repository\org\apache\commons\commons-pool2\2.6.1\commons-pool2-2.6.1.jar;C:\Users\15637\.m2\repository\commons-logging\commons-logging\1.2\commons-logging-1.2.jar;C:\Users\15637\.m2\repository\mysql\mysql-connector-java\8.0.15\mysql-connector-java-8.0.15.jar;C:\Users\15637\.m2\repository\com\google\protobuf\protobuf-java\3.6.1\protobuf-java-3.6.1.jar;C:\Users\15637\.m2\repository\org\springframework\spring-webmvc\5.1.5.RELEASE\spring-webmvc-5.1.5.RELEASE.jar;C:\Users\15637\.m2\repository\org\springframework\spring-aop\5.1.5.RELEASE\spring-aop-5.1.5.RELEASE.jar;C:\Users\15637\.m2\repository\org\springframework\spring-beans\5.1.5.RELEASE\spring-beans-5.1.5.RELEASE.jar;C:\Users\15637\.m2\repository\org\springframework\spring-context\5.1.5.RELEASE\spring-context-5.1.5.RELEASE.jar;C:\Users\15637\.m2\repository\org\springframework\spring-core\5.1.5.RELEASE\spring-core-5.1.5.RELEASE.jar;C:\Users\15637\.m2\repository\org\springframework\spring-jcl\5.1.5.RELEASE\spring-jcl-5.1.5.RELEASE.jar;C:\Users\15637\.m2\repository\org\springframework\spring-expression\5.1.5.RELEASE\spring-expression-5.1.5.RELEASE.jar;C:\Users\15637\.m2\repository\org\springframework\spring-web\5.1.5.RELEASE\spring-web-5.1.5.RELEASE.jar;C:\Users\15637\.m2\repository\org\apache\logging\log4j\log4j-api\2.11.0\log4j-api-2.11.0.jar;C:\Users\15637\.m2\repository\org\apache\logging\log4j\log4j-core\2.11.0\log4j-core-2.11.0.jar;C:\Users\15637\.m2\repository\org\apache\logging\log4j\log4j-slf4j-impl\2.11.2\log4j-slf4j-impl-2.11.2.jar;C:\Users\15637\.m2\repository\org\slf4j\slf4j-api\1.7.25\slf4j-api-1.7.25.jar;C:\Users\15637\.m2\repository\junit\junit\4.12\junit-4.12.jar;C:\Users\15637\.m2\repository\org\hamcrest\hamcrest-core\1.3\hamcrest-core-1.3.jar;C:\Users\15637\.m2\repository\org\springframework\spring-test\5.1.0.RELEASE\spring-test-5.1.0.RELEASE.jar;"/>
=======
    <property name="sun.boot.library.path" value="D:\Java\JDK\jre\bin"/>
    <property name="sun.java.command" value="C:\Users\ASUS\AppData\Local\Temp\surefire1650326094545739321\surefirebooter1612107334636961811.jar C:\Users\ASUS\AppData\Local\Temp\surefire1650326094545739321 2019-05-17T09-52-17_673-jvmRun1 surefire3517750382106251348tmp surefire_05795652147349373697tmp"/>
    <property name="surefire.test.class.path" value="D:\Java\IdeaProjects\OSALS\OSALS-dao\target\test-classes;D:\Java\IdeaProjects\OSALS\OSALS-dao\target\classes;D:\Java\IdeaProjects\OSALS\OSALS-base\target\classes;D:\Java\repo\org\hibernate\javax\persistence\hibernate-jpa-2.1-api\1.0.2.Final\hibernate-jpa-2.1-api-1.0.2.Final.jar;D:\Java\repo\org\apache\commons\commons-lang3\3.8.1\commons-lang3-3.8.1.jar;D:\Java\repo\com\fasterxml\jackson\core\jackson-annotations\2.9.8\jackson-annotations-2.9.8.jar;D:\Java\repo\org\springframework\data\spring-data-jpa\2.1.6.RELEASE\spring-data-jpa-2.1.6.RELEASE.jar;D:\Java\repo\org\springframework\data\spring-data-commons\2.1.6.RELEASE\spring-data-commons-2.1.6.RELEASE.jar;D:\Java\repo\org\springframework\spring-orm\5.1.6.RELEASE\spring-orm-5.1.6.RELEASE.jar;D:\Java\repo\org\springframework\spring-jdbc\5.1.6.RELEASE\spring-jdbc-5.1.6.RELEASE.jar;D:\Java\repo\org\springframework\spring-tx\5.1.6.RELEASE\spring-tx-5.1.6.RELEASE.jar;D:\Java\repo\org\aspectj\aspectjrt\1.9.2\aspectjrt-1.9.2.jar;D:\Java\repo\org\apache\poi\poi\4.1.0\poi-4.1.0.jar;D:\Java\repo\commons-codec\commons-codec\1.12\commons-codec-1.12.jar;D:\Java\repo\org\apache\commons\commons-collections4\4.3\commons-collections4-4.3.jar;D:\Java\repo\org\apache\commons\commons-math3\3.6.1\commons-math3-3.6.1.jar;D:\Java\repo\org\apache\poi\poi-ooxml\4.1.0\poi-ooxml-4.1.0.jar;D:\Java\repo\org\apache\poi\poi-ooxml-schemas\4.1.0\poi-ooxml-schemas-4.1.0.jar;D:\Java\repo\org\apache\xmlbeans\xmlbeans\3.1.0\xmlbeans-3.1.0.jar;D:\Java\repo\org\apache\commons\commons-compress\1.18\commons-compress-1.18.jar;D:\Java\repo\com\github\virtuald\curvesapi\1.06\curvesapi-1.06.jar;D:\Java\repo\org\hibernate\hibernate-entitymanager\5.4.2.Final\hibernate-entitymanager-5.4.2.Final.jar;D:\Java\repo\org\jboss\logging\jboss-logging\3.3.2.Final\jboss-logging-3.3.2.Final.jar;D:\Java\repo\org\hibernate\hibernate-core\5.4.2.Final\hibernate-core-5.4.2.Final.jar;D:\Java\repo\org\javassist\javassist\3.24.0-GA\javassist-3.24.0-GA.jar;D:\Java\repo\antlr\antlr\2.7.7\antlr-2.7.7.jar;D:\Java\repo\org\jboss\jandex\2.0.5.Final\jandex-2.0.5.Final.jar;D:\Java\repo\com\fasterxml\classmate\1.3.4\classmate-1.3.4.jar;D:\Java\repo\javax\activation\javax.activation-api\1.2.0\javax.activation-api-1.2.0.jar;D:\Java\repo\javax\xml\bind\jaxb-api\2.3.1\jaxb-api-2.3.1.jar;D:\Java\repo\org\glassfish\jaxb\jaxb-runtime\2.3.1\jaxb-runtime-2.3.1.jar;D:\Java\repo\org\glassfish\jaxb\txw2\2.3.1\txw2-2.3.1.jar;D:\Java\repo\com\sun\istack\istack-commons-runtime\3.0.7\istack-commons-runtime-3.0.7.jar;D:\Java\repo\org\jvnet\staxex\stax-ex\1.8\stax-ex-1.8.jar;D:\Java\repo\com\sun\xml\fastinfoset\FastInfoset\1.2.15\FastInfoset-1.2.15.jar;D:\Java\repo\org\dom4j\dom4j\2.1.1\dom4j-2.1.1.jar;D:\Java\repo\org\hibernate\common\hibernate-commons-annotations\5.1.0.Final\hibernate-commons-annotations-5.1.0.Final.jar;D:\Java\repo\javax\persistence\javax.persistence-api\2.2\javax.persistence-api-2.2.jar;D:\Java\repo\net\bytebuddy\byte-buddy\1.9.10\byte-buddy-1.9.10.jar;D:\Java\repo\org\jboss\spec\javax\transaction\jboss-transaction-api_1.2_spec\1.1.1.Final\jboss-transaction-api_1.2_spec-1.1.1.Final.jar;D:\Java\repo\org\apache\commons\commons-dbcp2\2.6.0\commons-dbcp2-2.6.0.jar;D:\Java\repo\org\apache\commons\commons-pool2\2.6.1\commons-pool2-2.6.1.jar;D:\Java\repo\commons-logging\commons-logging\1.2\commons-logging-1.2.jar;D:\Java\repo\mysql\mysql-connector-java\8.0.15\mysql-connector-java-8.0.15.jar;D:\Java\repo\com\google\protobuf\protobuf-java\3.6.1\protobuf-java-3.6.1.jar;D:\Java\repo\org\springframework\spring-webmvc\5.1.5.RELEASE\spring-webmvc-5.1.5.RELEASE.jar;D:\Java\repo\org\springframework\spring-aop\5.1.5.RELEASE\spring-aop-5.1.5.RELEASE.jar;D:\Java\repo\org\springframework\spring-beans\5.1.5.RELEASE\spring-beans-5.1.5.RELEASE.jar;D:\Java\repo\org\springframework\spring-context\5.1.5.RELEASE\spring-context-5.1.5.RELEASE.jar;D:\Java\repo\org\springframework\spring-core\5.1.5.RELEASE\spring-core-5.1.5.RELEASE.jar;D:\Java\repo\org\springframework\spring-jcl\5.1.5.RELEASE\spring-jcl-5.1.5.RELEASE.jar;D:\Java\repo\org\springframework\spring-expression\5.1.5.RELEASE\spring-expression-5.1.5.RELEASE.jar;D:\Java\repo\org\springframework\spring-web\5.1.5.RELEASE\spring-web-5.1.5.RELEASE.jar;D:\Java\repo\org\apache\logging\log4j\log4j-api\2.11.0\log4j-api-2.11.0.jar;D:\Java\repo\org\apache\logging\log4j\log4j-core\2.11.0\log4j-core-2.11.0.jar;D:\Java\repo\org\apache\logging\log4j\log4j-slf4j-impl\2.11.2\log4j-slf4j-impl-2.11.2.jar;D:\Java\repo\org\slf4j\slf4j-api\1.7.25\slf4j-api-1.7.25.jar;D:\Java\repo\junit\junit\4.12\junit-4.12.jar;D:\Java\repo\org\hamcrest\hamcrest-core\1.3\hamcrest-core-1.3.jar;D:\Java\repo\org\springframework\spring-test\5.1.0.RELEASE\spring-test-5.1.0.RELEASE.jar;"/>
>>>>>>> 6efe20cd57dbbef407502fdbcbf6047eb60a71be
>>>>>>> 5cc0bdf94aafa2b9b8176f35992754188ba1db4f
    <property name="sun.cpu.endian" value="little"/>
    <property name="user.home" value="C:\Users\15637"/>
    <property name="user.language" value="zh"/>
    <property name="java.specification.vendor" value="Oracle Corporation"/>
<<<<<<< HEAD
    <property name="java.home" value="D:\JAVA\JDK\jre"/>
    <property name="basedir" value="D:\JAVA\仓库\OSALS\OSALS-dao"/>
=======
<<<<<<< HEAD
    <property name="java.home" value="D:\java\jdk1.8.0_201\jre"/>
    <property name="basedir" value="D:\java\OSALS\OSALS-dao"/>
=======
    <property name="java.home" value="D:\Java\JDK\jre"/>
    <property name="basedir" value="D:\Java\IdeaProjects\OSALS\OSALS-dao"/>
>>>>>>> 6efe20cd57dbbef407502fdbcbf6047eb60a71be
>>>>>>> 5cc0bdf94aafa2b9b8176f35992754188ba1db4f
    <property name="file.separator" value="\"/>
    <property name="line.separator" value="&#10;"/>
    <property name="java.vm.specification.vendor" value="Oracle Corporation"/>
    <property name="java.specification.name" value="Java Platform API Specification"/>
    <property name="java.awt.graphicsenv" value="sun.awt.Win32GraphicsEnvironment"/>
<<<<<<< HEAD
    <property name="surefire.real.class.path" value="C:\Users\forever\AppData\Local\Temp\surefire3470020496925245110\surefirebooter4551925755013087387.jar"/>
    <property name="sun.boot.class.path" value="D:\JAVA\JDK\jre\lib\resources.jar;D:\JAVA\JDK\jre\lib\rt.jar;D:\JAVA\JDK\jre\lib\sunrsasign.jar;D:\JAVA\JDK\jre\lib\jsse.jar;D:\JAVA\JDK\jre\lib\jce.jar;D:\JAVA\JDK\jre\lib\charsets.jar;D:\JAVA\JDK\jre\lib\jfr.jar;D:\JAVA\JDK\jre\classes"/>
=======
<<<<<<< HEAD
    <property name="surefire.real.class.path" value="C:\Users\15637\AppData\Local\Temp\surefire333742431551587272\surefirebooter8095900728258067510.jar"/>
    <property name="sun.boot.class.path" value="D:\java\jdk1.8.0_201\jre\lib\resources.jar;D:\java\jdk1.8.0_201\jre\lib\rt.jar;D:\java\jdk1.8.0_201\jre\lib\sunrsasign.jar;D:\java\jdk1.8.0_201\jre\lib\jsse.jar;D:\java\jdk1.8.0_201\jre\lib\jce.jar;D:\java\jdk1.8.0_201\jre\lib\charsets.jar;D:\java\jdk1.8.0_201\jre\lib\jfr.jar;D:\java\jdk1.8.0_201\jre\classes"/>
=======
    <property name="surefire.real.class.path" value="C:\Users\ASUS\AppData\Local\Temp\surefire1650326094545739321\surefirebooter1612107334636961811.jar"/>
    <property name="sun.boot.class.path" value="D:\Java\JDK\jre\lib\resources.jar;D:\Java\JDK\jre\lib\rt.jar;D:\Java\JDK\jre\lib\sunrsasign.jar;D:\Java\JDK\jre\lib\jsse.jar;D:\Java\JDK\jre\lib\jce.jar;D:\Java\JDK\jre\lib\charsets.jar;D:\Java\JDK\jre\lib\jfr.jar;D:\Java\JDK\jre\classes"/>
>>>>>>> 6efe20cd57dbbef407502fdbcbf6047eb60a71be
>>>>>>> 5cc0bdf94aafa2b9b8176f35992754188ba1db4f
    <property name="user.script" value=""/>
    <property name="sun.management.compiler" value="HotSpot 64-Bit Tiered Compilers"/>
    <property name="java.runtime.version" value="1.8.0_201-b09"/>
    <property name="user.name" value="15637"/>
    <property name="path.separator" value=";"/>
    <property name="os.version" value="10.0"/>
<<<<<<< HEAD
    <property name="java.endorsed.dirs" value="D:\JAVA\JDK\jre\lib\endorsed"/>
=======
    <property name="java.endorsed.dirs" value="D:\java\jdk1.8.0_201\jre\lib\endorsed"/>
>>>>>>> 5cc0bdf94aafa2b9b8176f35992754188ba1db4f
    <property name="java.runtime.name" value="Java(TM) SE Runtime Environment"/>
    <property name="file.encoding" value="GBK"/>
    <property name="java.vm.name" value="Java HotSpot(TM) 64-Bit Server VM"/>
    <property name="localRepository" value="C:\Users\15637\.m2\repository"/>
    <property name="java.vendor.url.bug" value="http://bugreport.sun.com/bugreport/"/>
<<<<<<< HEAD
    <property name="java.io.tmpdir" value="C:\Users\forever\AppData\Local\Temp\"/>
    <property name="java.version" value="1.8.0_91"/>
    <property name="user.dir" value="D:\JAVA\仓库\OSALS\OSALS-dao"/>
=======
<<<<<<< HEAD
    <property name="java.io.tmpdir" value="C:\Users\15637\AppData\Local\Temp\"/>
    <property name="java.version" value="1.8.0_201"/>
    <property name="user.dir" value="D:\java\OSALS\OSALS-dao"/>
=======
    <property name="java.io.tmpdir" value="C:\Users\ASUS\AppData\Local\Temp\"/>
    <property name="java.version" value="1.8.0_91"/>
    <property name="user.dir" value="D:\Java\IdeaProjects\OSALS\OSALS-dao"/>
>>>>>>> 6efe20cd57dbbef407502fdbcbf6047eb60a71be
>>>>>>> 5cc0bdf94aafa2b9b8176f35992754188ba1db4f
    <property name="os.arch" value="amd64"/>
    <property name="java.vm.specification.name" value="Java Virtual Machine Specification"/>
    <property name="java.awt.printerjob" value="sun.awt.windows.WPrinterJob"/>
    <property name="sun.os.patch.level" value=""/>
<<<<<<< HEAD
    <property name="java.library.path" value="D:\JAVA\JDK\jre\bin;C:\WINDOWS\Sun\Java\bin;C:\WINDOWS\system32;C:\WINDOWS;C:\ProgramData\Oracle\Java\javapath;D:\JAVA\apache-maven-3.5.4\bin;C:\Program Files\Intel\WiFi\bin\;C:\Program Files\Common Files\Intel\WirelessCommon\;C:\Program Files\MySQL\MySQL Server 5.5\bin;C:\Program Files (x86)\NVIDIA Corporation\PhysX\Common;D:\Program Files\MySQL\MySQL Server 5.5\bin;c:\windows\system32;D:\JAVA\apache-maven-3.5.4\bin;&quot;C:\WINDOWS\system32;C:\WINDOWS;C:\WINDOWS\System32\Wbem&quot;;D:\JAVA\JDK\bin;D:\JAVA\JDK\jre\bin;D:\Git\cmd;C:\Program Files\Microsoft SQL Server\Client SDK\ODBC\130\Tools\Binn\;C:\Program Files (x86)\Microsoft SQL Server\130\Tools\Binn\;C:\Program Files\Microsoft SQL Server\130\Tools\Binn\;C:\Program Files\Microsoft SQL Server\130\DTS\Binn\;C:\Program Files (x86)\Microsoft SQL Server\150\DTS\Binn\;C:\Users\forever\AppData\Local\Microsoft\WindowsApps;C:\Program Files\Intel\WiFi\bin\;C:\Program Files\Common Files\Intel\WirelessCommon\;D:\JAVA\apache-maven-3.6.1\bin;D:\JAVA\idea\IntelliJ IDEA 2018.3.4\bin;C:\Users\forever\AppData\Local\GitHubDesktop\bin;&quot;D:\JAVA\apache-tomcat-8.0.9\lib;D:\JAVA\apache-tomcat-8.0.9\bin&quot;;;."/>
=======
    <property name="java.library.path" value="D:\java\jdk1.8.0_201\jre\bin;C:\Windows\Sun\Java\bin;C:\Windows\system32;C:\Windows;D:\java\jdk1.8.0_201\bin;C:\Windows\System32;C:\Program Files (x86)\MySQL\MySQL Server 5.5\bin;C:\Program Files\NVIDIA Corporation\NVIDIA NvDLISR;C:\Program Files\TortoiseGit\bin;C:\Program Files\Microsoft SQL Server\Client SDK\ODBC\130\Tools\Binn\;C:\Program Files (x86)\Microsoft SQL Server\140\Tools\Binn\;C:\Program Files\Microsoft SQL Server\140\Tools\Binn\;C:\Program Files\Microsoft SQL Server\140\DTS\Binn\;C:\Program Files (x86)\Microsoft SQL Server\Client SDK\ODBC\130\Tools\Binn\;C:\Program Files (x86)\Microsoft SQL Server\140\DTS\Binn\;C:\Program Files (x86)\Microsoft SQL Server\140\Tools\Binn\ManagementStudio\;C:\Users\15637\AppData\Local\Microsoft\WindowsApps;D:\java\IDEA3.4\IntelliJ IDEA 2018.3.4\bin;D:\java\apache-maven-3.6.0\bin;C:\Program Files (x86)\MySQL\MySQL Server 5.5\bin;C:\Users\15637\AppData\Local\GitHubDesktop\bin;."/>
>>>>>>> 5cc0bdf94aafa2b9b8176f35992754188ba1db4f
    <property name="java.vm.info" value="mixed mode"/>
    <property name="java.vendor" value="Oracle Corporation"/>
    <property name="java.vm.version" value="25.201-b09"/>
    <property name="java.ext.dirs" value="D:\java\jdk1.8.0_201\jre\lib\ext;C:\Windows\Sun\Java\lib\ext"/>
    <property name="sun.io.unicode.encoding" value="UnicodeLittle"/>
    <property name="java.class.version" value="52.0"/>
  </properties>
<<<<<<< HEAD
  <testcase name="test" classname="edu.zut.cs.software.OSALS.admin.dao.RoleDaoTest" time="0.317"/>
=======
<<<<<<< HEAD
  <testcase name="test" classname="edu.zut.cs.software.OSALS.admin.dao.RoleDaoTest" time="0.192"/>
=======
  <testcase name="test" classname="edu.zut.cs.software.OSALS.admin.dao.RoleDaoTest" time="0.552"/>
>>>>>>> 6efe20cd57dbbef407502fdbcbf6047eb60a71be
>>>>>>> 5cc0bdf94aafa2b9b8176f35992754188ba1db4f
</testsuite>