<?xml version="1.0" encoding="UTF-8"?>
<<<<<<< HEAD
<testsuite xmlns:xsi="http://www.w3.org/2001/XMLSchema-instance" xsi:noNamespaceSchemaLocation="https://maven.apache.org/surefire/maven-surefire-plugin/xsd/surefire-test-report.xsd" name="edu.zut.cs.software.OSALS.student.dao.StudentDaoTest" time="15.962" tests="1" errors="0" skipped="0" failures="0">
=======
<<<<<<< HEAD
<testsuite xmlns:xsi="http://www.w3.org/2001/XMLSchema-instance" xsi:noNamespaceSchemaLocation="https://maven.apache.org/surefire/maven-surefire-plugin/xsd/surefire-test-report.xsd" name="edu.zut.cs.software.OSALS.student.dao.StudentDaoTest" time="5.656" tests="1" errors="0" skipped="0" failures="0">
=======
<testsuite xmlns:xsi="http://www.w3.org/2001/XMLSchema-instance" xsi:noNamespaceSchemaLocation="https://maven.apache.org/surefire/maven-surefire-plugin/xsd/surefire-test-report.xsd" name="edu.zut.cs.software.OSALS.student.dao.StudentDaoTest" time="1.118" tests="1" errors="1" skipped="0" failures="0">
>>>>>>> 24fe0a085de6dce6c2ee2ed9910e7d4fee84b589
>>>>>>> 5af8b31b1ad6c39089c1995608547f8fb98c749e
  <properties>
    <property name="sun.desktop" value="windows"/>
    <property name="awt.toolkit" value="sun.awt.windows.WToolkit"/>
    <property name="file.encoding.pkg" value="sun.io"/>
    <property name="java.specification.version" value="1.8"/>
    <property name="sun.cpu.isalist" value="amd64"/>
    <property name="sun.jnu.encoding" value="GBK"/>
<<<<<<< HEAD
    <property name="java.class.path" value="D:\JAVA\仓库\OSALS\OSALS-dao\target\test-classes;D:\JAVA\仓库\OSALS\OSALS-dao\target\classes;D:\JAVA\仓库\OSALS\OSALS-base\target\OSALS-base-1.0-SNAPSHOT.jar;D:\JAVA\apache-maven-3.6.1\RepMaven\org\hibernate\javax\persistence\hibernate-jpa-2.1-api\1.0.2.Final\hibernate-jpa-2.1-api-1.0.2.Final.jar;D:\JAVA\apache-maven-3.6.1\RepMaven\org\apache\commons\commons-lang3\3.8.1\commons-lang3-3.8.1.jar;D:\JAVA\apache-maven-3.6.1\RepMaven\com\fasterxml\jackson\core\jackson-annotations\2.9.8\jackson-annotations-2.9.8.jar;D:\JAVA\apache-maven-3.6.1\RepMaven\org\springframework\data\spring-data-jpa\2.1.6.RELEASE\spring-data-jpa-2.1.6.RELEASE.jar;D:\JAVA\apache-maven-3.6.1\RepMaven\org\springframework\data\spring-data-commons\2.1.6.RELEASE\spring-data-commons-2.1.6.RELEASE.jar;D:\JAVA\apache-maven-3.6.1\RepMaven\org\springframework\spring-orm\5.1.6.RELEASE\spring-orm-5.1.6.RELEASE.jar;D:\JAVA\apache-maven-3.6.1\RepMaven\org\springframework\spring-jdbc\5.1.6.RELEASE\spring-jdbc-5.1.6.RELEASE.jar;D:\JAVA\apache-maven-3.6.1\RepMaven\org\springframework\spring-tx\5.1.6.RELEASE\spring-tx-5.1.6.RELEASE.jar;D:\JAVA\apache-maven-3.6.1\RepMaven\org\aspectj\aspectjrt\1.9.2\aspectjrt-1.9.2.jar;D:\JAVA\apache-maven-3.6.1\RepMaven\org\apache\poi\poi\4.1.0\poi-4.1.0.jar;D:\JAVA\apache-maven-3.6.1\RepMaven\commons-codec\commons-codec\1.12\commons-codec-1.12.jar;D:\JAVA\apache-maven-3.6.1\RepMaven\org\apache\commons\commons-collections4\4.3\commons-collections4-4.3.jar;D:\JAVA\apache-maven-3.6.1\RepMaven\org\apache\commons\commons-math3\3.6.1\commons-math3-3.6.1.jar;D:\JAVA\apache-maven-3.6.1\RepMaven\org\apache\poi\poi-ooxml\4.1.0\poi-ooxml-4.1.0.jar;D:\JAVA\apache-maven-3.6.1\RepMaven\org\apache\poi\poi-ooxml-schemas\4.1.0\poi-ooxml-schemas-4.1.0.jar;D:\JAVA\apache-maven-3.6.1\RepMaven\org\apache\xmlbeans\xmlbeans\3.1.0\xmlbeans-3.1.0.jar;D:\JAVA\apache-maven-3.6.1\RepMaven\org\apache\commons\commons-compress\1.18\commons-compress-1.18.jar;D:\JAVA\apache-maven-3.6.1\RepMaven\com\github\virtuald\curvesapi\1.06\curvesapi-1.06.jar;D:\JAVA\apache-maven-3.6.1\RepMaven\org\hibernate\hibernate-entitymanager\5.4.2.Final\hibernate-entitymanager-5.4.2.Final.jar;D:\JAVA\apache-maven-3.6.1\RepMaven\org\jboss\logging\jboss-logging\3.3.2.Final\jboss-logging-3.3.2.Final.jar;D:\JAVA\apache-maven-3.6.1\RepMaven\org\hibernate\hibernate-core\5.4.2.Final\hibernate-core-5.4.2.Final.jar;D:\JAVA\apache-maven-3.6.1\RepMaven\org\javassist\javassist\3.24.0-GA\javassist-3.24.0-GA.jar;D:\JAVA\apache-maven-3.6.1\RepMaven\antlr\antlr\2.7.7\antlr-2.7.7.jar;D:\JAVA\apache-maven-3.6.1\RepMaven\org\jboss\jandex\2.0.5.Final\jandex-2.0.5.Final.jar;D:\JAVA\apache-maven-3.6.1\RepMaven\com\fasterxml\classmate\1.3.4\classmate-1.3.4.jar;D:\JAVA\apache-maven-3.6.1\RepMaven\javax\activation\javax.activation-api\1.2.0\javax.activation-api-1.2.0.jar;D:\JAVA\apache-maven-3.6.1\RepMaven\javax\xml\bind\jaxb-api\2.3.1\jaxb-api-2.3.1.jar;D:\JAVA\apache-maven-3.6.1\RepMaven\org\glassfish\jaxb\jaxb-runtime\2.3.1\jaxb-runtime-2.3.1.jar;D:\JAVA\apache-maven-3.6.1\RepMaven\org\glassfish\jaxb\txw2\2.3.1\txw2-2.3.1.jar;D:\JAVA\apache-maven-3.6.1\RepMaven\com\sun\istack\istack-commons-runtime\3.0.7\istack-commons-runtime-3.0.7.jar;D:\JAVA\apache-maven-3.6.1\RepMaven\org\jvnet\staxex\stax-ex\1.8\stax-ex-1.8.jar;D:\JAVA\apache-maven-3.6.1\RepMaven\com\sun\xml\fastinfoset\FastInfoset\1.2.15\FastInfoset-1.2.15.jar;D:\JAVA\apache-maven-3.6.1\RepMaven\org\dom4j\dom4j\2.1.1\dom4j-2.1.1.jar;D:\JAVA\apache-maven-3.6.1\RepMaven\org\hibernate\common\hibernate-commons-annotations\5.1.0.Final\hibernate-commons-annotations-5.1.0.Final.jar;D:\JAVA\apache-maven-3.6.1\RepMaven\javax\persistence\javax.persistence-api\2.2\javax.persistence-api-2.2.jar;D:\JAVA\apache-maven-3.6.1\RepMaven\net\bytebuddy\byte-buddy\1.9.10\byte-buddy-1.9.10.jar;D:\JAVA\apache-maven-3.6.1\RepMaven\org\jboss\spec\javax\transaction\jboss-transaction-api_1.2_spec\1.1.1.Final\jboss-transaction-api_1.2_spec-1.1.1.Final.jar;D:\JAVA\apache-maven-3.6.1\RepMaven\org\apache\commons\commons-dbcp2\2.6.0\commons-dbcp2-2.6.0.jar;D:\JAVA\apache-maven-3.6.1\RepMaven\org\apache\commons\commons-pool2\2.6.1\commons-pool2-2.6.1.jar;D:\JAVA\apache-maven-3.6.1\RepMaven\commons-logging\commons-logging\1.2\commons-logging-1.2.jar;D:\JAVA\apache-maven-3.6.1\RepMaven\mysql\mysql-connector-java\8.0.15\mysql-connector-java-8.0.15.jar;D:\JAVA\apache-maven-3.6.1\RepMaven\com\google\protobuf\protobuf-java\3.6.1\protobuf-java-3.6.1.jar;D:\JAVA\apache-maven-3.6.1\RepMaven\org\springframework\spring-webmvc\5.1.5.RELEASE\spring-webmvc-5.1.5.RELEASE.jar;D:\JAVA\apache-maven-3.6.1\RepMaven\org\springframework\spring-aop\5.1.5.RELEASE\spring-aop-5.1.5.RELEASE.jar;D:\JAVA\apache-maven-3.6.1\RepMaven\org\springframework\spring-beans\5.1.5.RELEASE\spring-beans-5.1.5.RELEASE.jar;D:\JAVA\apache-maven-3.6.1\RepMaven\org\springframework\spring-context\5.1.5.RELEASE\spring-context-5.1.5.RELEASE.jar;D:\JAVA\apache-maven-3.6.1\RepMaven\org\springframework\spring-core\5.1.5.RELEASE\spring-core-5.1.5.RELEASE.jar;D:\JAVA\apache-maven-3.6.1\RepMaven\org\springframework\spring-jcl\5.1.5.RELEASE\spring-jcl-5.1.5.RELEASE.jar;D:\JAVA\apache-maven-3.6.1\RepMaven\org\springframework\spring-expression\5.1.5.RELEASE\spring-expression-5.1.5.RELEASE.jar;D:\JAVA\apache-maven-3.6.1\RepMaven\org\springframework\spring-web\5.1.5.RELEASE\spring-web-5.1.5.RELEASE.jar;D:\JAVA\apache-maven-3.6.1\RepMaven\org\apache\logging\log4j\log4j-api\2.11.0\log4j-api-2.11.0.jar;D:\JAVA\apache-maven-3.6.1\RepMaven\org\apache\logging\log4j\log4j-core\2.11.0\log4j-core-2.11.0.jar;D:\JAVA\apache-maven-3.6.1\RepMaven\org\apache\logging\log4j\log4j-slf4j-impl\2.11.2\log4j-slf4j-impl-2.11.2.jar;D:\JAVA\apache-maven-3.6.1\RepMaven\org\slf4j\slf4j-api\1.7.25\slf4j-api-1.7.25.jar;D:\JAVA\apache-maven-3.6.1\RepMaven\junit\junit\4.12\junit-4.12.jar;D:\JAVA\apache-maven-3.6.1\RepMaven\org\hamcrest\hamcrest-core\1.3\hamcrest-core-1.3.jar;D:\JAVA\apache-maven-3.6.1\RepMaven\org\springframework\spring-test\5.1.0.RELEASE\spring-test-5.1.0.RELEASE.jar;"/>
=======
<<<<<<< HEAD
    <property name="java.class.path" value="D:\Java\OSALS\OSALS-dao\target\test-classes;D:\Java\OSALS\OSALS-dao\target\classes;D:\Java\OSALS\OSALS-base\target\OSALS-base-1.0-SNAPSHOT.jar;C:\Users\LBW\.m2\repository\org\hibernate\javax\persistence\hibernate-jpa-2.1-api\1.0.2.Final\hibernate-jpa-2.1-api-1.0.2.Final.jar;C:\Users\LBW\.m2\repository\org\apache\commons\commons-lang3\3.8.1\commons-lang3-3.8.1.jar;C:\Users\LBW\.m2\repository\com\fasterxml\jackson\core\jackson-annotations\2.9.8\jackson-annotations-2.9.8.jar;C:\Users\LBW\.m2\repository\org\springframework\data\spring-data-jpa\2.1.6.RELEASE\spring-data-jpa-2.1.6.RELEASE.jar;C:\Users\LBW\.m2\repository\org\springframework\data\spring-data-commons\2.1.6.RELEASE\spring-data-commons-2.1.6.RELEASE.jar;C:\Users\LBW\.m2\repository\org\springframework\spring-orm\5.1.6.RELEASE\spring-orm-5.1.6.RELEASE.jar;C:\Users\LBW\.m2\repository\org\springframework\spring-jdbc\5.1.6.RELEASE\spring-jdbc-5.1.6.RELEASE.jar;C:\Users\LBW\.m2\repository\org\springframework\spring-tx\5.1.6.RELEASE\spring-tx-5.1.6.RELEASE.jar;C:\Users\LBW\.m2\repository\org\aspectj\aspectjrt\1.9.2\aspectjrt-1.9.2.jar;C:\Users\LBW\.m2\repository\org\apache\poi\poi\4.1.0\poi-4.1.0.jar;C:\Users\LBW\.m2\repository\commons-codec\commons-codec\1.12\commons-codec-1.12.jar;C:\Users\LBW\.m2\repository\org\apache\commons\commons-collections4\4.3\commons-collections4-4.3.jar;C:\Users\LBW\.m2\repository\org\apache\commons\commons-math3\3.6.1\commons-math3-3.6.1.jar;C:\Users\LBW\.m2\repository\org\apache\poi\poi-ooxml\4.1.0\poi-ooxml-4.1.0.jar;C:\Users\LBW\.m2\repository\org\apache\poi\poi-ooxml-schemas\4.1.0\poi-ooxml-schemas-4.1.0.jar;C:\Users\LBW\.m2\repository\org\apache\xmlbeans\xmlbeans\3.1.0\xmlbeans-3.1.0.jar;C:\Users\LBW\.m2\repository\org\apache\commons\commons-compress\1.18\commons-compress-1.18.jar;C:\Users\LBW\.m2\repository\com\github\virtuald\curvesapi\1.06\curvesapi-1.06.jar;C:\Users\LBW\.m2\repository\org\hibernate\hibernate-entitymanager\5.4.2.Final\hibernate-entitymanager-5.4.2.Final.jar;C:\Users\LBW\.m2\repository\org\jboss\logging\jboss-logging\3.3.2.Final\jboss-logging-3.3.2.Final.jar;C:\Users\LBW\.m2\repository\org\hibernate\hibernate-core\5.4.2.Final\hibernate-core-5.4.2.Final.jar;C:\Users\LBW\.m2\repository\org\javassist\javassist\3.24.0-GA\javassist-3.24.0-GA.jar;C:\Users\LBW\.m2\repository\antlr\antlr\2.7.7\antlr-2.7.7.jar;C:\Users\LBW\.m2\repository\org\jboss\jandex\2.0.5.Final\jandex-2.0.5.Final.jar;C:\Users\LBW\.m2\repository\com\fasterxml\classmate\1.3.4\classmate-1.3.4.jar;C:\Users\LBW\.m2\repository\javax\activation\javax.activation-api\1.2.0\javax.activation-api-1.2.0.jar;C:\Users\LBW\.m2\repository\javax\xml\bind\jaxb-api\2.3.1\jaxb-api-2.3.1.jar;C:\Users\LBW\.m2\repository\org\glassfish\jaxb\jaxb-runtime\2.3.1\jaxb-runtime-2.3.1.jar;C:\Users\LBW\.m2\repository\org\glassfish\jaxb\txw2\2.3.1\txw2-2.3.1.jar;C:\Users\LBW\.m2\repository\com\sun\istack\istack-commons-runtime\3.0.7\istack-commons-runtime-3.0.7.jar;C:\Users\LBW\.m2\repository\org\jvnet\staxex\stax-ex\1.8\stax-ex-1.8.jar;C:\Users\LBW\.m2\repository\com\sun\xml\fastinfoset\FastInfoset\1.2.15\FastInfoset-1.2.15.jar;C:\Users\LBW\.m2\repository\org\dom4j\dom4j\2.1.1\dom4j-2.1.1.jar;C:\Users\LBW\.m2\repository\org\hibernate\common\hibernate-commons-annotations\5.1.0.Final\hibernate-commons-annotations-5.1.0.Final.jar;C:\Users\LBW\.m2\repository\javax\persistence\javax.persistence-api\2.2\javax.persistence-api-2.2.jar;C:\Users\LBW\.m2\repository\net\bytebuddy\byte-buddy\1.9.10\byte-buddy-1.9.10.jar;C:\Users\LBW\.m2\repository\org\jboss\spec\javax\transaction\jboss-transaction-api_1.2_spec\1.1.1.Final\jboss-transaction-api_1.2_spec-1.1.1.Final.jar;C:\Users\LBW\.m2\repository\org\apache\commons\commons-dbcp2\2.6.0\commons-dbcp2-2.6.0.jar;C:\Users\LBW\.m2\repository\org\apache\commons\commons-pool2\2.6.1\commons-pool2-2.6.1.jar;C:\Users\LBW\.m2\repository\commons-logging\commons-logging\1.2\commons-logging-1.2.jar;C:\Users\LBW\.m2\repository\mysql\mysql-connector-java\8.0.15\mysql-connector-java-8.0.15.jar;C:\Users\LBW\.m2\repository\com\google\protobuf\protobuf-java\3.6.1\protobuf-java-3.6.1.jar;C:\Users\LBW\.m2\repository\org\springframework\spring-webmvc\5.1.5.RELEASE\spring-webmvc-5.1.5.RELEASE.jar;C:\Users\LBW\.m2\repository\org\springframework\spring-aop\5.1.5.RELEASE\spring-aop-5.1.5.RELEASE.jar;C:\Users\LBW\.m2\repository\org\springframework\spring-beans\5.1.5.RELEASE\spring-beans-5.1.5.RELEASE.jar;C:\Users\LBW\.m2\repository\org\springframework\spring-context\5.1.5.RELEASE\spring-context-5.1.5.RELEASE.jar;C:\Users\LBW\.m2\repository\org\springframework\spring-core\5.1.5.RELEASE\spring-core-5.1.5.RELEASE.jar;C:\Users\LBW\.m2\repository\org\springframework\spring-jcl\5.1.5.RELEASE\spring-jcl-5.1.5.RELEASE.jar;C:\Users\LBW\.m2\repository\org\springframework\spring-expression\5.1.5.RELEASE\spring-expression-5.1.5.RELEASE.jar;C:\Users\LBW\.m2\repository\org\springframework\spring-web\5.1.5.RELEASE\spring-web-5.1.5.RELEASE.jar;C:\Users\LBW\.m2\repository\org\apache\logging\log4j\log4j-api\2.11.0\log4j-api-2.11.0.jar;C:\Users\LBW\.m2\repository\org\apache\logging\log4j\log4j-core\2.11.0\log4j-core-2.11.0.jar;C:\Users\LBW\.m2\repository\org\apache\logging\log4j\log4j-slf4j-impl\2.11.2\log4j-slf4j-impl-2.11.2.jar;C:\Users\LBW\.m2\repository\org\slf4j\slf4j-api\1.7.25\slf4j-api-1.7.25.jar;C:\Users\LBW\.m2\repository\junit\junit\4.12\junit-4.12.jar;C:\Users\LBW\.m2\repository\org\hamcrest\hamcrest-core\1.3\hamcrest-core-1.3.jar;C:\Users\LBW\.m2\repository\org\springframework\spring-test\5.1.0.RELEASE\spring-test-5.1.0.RELEASE.jar;"/>
=======
    <property name="java.class.path" value="D:\java\IdeaProjects\OSALS\OSALS-dao\target\test-classes;D:\java\IdeaProjects\OSALS\OSALS-dao\target\classes;D:\java\IdeaProjects\OSALS\OSALS-base\target\OSALS-base-1.0-SNAPSHOT.jar;C:\Users\15637\.m2\repository\org\hibernate\javax\persistence\hibernate-jpa-2.1-api\1.0.2.Final\hibernate-jpa-2.1-api-1.0.2.Final.jar;C:\Users\15637\.m2\repository\org\apache\commons\commons-lang3\3.8.1\commons-lang3-3.8.1.jar;C:\Users\15637\.m2\repository\com\fasterxml\jackson\core\jackson-annotations\2.9.8\jackson-annotations-2.9.8.jar;C:\Users\15637\.m2\repository\org\springframework\data\spring-data-jpa\2.1.6.RELEASE\spring-data-jpa-2.1.6.RELEASE.jar;C:\Users\15637\.m2\repository\org\springframework\data\spring-data-commons\2.1.6.RELEASE\spring-data-commons-2.1.6.RELEASE.jar;C:\Users\15637\.m2\repository\org\springframework\spring-orm\5.1.6.RELEASE\spring-orm-5.1.6.RELEASE.jar;C:\Users\15637\.m2\repository\org\springframework\spring-jdbc\5.1.6.RELEASE\spring-jdbc-5.1.6.RELEASE.jar;C:\Users\15637\.m2\repository\org\springframework\spring-tx\5.1.6.RELEASE\spring-tx-5.1.6.RELEASE.jar;C:\Users\15637\.m2\repository\org\aspectj\aspectjrt\1.9.2\aspectjrt-1.9.2.jar;C:\Users\15637\.m2\repository\org\apache\poi\poi\4.1.0\poi-4.1.0.jar;C:\Users\15637\.m2\repository\commons-codec\commons-codec\1.12\commons-codec-1.12.jar;C:\Users\15637\.m2\repository\org\apache\commons\commons-collections4\4.3\commons-collections4-4.3.jar;C:\Users\15637\.m2\repository\org\apache\commons\commons-math3\3.6.1\commons-math3-3.6.1.jar;C:\Users\15637\.m2\repository\org\apache\poi\poi-ooxml\4.1.0\poi-ooxml-4.1.0.jar;C:\Users\15637\.m2\repository\org\apache\poi\poi-ooxml-schemas\4.1.0\poi-ooxml-schemas-4.1.0.jar;C:\Users\15637\.m2\repository\org\apache\xmlbeans\xmlbeans\3.1.0\xmlbeans-3.1.0.jar;C:\Users\15637\.m2\repository\org\apache\commons\commons-compress\1.18\commons-compress-1.18.jar;C:\Users\15637\.m2\repository\com\github\virtuald\curvesapi\1.06\curvesapi-1.06.jar;C:\Users\15637\.m2\repository\org\hibernate\hibernate-entitymanager\5.4.2.Final\hibernate-entitymanager-5.4.2.Final.jar;C:\Users\15637\.m2\repository\org\jboss\logging\jboss-logging\3.3.2.Final\jboss-logging-3.3.2.Final.jar;C:\Users\15637\.m2\repository\org\hibernate\hibernate-core\5.4.2.Final\hibernate-core-5.4.2.Final.jar;C:\Users\15637\.m2\repository\org\javassist\javassist\3.24.0-GA\javassist-3.24.0-GA.jar;C:\Users\15637\.m2\repository\antlr\antlr\2.7.7\antlr-2.7.7.jar;C:\Users\15637\.m2\repository\org\jboss\jandex\2.0.5.Final\jandex-2.0.5.Final.jar;C:\Users\15637\.m2\repository\com\fasterxml\classmate\1.3.4\classmate-1.3.4.jar;C:\Users\15637\.m2\repository\javax\activation\javax.activation-api\1.2.0\javax.activation-api-1.2.0.jar;C:\Users\15637\.m2\repository\javax\xml\bind\jaxb-api\2.3.1\jaxb-api-2.3.1.jar;C:\Users\15637\.m2\repository\org\glassfish\jaxb\jaxb-runtime\2.3.1\jaxb-runtime-2.3.1.jar;C:\Users\15637\.m2\repository\org\glassfish\jaxb\txw2\2.3.1\txw2-2.3.1.jar;C:\Users\15637\.m2\repository\com\sun\istack\istack-commons-runtime\3.0.7\istack-commons-runtime-3.0.7.jar;C:\Users\15637\.m2\repository\org\jvnet\staxex\stax-ex\1.8\stax-ex-1.8.jar;C:\Users\15637\.m2\repository\com\sun\xml\fastinfoset\FastInfoset\1.2.15\FastInfoset-1.2.15.jar;C:\Users\15637\.m2\repository\org\dom4j\dom4j\2.1.1\dom4j-2.1.1.jar;C:\Users\15637\.m2\repository\org\hibernate\common\hibernate-commons-annotations\5.1.0.Final\hibernate-commons-annotations-5.1.0.Final.jar;C:\Users\15637\.m2\repository\javax\persistence\javax.persistence-api\2.2\javax.persistence-api-2.2.jar;C:\Users\15637\.m2\repository\net\bytebuddy\byte-buddy\1.9.10\byte-buddy-1.9.10.jar;C:\Users\15637\.m2\repository\org\jboss\spec\javax\transaction\jboss-transaction-api_1.2_spec\1.1.1.Final\jboss-transaction-api_1.2_spec-1.1.1.Final.jar;C:\Users\15637\.m2\repository\org\apache\commons\commons-dbcp2\2.6.0\commons-dbcp2-2.6.0.jar;C:\Users\15637\.m2\repository\org\apache\commons\commons-pool2\2.6.1\commons-pool2-2.6.1.jar;C:\Users\15637\.m2\repository\commons-logging\commons-logging\1.2\commons-logging-1.2.jar;C:\Users\15637\.m2\repository\mysql\mysql-connector-java\8.0.15\mysql-connector-java-8.0.15.jar;C:\Users\15637\.m2\repository\com\google\protobuf\protobuf-java\3.6.1\protobuf-java-3.6.1.jar;C:\Users\15637\.m2\repository\org\springframework\spring-webmvc\5.1.5.RELEASE\spring-webmvc-5.1.5.RELEASE.jar;C:\Users\15637\.m2\repository\org\springframework\spring-aop\5.1.5.RELEASE\spring-aop-5.1.5.RELEASE.jar;C:\Users\15637\.m2\repository\org\springframework\spring-beans\5.1.5.RELEASE\spring-beans-5.1.5.RELEASE.jar;C:\Users\15637\.m2\repository\org\springframework\spring-context\5.1.5.RELEASE\spring-context-5.1.5.RELEASE.jar;C:\Users\15637\.m2\repository\org\springframework\spring-core\5.1.5.RELEASE\spring-core-5.1.5.RELEASE.jar;C:\Users\15637\.m2\repository\org\springframework\spring-jcl\5.1.5.RELEASE\spring-jcl-5.1.5.RELEASE.jar;C:\Users\15637\.m2\repository\org\springframework\spring-expression\5.1.5.RELEASE\spring-expression-5.1.5.RELEASE.jar;C:\Users\15637\.m2\repository\org\springframework\spring-web\5.1.5.RELEASE\spring-web-5.1.5.RELEASE.jar;C:\Users\15637\.m2\repository\org\apache\logging\log4j\log4j-api\2.11.0\log4j-api-2.11.0.jar;C:\Users\15637\.m2\repository\org\apache\logging\log4j\log4j-core\2.11.0\log4j-core-2.11.0.jar;C:\Users\15637\.m2\repository\org\apache\logging\log4j\log4j-slf4j-impl\2.11.2\log4j-slf4j-impl-2.11.2.jar;C:\Users\15637\.m2\repository\org\slf4j\slf4j-api\1.7.25\slf4j-api-1.7.25.jar;C:\Users\15637\.m2\repository\junit\junit\4.12\junit-4.12.jar;C:\Users\15637\.m2\repository\org\hamcrest\hamcrest-core\1.3\hamcrest-core-1.3.jar;C:\Users\15637\.m2\repository\org\springframework\spring-test\5.1.0.RELEASE\spring-test-5.1.0.RELEASE.jar;"/>
>>>>>>> 24fe0a085de6dce6c2ee2ed9910e7d4fee84b589
>>>>>>> 5af8b31b1ad6c39089c1995608547f8fb98c749e
    <property name="java.vm.vendor" value="Oracle Corporation"/>
    <property name="sun.arch.data.model" value="64"/>
    <property name="user.variant" value=""/>
    <property name="java.vendor.url" value="http://java.oracle.com/"/>
    <property name="user.timezone" value=""/>
    <property name="java.vm.specification.version" value="1.8"/>
    <property name="os.name" value="Windows 10"/>
    <property name="user.country" value="CN"/>
    <property name="sun.java.launcher" value="SUN_STANDARD"/>
<<<<<<< HEAD
    <property name="sun.boot.library.path" value="D:\JAVA\JDK\jre\bin"/>
    <property name="sun.java.command" value="C:\Users\forever\AppData\Local\Temp\surefire8834241638895247291\surefirebooter1045286081589286186.jar C:\Users\forever\AppData\Local\Temp\surefire8834241638895247291 2019-05-15T17-51-03_042-jvmRun1 surefire5474380124744149601tmp surefire_04213981252844484681tmp"/>
    <property name="surefire.test.class.path" value="D:\JAVA\仓库\OSALS\OSALS-dao\target\test-classes;D:\JAVA\仓库\OSALS\OSALS-dao\target\classes;D:\JAVA\仓库\OSALS\OSALS-base\target\OSALS-base-1.0-SNAPSHOT.jar;D:\JAVA\apache-maven-3.6.1\RepMaven\org\hibernate\javax\persistence\hibernate-jpa-2.1-api\1.0.2.Final\hibernate-jpa-2.1-api-1.0.2.Final.jar;D:\JAVA\apache-maven-3.6.1\RepMaven\org\apache\commons\commons-lang3\3.8.1\commons-lang3-3.8.1.jar;D:\JAVA\apache-maven-3.6.1\RepMaven\com\fasterxml\jackson\core\jackson-annotations\2.9.8\jackson-annotations-2.9.8.jar;D:\JAVA\apache-maven-3.6.1\RepMaven\org\springframework\data\spring-data-jpa\2.1.6.RELEASE\spring-data-jpa-2.1.6.RELEASE.jar;D:\JAVA\apache-maven-3.6.1\RepMaven\org\springframework\data\spring-data-commons\2.1.6.RELEASE\spring-data-commons-2.1.6.RELEASE.jar;D:\JAVA\apache-maven-3.6.1\RepMaven\org\springframework\spring-orm\5.1.6.RELEASE\spring-orm-5.1.6.RELEASE.jar;D:\JAVA\apache-maven-3.6.1\RepMaven\org\springframework\spring-jdbc\5.1.6.RELEASE\spring-jdbc-5.1.6.RELEASE.jar;D:\JAVA\apache-maven-3.6.1\RepMaven\org\springframework\spring-tx\5.1.6.RELEASE\spring-tx-5.1.6.RELEASE.jar;D:\JAVA\apache-maven-3.6.1\RepMaven\org\aspectj\aspectjrt\1.9.2\aspectjrt-1.9.2.jar;D:\JAVA\apache-maven-3.6.1\RepMaven\org\apache\poi\poi\4.1.0\poi-4.1.0.jar;D:\JAVA\apache-maven-3.6.1\RepMaven\commons-codec\commons-codec\1.12\commons-codec-1.12.jar;D:\JAVA\apache-maven-3.6.1\RepMaven\org\apache\commons\commons-collections4\4.3\commons-collections4-4.3.jar;D:\JAVA\apache-maven-3.6.1\RepMaven\org\apache\commons\commons-math3\3.6.1\commons-math3-3.6.1.jar;D:\JAVA\apache-maven-3.6.1\RepMaven\org\apache\poi\poi-ooxml\4.1.0\poi-ooxml-4.1.0.jar;D:\JAVA\apache-maven-3.6.1\RepMaven\org\apache\poi\poi-ooxml-schemas\4.1.0\poi-ooxml-schemas-4.1.0.jar;D:\JAVA\apache-maven-3.6.1\RepMaven\org\apache\xmlbeans\xmlbeans\3.1.0\xmlbeans-3.1.0.jar;D:\JAVA\apache-maven-3.6.1\RepMaven\org\apache\commons\commons-compress\1.18\commons-compress-1.18.jar;D:\JAVA\apache-maven-3.6.1\RepMaven\com\github\virtuald\curvesapi\1.06\curvesapi-1.06.jar;D:\JAVA\apache-maven-3.6.1\RepMaven\org\hibernate\hibernate-entitymanager\5.4.2.Final\hibernate-entitymanager-5.4.2.Final.jar;D:\JAVA\apache-maven-3.6.1\RepMaven\org\jboss\logging\jboss-logging\3.3.2.Final\jboss-logging-3.3.2.Final.jar;D:\JAVA\apache-maven-3.6.1\RepMaven\org\hibernate\hibernate-core\5.4.2.Final\hibernate-core-5.4.2.Final.jar;D:\JAVA\apache-maven-3.6.1\RepMaven\org\javassist\javassist\3.24.0-GA\javassist-3.24.0-GA.jar;D:\JAVA\apache-maven-3.6.1\RepMaven\antlr\antlr\2.7.7\antlr-2.7.7.jar;D:\JAVA\apache-maven-3.6.1\RepMaven\org\jboss\jandex\2.0.5.Final\jandex-2.0.5.Final.jar;D:\JAVA\apache-maven-3.6.1\RepMaven\com\fasterxml\classmate\1.3.4\classmate-1.3.4.jar;D:\JAVA\apache-maven-3.6.1\RepMaven\javax\activation\javax.activation-api\1.2.0\javax.activation-api-1.2.0.jar;D:\JAVA\apache-maven-3.6.1\RepMaven\javax\xml\bind\jaxb-api\2.3.1\jaxb-api-2.3.1.jar;D:\JAVA\apache-maven-3.6.1\RepMaven\org\glassfish\jaxb\jaxb-runtime\2.3.1\jaxb-runtime-2.3.1.jar;D:\JAVA\apache-maven-3.6.1\RepMaven\org\glassfish\jaxb\txw2\2.3.1\txw2-2.3.1.jar;D:\JAVA\apache-maven-3.6.1\RepMaven\com\sun\istack\istack-commons-runtime\3.0.7\istack-commons-runtime-3.0.7.jar;D:\JAVA\apache-maven-3.6.1\RepMaven\org\jvnet\staxex\stax-ex\1.8\stax-ex-1.8.jar;D:\JAVA\apache-maven-3.6.1\RepMaven\com\sun\xml\fastinfoset\FastInfoset\1.2.15\FastInfoset-1.2.15.jar;D:\JAVA\apache-maven-3.6.1\RepMaven\org\dom4j\dom4j\2.1.1\dom4j-2.1.1.jar;D:\JAVA\apache-maven-3.6.1\RepMaven\org\hibernate\common\hibernate-commons-annotations\5.1.0.Final\hibernate-commons-annotations-5.1.0.Final.jar;D:\JAVA\apache-maven-3.6.1\RepMaven\javax\persistence\javax.persistence-api\2.2\javax.persistence-api-2.2.jar;D:\JAVA\apache-maven-3.6.1\RepMaven\net\bytebuddy\byte-buddy\1.9.10\byte-buddy-1.9.10.jar;D:\JAVA\apache-maven-3.6.1\RepMaven\org\jboss\spec\javax\transaction\jboss-transaction-api_1.2_spec\1.1.1.Final\jboss-transaction-api_1.2_spec-1.1.1.Final.jar;D:\JAVA\apache-maven-3.6.1\RepMaven\org\apache\commons\commons-dbcp2\2.6.0\commons-dbcp2-2.6.0.jar;D:\JAVA\apache-maven-3.6.1\RepMaven\org\apache\commons\commons-pool2\2.6.1\commons-pool2-2.6.1.jar;D:\JAVA\apache-maven-3.6.1\RepMaven\commons-logging\commons-logging\1.2\commons-logging-1.2.jar;D:\JAVA\apache-maven-3.6.1\RepMaven\mysql\mysql-connector-java\8.0.15\mysql-connector-java-8.0.15.jar;D:\JAVA\apache-maven-3.6.1\RepMaven\com\google\protobuf\protobuf-java\3.6.1\protobuf-java-3.6.1.jar;D:\JAVA\apache-maven-3.6.1\RepMaven\org\springframework\spring-webmvc\5.1.5.RELEASE\spring-webmvc-5.1.5.RELEASE.jar;D:\JAVA\apache-maven-3.6.1\RepMaven\org\springframework\spring-aop\5.1.5.RELEASE\spring-aop-5.1.5.RELEASE.jar;D:\JAVA\apache-maven-3.6.1\RepMaven\org\springframework\spring-beans\5.1.5.RELEASE\spring-beans-5.1.5.RELEASE.jar;D:\JAVA\apache-maven-3.6.1\RepMaven\org\springframework\spring-context\5.1.5.RELEASE\spring-context-5.1.5.RELEASE.jar;D:\JAVA\apache-maven-3.6.1\RepMaven\org\springframework\spring-core\5.1.5.RELEASE\spring-core-5.1.5.RELEASE.jar;D:\JAVA\apache-maven-3.6.1\RepMaven\org\springframework\spring-jcl\5.1.5.RELEASE\spring-jcl-5.1.5.RELEASE.jar;D:\JAVA\apache-maven-3.6.1\RepMaven\org\springframework\spring-expression\5.1.5.RELEASE\spring-expression-5.1.5.RELEASE.jar;D:\JAVA\apache-maven-3.6.1\RepMaven\org\springframework\spring-web\5.1.5.RELEASE\spring-web-5.1.5.RELEASE.jar;D:\JAVA\apache-maven-3.6.1\RepMaven\org\apache\logging\log4j\log4j-api\2.11.0\log4j-api-2.11.0.jar;D:\JAVA\apache-maven-3.6.1\RepMaven\org\apache\logging\log4j\log4j-core\2.11.0\log4j-core-2.11.0.jar;D:\JAVA\apache-maven-3.6.1\RepMaven\org\apache\logging\log4j\log4j-slf4j-impl\2.11.2\log4j-slf4j-impl-2.11.2.jar;D:\JAVA\apache-maven-3.6.1\RepMaven\org\slf4j\slf4j-api\1.7.25\slf4j-api-1.7.25.jar;D:\JAVA\apache-maven-3.6.1\RepMaven\junit\junit\4.12\junit-4.12.jar;D:\JAVA\apache-maven-3.6.1\RepMaven\org\hamcrest\hamcrest-core\1.3\hamcrest-core-1.3.jar;D:\JAVA\apache-maven-3.6.1\RepMaven\org\springframework\spring-test\5.1.0.RELEASE\spring-test-5.1.0.RELEASE.jar;"/>
    <property name="sun.cpu.endian" value="little"/>
    <property name="user.home" value="C:\Users\forever"/>
    <property name="user.language" value="zh"/>
    <property name="java.specification.vendor" value="Oracle Corporation"/>
    <property name="java.home" value="D:\JAVA\JDK\jre"/>
    <property name="basedir" value="D:\JAVA\仓库\OSALS\OSALS-dao"/>
=======
<<<<<<< HEAD
    <property name="sun.boot.library.path" value="D:\Java\JDK\jre\bin"/>
    <property name="sun.java.command" value="C:\Users\LBW\AppData\Local\Temp\surefire5307242817636636440\surefirebooter3663663952258363640.jar C:\Users\LBW\AppData\Local\Temp\surefire5307242817636636440 2019-05-15T14-01-48_602-jvmRun1 surefire3738766102872258127tmp surefire_09173324223387349517tmp"/>
    <property name="surefire.test.class.path" value="D:\Java\OSALS\OSALS-dao\target\test-classes;D:\Java\OSALS\OSALS-dao\target\classes;D:\Java\OSALS\OSALS-base\target\OSALS-base-1.0-SNAPSHOT.jar;C:\Users\LBW\.m2\repository\org\hibernate\javax\persistence\hibernate-jpa-2.1-api\1.0.2.Final\hibernate-jpa-2.1-api-1.0.2.Final.jar;C:\Users\LBW\.m2\repository\org\apache\commons\commons-lang3\3.8.1\commons-lang3-3.8.1.jar;C:\Users\LBW\.m2\repository\com\fasterxml\jackson\core\jackson-annotations\2.9.8\jackson-annotations-2.9.8.jar;C:\Users\LBW\.m2\repository\org\springframework\data\spring-data-jpa\2.1.6.RELEASE\spring-data-jpa-2.1.6.RELEASE.jar;C:\Users\LBW\.m2\repository\org\springframework\data\spring-data-commons\2.1.6.RELEASE\spring-data-commons-2.1.6.RELEASE.jar;C:\Users\LBW\.m2\repository\org\springframework\spring-orm\5.1.6.RELEASE\spring-orm-5.1.6.RELEASE.jar;C:\Users\LBW\.m2\repository\org\springframework\spring-jdbc\5.1.6.RELEASE\spring-jdbc-5.1.6.RELEASE.jar;C:\Users\LBW\.m2\repository\org\springframework\spring-tx\5.1.6.RELEASE\spring-tx-5.1.6.RELEASE.jar;C:\Users\LBW\.m2\repository\org\aspectj\aspectjrt\1.9.2\aspectjrt-1.9.2.jar;C:\Users\LBW\.m2\repository\org\apache\poi\poi\4.1.0\poi-4.1.0.jar;C:\Users\LBW\.m2\repository\commons-codec\commons-codec\1.12\commons-codec-1.12.jar;C:\Users\LBW\.m2\repository\org\apache\commons\commons-collections4\4.3\commons-collections4-4.3.jar;C:\Users\LBW\.m2\repository\org\apache\commons\commons-math3\3.6.1\commons-math3-3.6.1.jar;C:\Users\LBW\.m2\repository\org\apache\poi\poi-ooxml\4.1.0\poi-ooxml-4.1.0.jar;C:\Users\LBW\.m2\repository\org\apache\poi\poi-ooxml-schemas\4.1.0\poi-ooxml-schemas-4.1.0.jar;C:\Users\LBW\.m2\repository\org\apache\xmlbeans\xmlbeans\3.1.0\xmlbeans-3.1.0.jar;C:\Users\LBW\.m2\repository\org\apache\commons\commons-compress\1.18\commons-compress-1.18.jar;C:\Users\LBW\.m2\repository\com\github\virtuald\curvesapi\1.06\curvesapi-1.06.jar;C:\Users\LBW\.m2\repository\org\hibernate\hibernate-entitymanager\5.4.2.Final\hibernate-entitymanager-5.4.2.Final.jar;C:\Users\LBW\.m2\repository\org\jboss\logging\jboss-logging\3.3.2.Final\jboss-logging-3.3.2.Final.jar;C:\Users\LBW\.m2\repository\org\hibernate\hibernate-core\5.4.2.Final\hibernate-core-5.4.2.Final.jar;C:\Users\LBW\.m2\repository\org\javassist\javassist\3.24.0-GA\javassist-3.24.0-GA.jar;C:\Users\LBW\.m2\repository\antlr\antlr\2.7.7\antlr-2.7.7.jar;C:\Users\LBW\.m2\repository\org\jboss\jandex\2.0.5.Final\jandex-2.0.5.Final.jar;C:\Users\LBW\.m2\repository\com\fasterxml\classmate\1.3.4\classmate-1.3.4.jar;C:\Users\LBW\.m2\repository\javax\activation\javax.activation-api\1.2.0\javax.activation-api-1.2.0.jar;C:\Users\LBW\.m2\repository\javax\xml\bind\jaxb-api\2.3.1\jaxb-api-2.3.1.jar;C:\Users\LBW\.m2\repository\org\glassfish\jaxb\jaxb-runtime\2.3.1\jaxb-runtime-2.3.1.jar;C:\Users\LBW\.m2\repository\org\glassfish\jaxb\txw2\2.3.1\txw2-2.3.1.jar;C:\Users\LBW\.m2\repository\com\sun\istack\istack-commons-runtime\3.0.7\istack-commons-runtime-3.0.7.jar;C:\Users\LBW\.m2\repository\org\jvnet\staxex\stax-ex\1.8\stax-ex-1.8.jar;C:\Users\LBW\.m2\repository\com\sun\xml\fastinfoset\FastInfoset\1.2.15\FastInfoset-1.2.15.jar;C:\Users\LBW\.m2\repository\org\dom4j\dom4j\2.1.1\dom4j-2.1.1.jar;C:\Users\LBW\.m2\repository\org\hibernate\common\hibernate-commons-annotations\5.1.0.Final\hibernate-commons-annotations-5.1.0.Final.jar;C:\Users\LBW\.m2\repository\javax\persistence\javax.persistence-api\2.2\javax.persistence-api-2.2.jar;C:\Users\LBW\.m2\repository\net\bytebuddy\byte-buddy\1.9.10\byte-buddy-1.9.10.jar;C:\Users\LBW\.m2\repository\org\jboss\spec\javax\transaction\jboss-transaction-api_1.2_spec\1.1.1.Final\jboss-transaction-api_1.2_spec-1.1.1.Final.jar;C:\Users\LBW\.m2\repository\org\apache\commons\commons-dbcp2\2.6.0\commons-dbcp2-2.6.0.jar;C:\Users\LBW\.m2\repository\org\apache\commons\commons-pool2\2.6.1\commons-pool2-2.6.1.jar;C:\Users\LBW\.m2\repository\commons-logging\commons-logging\1.2\commons-logging-1.2.jar;C:\Users\LBW\.m2\repository\mysql\mysql-connector-java\8.0.15\mysql-connector-java-8.0.15.jar;C:\Users\LBW\.m2\repository\com\google\protobuf\protobuf-java\3.6.1\protobuf-java-3.6.1.jar;C:\Users\LBW\.m2\repository\org\springframework\spring-webmvc\5.1.5.RELEASE\spring-webmvc-5.1.5.RELEASE.jar;C:\Users\LBW\.m2\repository\org\springframework\spring-aop\5.1.5.RELEASE\spring-aop-5.1.5.RELEASE.jar;C:\Users\LBW\.m2\repository\org\springframework\spring-beans\5.1.5.RELEASE\spring-beans-5.1.5.RELEASE.jar;C:\Users\LBW\.m2\repository\org\springframework\spring-context\5.1.5.RELEASE\spring-context-5.1.5.RELEASE.jar;C:\Users\LBW\.m2\repository\org\springframework\spring-core\5.1.5.RELEASE\spring-core-5.1.5.RELEASE.jar;C:\Users\LBW\.m2\repository\org\springframework\spring-jcl\5.1.5.RELEASE\spring-jcl-5.1.5.RELEASE.jar;C:\Users\LBW\.m2\repository\org\springframework\spring-expression\5.1.5.RELEASE\spring-expression-5.1.5.RELEASE.jar;C:\Users\LBW\.m2\repository\org\springframework\spring-web\5.1.5.RELEASE\spring-web-5.1.5.RELEASE.jar;C:\Users\LBW\.m2\repository\org\apache\logging\log4j\log4j-api\2.11.0\log4j-api-2.11.0.jar;C:\Users\LBW\.m2\repository\org\apache\logging\log4j\log4j-core\2.11.0\log4j-core-2.11.0.jar;C:\Users\LBW\.m2\repository\org\apache\logging\log4j\log4j-slf4j-impl\2.11.2\log4j-slf4j-impl-2.11.2.jar;C:\Users\LBW\.m2\repository\org\slf4j\slf4j-api\1.7.25\slf4j-api-1.7.25.jar;C:\Users\LBW\.m2\repository\junit\junit\4.12\junit-4.12.jar;C:\Users\LBW\.m2\repository\org\hamcrest\hamcrest-core\1.3\hamcrest-core-1.3.jar;C:\Users\LBW\.m2\repository\org\springframework\spring-test\5.1.0.RELEASE\spring-test-5.1.0.RELEASE.jar;"/>
    <property name="sun.cpu.endian" value="little"/>
    <property name="user.home" value="C:\Users\LBW"/>
    <property name="user.language" value="zh"/>
    <property name="java.specification.vendor" value="Oracle Corporation"/>
    <property name="java.home" value="D:\Java\JDK\jre"/>
    <property name="basedir" value="D:\Java\OSALS\OSALS-dao"/>
=======
    <property name="sun.boot.library.path" value="D:\java\jdk1.8.0_201\jre\bin"/>
    <property name="sun.java.command" value="C:\Users\15637\AppData\Local\Temp\surefire295848472742098069\surefirebooter3955820351261115043.jar C:\Users\15637\AppData\Local\Temp\surefire295848472742098069 2019-05-15T19-12-39_615-jvmRun1 surefire1338172592758079985tmp surefire_03317618217538181883tmp"/>
    <property name="surefire.test.class.path" value="D:\java\IdeaProjects\OSALS\OSALS-dao\target\test-classes;D:\java\IdeaProjects\OSALS\OSALS-dao\target\classes;D:\java\IdeaProjects\OSALS\OSALS-base\target\OSALS-base-1.0-SNAPSHOT.jar;C:\Users\15637\.m2\repository\org\hibernate\javax\persistence\hibernate-jpa-2.1-api\1.0.2.Final\hibernate-jpa-2.1-api-1.0.2.Final.jar;C:\Users\15637\.m2\repository\org\apache\commons\commons-lang3\3.8.1\commons-lang3-3.8.1.jar;C:\Users\15637\.m2\repository\com\fasterxml\jackson\core\jackson-annotations\2.9.8\jackson-annotations-2.9.8.jar;C:\Users\15637\.m2\repository\org\springframework\data\spring-data-jpa\2.1.6.RELEASE\spring-data-jpa-2.1.6.RELEASE.jar;C:\Users\15637\.m2\repository\org\springframework\data\spring-data-commons\2.1.6.RELEASE\spring-data-commons-2.1.6.RELEASE.jar;C:\Users\15637\.m2\repository\org\springframework\spring-orm\5.1.6.RELEASE\spring-orm-5.1.6.RELEASE.jar;C:\Users\15637\.m2\repository\org\springframework\spring-jdbc\5.1.6.RELEASE\spring-jdbc-5.1.6.RELEASE.jar;C:\Users\15637\.m2\repository\org\springframework\spring-tx\5.1.6.RELEASE\spring-tx-5.1.6.RELEASE.jar;C:\Users\15637\.m2\repository\org\aspectj\aspectjrt\1.9.2\aspectjrt-1.9.2.jar;C:\Users\15637\.m2\repository\org\apache\poi\poi\4.1.0\poi-4.1.0.jar;C:\Users\15637\.m2\repository\commons-codec\commons-codec\1.12\commons-codec-1.12.jar;C:\Users\15637\.m2\repository\org\apache\commons\commons-collections4\4.3\commons-collections4-4.3.jar;C:\Users\15637\.m2\repository\org\apache\commons\commons-math3\3.6.1\commons-math3-3.6.1.jar;C:\Users\15637\.m2\repository\org\apache\poi\poi-ooxml\4.1.0\poi-ooxml-4.1.0.jar;C:\Users\15637\.m2\repository\org\apache\poi\poi-ooxml-schemas\4.1.0\poi-ooxml-schemas-4.1.0.jar;C:\Users\15637\.m2\repository\org\apache\xmlbeans\xmlbeans\3.1.0\xmlbeans-3.1.0.jar;C:\Users\15637\.m2\repository\org\apache\commons\commons-compress\1.18\commons-compress-1.18.jar;C:\Users\15637\.m2\repository\com\github\virtuald\curvesapi\1.06\curvesapi-1.06.jar;C:\Users\15637\.m2\repository\org\hibernate\hibernate-entitymanager\5.4.2.Final\hibernate-entitymanager-5.4.2.Final.jar;C:\Users\15637\.m2\repository\org\jboss\logging\jboss-logging\3.3.2.Final\jboss-logging-3.3.2.Final.jar;C:\Users\15637\.m2\repository\org\hibernate\hibernate-core\5.4.2.Final\hibernate-core-5.4.2.Final.jar;C:\Users\15637\.m2\repository\org\javassist\javassist\3.24.0-GA\javassist-3.24.0-GA.jar;C:\Users\15637\.m2\repository\antlr\antlr\2.7.7\antlr-2.7.7.jar;C:\Users\15637\.m2\repository\org\jboss\jandex\2.0.5.Final\jandex-2.0.5.Final.jar;C:\Users\15637\.m2\repository\com\fasterxml\classmate\1.3.4\classmate-1.3.4.jar;C:\Users\15637\.m2\repository\javax\activation\javax.activation-api\1.2.0\javax.activation-api-1.2.0.jar;C:\Users\15637\.m2\repository\javax\xml\bind\jaxb-api\2.3.1\jaxb-api-2.3.1.jar;C:\Users\15637\.m2\repository\org\glassfish\jaxb\jaxb-runtime\2.3.1\jaxb-runtime-2.3.1.jar;C:\Users\15637\.m2\repository\org\glassfish\jaxb\txw2\2.3.1\txw2-2.3.1.jar;C:\Users\15637\.m2\repository\com\sun\istack\istack-commons-runtime\3.0.7\istack-commons-runtime-3.0.7.jar;C:\Users\15637\.m2\repository\org\jvnet\staxex\stax-ex\1.8\stax-ex-1.8.jar;C:\Users\15637\.m2\repository\com\sun\xml\fastinfoset\FastInfoset\1.2.15\FastInfoset-1.2.15.jar;C:\Users\15637\.m2\repository\org\dom4j\dom4j\2.1.1\dom4j-2.1.1.jar;C:\Users\15637\.m2\repository\org\hibernate\common\hibernate-commons-annotations\5.1.0.Final\hibernate-commons-annotations-5.1.0.Final.jar;C:\Users\15637\.m2\repository\javax\persistence\javax.persistence-api\2.2\javax.persistence-api-2.2.jar;C:\Users\15637\.m2\repository\net\bytebuddy\byte-buddy\1.9.10\byte-buddy-1.9.10.jar;C:\Users\15637\.m2\repository\org\jboss\spec\javax\transaction\jboss-transaction-api_1.2_spec\1.1.1.Final\jboss-transaction-api_1.2_spec-1.1.1.Final.jar;C:\Users\15637\.m2\repository\org\apache\commons\commons-dbcp2\2.6.0\commons-dbcp2-2.6.0.jar;C:\Users\15637\.m2\repository\org\apache\commons\commons-pool2\2.6.1\commons-pool2-2.6.1.jar;C:\Users\15637\.m2\repository\commons-logging\commons-logging\1.2\commons-logging-1.2.jar;C:\Users\15637\.m2\repository\mysql\mysql-connector-java\8.0.15\mysql-connector-java-8.0.15.jar;C:\Users\15637\.m2\repository\com\google\protobuf\protobuf-java\3.6.1\protobuf-java-3.6.1.jar;C:\Users\15637\.m2\repository\org\springframework\spring-webmvc\5.1.5.RELEASE\spring-webmvc-5.1.5.RELEASE.jar;C:\Users\15637\.m2\repository\org\springframework\spring-aop\5.1.5.RELEASE\spring-aop-5.1.5.RELEASE.jar;C:\Users\15637\.m2\repository\org\springframework\spring-beans\5.1.5.RELEASE\spring-beans-5.1.5.RELEASE.jar;C:\Users\15637\.m2\repository\org\springframework\spring-context\5.1.5.RELEASE\spring-context-5.1.5.RELEASE.jar;C:\Users\15637\.m2\repository\org\springframework\spring-core\5.1.5.RELEASE\spring-core-5.1.5.RELEASE.jar;C:\Users\15637\.m2\repository\org\springframework\spring-jcl\5.1.5.RELEASE\spring-jcl-5.1.5.RELEASE.jar;C:\Users\15637\.m2\repository\org\springframework\spring-expression\5.1.5.RELEASE\spring-expression-5.1.5.RELEASE.jar;C:\Users\15637\.m2\repository\org\springframework\spring-web\5.1.5.RELEASE\spring-web-5.1.5.RELEASE.jar;C:\Users\15637\.m2\repository\org\apache\logging\log4j\log4j-api\2.11.0\log4j-api-2.11.0.jar;C:\Users\15637\.m2\repository\org\apache\logging\log4j\log4j-core\2.11.0\log4j-core-2.11.0.jar;C:\Users\15637\.m2\repository\org\apache\logging\log4j\log4j-slf4j-impl\2.11.2\log4j-slf4j-impl-2.11.2.jar;C:\Users\15637\.m2\repository\org\slf4j\slf4j-api\1.7.25\slf4j-api-1.7.25.jar;C:\Users\15637\.m2\repository\junit\junit\4.12\junit-4.12.jar;C:\Users\15637\.m2\repository\org\hamcrest\hamcrest-core\1.3\hamcrest-core-1.3.jar;C:\Users\15637\.m2\repository\org\springframework\spring-test\5.1.0.RELEASE\spring-test-5.1.0.RELEASE.jar;"/>
    <property name="sun.cpu.endian" value="little"/>
    <property name="user.home" value="C:\Users\15637"/>
    <property name="user.language" value="zh"/>
    <property name="java.specification.vendor" value="Oracle Corporation"/>
    <property name="java.home" value="D:\java\jdk1.8.0_201\jre"/>
    <property name="basedir" value="D:\java\IdeaProjects\OSALS\OSALS-dao"/>
>>>>>>> 24fe0a085de6dce6c2ee2ed9910e7d4fee84b589
>>>>>>> 5af8b31b1ad6c39089c1995608547f8fb98c749e
    <property name="file.separator" value="\"/>
    <property name="line.separator" value="&#10;"/>
    <property name="java.vm.specification.vendor" value="Oracle Corporation"/>
    <property name="java.specification.name" value="Java Platform API Specification"/>
    <property name="java.awt.graphicsenv" value="sun.awt.Win32GraphicsEnvironment"/>
<<<<<<< HEAD
    <property name="surefire.real.class.path" value="C:\Users\forever\AppData\Local\Temp\surefire8834241638895247291\surefirebooter1045286081589286186.jar"/>
    <property name="sun.boot.class.path" value="D:\JAVA\JDK\jre\lib\resources.jar;D:\JAVA\JDK\jre\lib\rt.jar;D:\JAVA\JDK\jre\lib\sunrsasign.jar;D:\JAVA\JDK\jre\lib\jsse.jar;D:\JAVA\JDK\jre\lib\jce.jar;D:\JAVA\JDK\jre\lib\charsets.jar;D:\JAVA\JDK\jre\lib\jfr.jar;D:\JAVA\JDK\jre\classes"/>
    <property name="user.script" value=""/>
    <property name="sun.management.compiler" value="HotSpot 64-Bit Tiered Compilers"/>
    <property name="java.runtime.version" value="1.8.0_91-b14"/>
    <property name="user.name" value="forever"/>
    <property name="path.separator" value=";"/>
    <property name="os.version" value="10.0"/>
    <property name="java.endorsed.dirs" value="D:\JAVA\JDK\jre\lib\endorsed"/>
    <property name="java.runtime.name" value="Java(TM) SE Runtime Environment"/>
    <property name="file.encoding" value="GBK"/>
    <property name="java.vm.name" value="Java HotSpot(TM) 64-Bit Server VM"/>
    <property name="localRepository" value="D:\JAVA\apache-maven-3.6.1\RepMaven"/>
    <property name="java.vendor.url.bug" value="http://bugreport.sun.com/bugreport/"/>
    <property name="java.io.tmpdir" value="C:\Users\forever\AppData\Local\Temp\"/>
    <property name="java.version" value="1.8.0_91"/>
    <property name="user.dir" value="D:\JAVA\仓库\OSALS\OSALS-dao"/>
=======
<<<<<<< HEAD
    <property name="surefire.real.class.path" value="C:\Users\LBW\AppData\Local\Temp\surefire5307242817636636440\surefirebooter3663663952258363640.jar"/>
    <property name="sun.boot.class.path" value="D:\Java\JDK\jre\lib\resources.jar;D:\Java\JDK\jre\lib\rt.jar;D:\Java\JDK\jre\lib\sunrsasign.jar;D:\Java\JDK\jre\lib\jsse.jar;D:\Java\JDK\jre\lib\jce.jar;D:\Java\JDK\jre\lib\charsets.jar;D:\Java\JDK\jre\lib\jfr.jar;D:\Java\JDK\jre\classes"/>
    <property name="user.script" value=""/>
    <property name="sun.management.compiler" value="HotSpot 64-Bit Tiered Compilers"/>
    <property name="java.runtime.version" value="1.8.0_91-b14"/>
    <property name="user.name" value="LBW"/>
=======
    <property name="surefire.real.class.path" value="C:\Users\15637\AppData\Local\Temp\surefire295848472742098069\surefirebooter3955820351261115043.jar"/>
    <property name="sun.boot.class.path" value="D:\java\jdk1.8.0_201\jre\lib\resources.jar;D:\java\jdk1.8.0_201\jre\lib\rt.jar;D:\java\jdk1.8.0_201\jre\lib\sunrsasign.jar;D:\java\jdk1.8.0_201\jre\lib\jsse.jar;D:\java\jdk1.8.0_201\jre\lib\jce.jar;D:\java\jdk1.8.0_201\jre\lib\charsets.jar;D:\java\jdk1.8.0_201\jre\lib\jfr.jar;D:\java\jdk1.8.0_201\jre\classes"/>
    <property name="user.script" value=""/>
    <property name="sun.management.compiler" value="HotSpot 64-Bit Tiered Compilers"/>
    <property name="java.runtime.version" value="1.8.0_201-b09"/>
    <property name="user.name" value="15637"/>
>>>>>>> 24fe0a085de6dce6c2ee2ed9910e7d4fee84b589
    <property name="path.separator" value=";"/>
    <property name="os.version" value="10.0"/>
    <property name="java.endorsed.dirs" value="D:\java\jdk1.8.0_201\jre\lib\endorsed"/>
    <property name="java.runtime.name" value="Java(TM) SE Runtime Environment"/>
    <property name="file.encoding" value="GBK"/>
    <property name="java.vm.name" value="Java HotSpot(TM) 64-Bit Server VM"/>
<<<<<<< HEAD
    <property name="localRepository" value="C:\Users\LBW\.m2\repository"/>
    <property name="java.vendor.url.bug" value="http://bugreport.sun.com/bugreport/"/>
    <property name="java.io.tmpdir" value="C:\Users\LBW\AppData\Local\Temp\"/>
    <property name="java.version" value="1.8.0_91"/>
    <property name="user.dir" value="D:\Java\OSALS\OSALS-dao"/>
=======
    <property name="localRepository" value="C:\Users\15637\.m2\repository"/>
    <property name="java.vendor.url.bug" value="http://bugreport.sun.com/bugreport/"/>
    <property name="java.io.tmpdir" value="C:\Users\15637\AppData\Local\Temp\"/>
    <property name="java.version" value="1.8.0_201"/>
    <property name="user.dir" value="D:\java\IdeaProjects\OSALS\OSALS-dao"/>
>>>>>>> 24fe0a085de6dce6c2ee2ed9910e7d4fee84b589
>>>>>>> 5af8b31b1ad6c39089c1995608547f8fb98c749e
    <property name="os.arch" value="amd64"/>
    <property name="java.vm.specification.name" value="Java Virtual Machine Specification"/>
    <property name="java.awt.printerjob" value="sun.awt.windows.WPrinterJob"/>
    <property name="sun.os.patch.level" value=""/>
<<<<<<< HEAD
    <property name="java.library.path" value="D:\JAVA\JDK\jre\bin;C:\WINDOWS\Sun\Java\bin;C:\WINDOWS\system32;C:\WINDOWS;C:\ProgramData\Oracle\Java\javapath;%M2_HOME%\bin;C:\Program Files\Intel\WiFi\bin\;C:\Program Files\Common Files\Intel\WirelessCommon\;C:\Program Files\MySQL\MySQL Server 5.5\bin;C:\Program Files (x86)\NVIDIA Corporation\PhysX\Common;D:\Program Files\MySQL\MySQL Server 5.5\bin;c:\windows\system32;%M2_HOME%\bin;&quot;C:\WINDOWS\system32;C:\WINDOWS;C:\WINDOWS\System32\Wbem&quot;;D:\JAVA\JDK\bin;D:\JAVA\JDK\jre\bin;D:\Git\cmd;C:\Program Files\Microsoft SQL Server\Client SDK\ODBC\130\Tools\Binn\;C:\Program Files (x86)\Microsoft SQL Server\130\Tools\Binn\;C:\Program Files\Microsoft SQL Server\130\Tools\Binn\;C:\Program Files\Microsoft SQL Server\130\DTS\Binn\;C:\Program Files (x86)\Microsoft SQL Server\150\DTS\Binn\;C:\Users\forever\AppData\Local\Microsoft\WindowsApps;C:\Program Files\Intel\WiFi\bin\;C:\Program Files\Common Files\Intel\WirelessCommon\;D:\JAVA\apache-maven-3.6.1\bin;D:\JAVA\idea\IntelliJ IDEA 2018.3.4\bin;C:\Users\forever\AppData\Local\GitHubDesktop\bin;&quot;D:\JAVA\apache-tomcat-8.0.9\lib;D:\JAVA\apache-tomcat-8.0.9\bin&quot;;;."/>
    <property name="java.vm.info" value="mixed mode"/>
    <property name="java.vendor" value="Oracle Corporation"/>
    <property name="java.vm.version" value="25.91-b14"/>
    <property name="java.ext.dirs" value="D:\JAVA\JDK\jre\lib\ext;C:\WINDOWS\Sun\Java\lib\ext"/>
    <property name="sun.io.unicode.encoding" value="UnicodeLittle"/>
    <property name="java.class.version" value="52.0"/>
  </properties>
  <testcase name="test" classname="edu.zut.cs.software.OSALS.student.dao.StudentDaoTest" time="15.943"/>
=======
<<<<<<< HEAD
    <property name="java.library.path" value="D:\Java\JDK\jre\bin;C:\WINDOWS\Sun\Java\bin;C:\WINDOWS\system32;C:\WINDOWS;D:\Java\JDK\bin;D:\Java\JDK\jre\bin;D:\Java\apache-maven-3.6.0\bin;C:\Program Files (x86)\NVIDIA Corporation\PhysX\Common;C:\Program Files\MySQL\MySQL Server 5.5\bin;D:\Java\SpringBootCLI\spring-1.3.3.RELEASE\bin;C:\Program Files\Microsoft SQL Server\Client SDK\ODBC\130\Tools\Binn\;C:\Program Files (x86)\Microsoft SQL Server\140\Tools\Binn\;C:\Program Files\Microsoft SQL Server\140\Tools\Binn\;C:\Program Files\Microsoft SQL Server\140\DTS\Binn\;C:\Program Files (x86)\Microsoft SQL Server\Client SDK\ODBC\130\Tools\Binn\;C:\Program Files (x86)\Microsoft SQL Server\140\DTS\Binn\;C:\Program Files (x86)\Microsoft SQL Server\140\Tools\Binn\ManagementStudio\;C:\Program Files\NVIDIA Corporation\NVIDIA NvDLISR;C:\windows\system32;D:\Java\JDK;C:\Program Files\MySQL\MySQL Server 5.5\bin;C:\Users\LBW\AppData\Roaming\npm;C:\Users\LBW\AppData\Local\Microsoft\WindowsApps;C:\Program Files\MySQL\MySQL Server 5.5\bin;D:\IDEA\IntelliJ IDEA 2018.3.4\bin;D:\Java\WebStorm\WebStorm 2018.3.6\bin;C:\Users\LBW\AppData\Local\GitHubDesktop\bin;."/>
=======
    <property name="java.library.path" value="D:\java\jdk1.8.0_201\jre\bin;C:\Windows\Sun\Java\bin;C:\Windows\system32;C:\Windows;D:\java\jdk1.8.0_201\bin;C:\Windows\System32;C:\Program Files (x86)\MySQL\MySQL Server 5.5\bin;C:\Program Files\NVIDIA Corporation\NVIDIA NvDLISR;C:\Program Files\TortoiseGit\bin;C:\Program Files\Microsoft SQL Server\Client SDK\ODBC\130\Tools\Binn\;C:\Program Files (x86)\Microsoft SQL Server\140\Tools\Binn\;C:\Program Files\Microsoft SQL Server\140\Tools\Binn\;C:\Program Files\Microsoft SQL Server\140\DTS\Binn\;C:\Program Files (x86)\Microsoft SQL Server\Client SDK\ODBC\130\Tools\Binn\;C:\Program Files (x86)\Microsoft SQL Server\140\DTS\Binn\;C:\Program Files (x86)\Microsoft SQL Server\140\Tools\Binn\ManagementStudio\;C:\Users\15637\AppData\Local\Microsoft\WindowsApps;D:\java\IDEA3.4\IntelliJ IDEA 2018.3.4\bin;D:\java\apache-maven-3.6.0\bin;C:\Program Files (x86)\MySQL\MySQL Server 5.5\bin;C:\Users\15637\AppData\Local\GitHubDesktop\bin;."/>
>>>>>>> 24fe0a085de6dce6c2ee2ed9910e7d4fee84b589
    <property name="java.vm.info" value="mixed mode"/>
    <property name="java.vendor" value="Oracle Corporation"/>
    <property name="java.vm.version" value="25.201-b09"/>
    <property name="java.ext.dirs" value="D:\java\jdk1.8.0_201\jre\lib\ext;C:\Windows\Sun\Java\lib\ext"/>
    <property name="sun.io.unicode.encoding" value="UnicodeLittle"/>
    <property name="java.class.version" value="52.0"/>
  </properties>
<<<<<<< HEAD
  <testcase name="test" classname="edu.zut.cs.software.OSALS.student.dao.StudentDaoTest" time="5.656"/>
=======
  <testcase name="test" classname="edu.zut.cs.software.OSALS.student.dao.StudentDaoTest" time="0">
    <error message="Failed to load ApplicationContext" type="java.lang.IllegalStateException">java.lang.IllegalStateException: Failed to load ApplicationContext
Caused by: org.springframework.beans.factory.BeanCreationException: Error creating bean with name 'emf' defined in class path resource [applicationContext-resources.xml]: Invocation of init method failed; nested exception is org.hibernate.AnnotationException: mappedBy reference an unknown target entity property: edu.zut.cs.software.OSALS.Temporary_station.domain.Temporary_station.Post_tation in edu.zut.cs.software.OSALS.Post_station.domain.Post_station.temporary_stations
Caused by: org.hibernate.AnnotationException: mappedBy reference an unknown target entity property: edu.zut.cs.software.OSALS.Temporary_station.domain.Temporary_station.Post_tation in edu.zut.cs.software.OSALS.Post_station.domain.Post_station.temporary_stations
</error>
    <system-out><![CDATA[2019-05-15, 19:12:48.320 [main] WARN  org.springframework.context.support.GenericApplicationContext - Exception encountered during context initialization - cancelling refresh attempt: org.springframework.beans.factory.BeanCreationException: Error creating bean with name 'emf' defined in class path resource [applicationContext-resources.xml]: Invocation of init method failed; nested exception is org.hibernate.AnnotationException: mappedBy reference an unknown target entity property: edu.zut.cs.software.OSALS.Temporary_station.domain.Temporary_station.Post_tation in edu.zut.cs.software.OSALS.Post_station.domain.Post_station.temporary_stations
2019-05-15, 19:12:48.320 [main] ERROR org.springframework.test.context.TestContextManager - Caught exception while allowing TestExecutionListener [org.springframework.test.context.support.DependencyInjectionTestExecutionListener@2b5c4f17] to prepare test instance [edu.zut.cs.software.OSALS.student.dao.StudentDaoTest@6ca8fcf3]
java.lang.IllegalStateException: Failed to load ApplicationContext
	at org.springframework.test.context.cache.DefaultCacheAwareContextLoaderDelegate.loadContext(DefaultCacheAwareContextLoaderDelegate.java:125) ~[spring-test-5.1.0.RELEASE.jar:5.1.0.RELEASE]
	at org.springframework.test.context.support.DefaultTestContext.getApplicationContext(DefaultTestContext.java:108) ~[spring-test-5.1.0.RELEASE.jar:5.1.0.RELEASE]
	at org.springframework.test.context.support.DependencyInjectionTestExecutionListener.injectDependencies(DependencyInjectionTestExecutionListener.java:118) ~[spring-test-5.1.0.RELEASE.jar:5.1.0.RELEASE]
	at org.springframework.test.context.support.DependencyInjectionTestExecutionListener.prepareTestInstance(DependencyInjectionTestExecutionListener.java:83) ~[spring-test-5.1.0.RELEASE.jar:5.1.0.RELEASE]
	at org.springframework.test.context.TestContextManager.prepareTestInstance(TestContextManager.java:246) [spring-test-5.1.0.RELEASE.jar:5.1.0.RELEASE]
	at org.springframework.test.context.junit4.SpringJUnit4ClassRunner.createTest(SpringJUnit4ClassRunner.java:227) [spring-test-5.1.0.RELEASE.jar:5.1.0.RELEASE]
	at org.springframework.test.context.junit4.SpringJUnit4ClassRunner$1.runReflectiveCall(SpringJUnit4ClassRunner.java:289) [spring-test-5.1.0.RELEASE.jar:5.1.0.RELEASE]
	at org.junit.internal.runners.model.ReflectiveCallable.run(ReflectiveCallable.java:12) [junit-4.12.jar:4.12]
	at org.springframework.test.context.junit4.SpringJUnit4ClassRunner.methodBlock(SpringJUnit4ClassRunner.java:291) [spring-test-5.1.0.RELEASE.jar:5.1.0.RELEASE]
	at org.springframework.test.context.junit4.SpringJUnit4ClassRunner.runChild(SpringJUnit4ClassRunner.java:246) [spring-test-5.1.0.RELEASE.jar:5.1.0.RELEASE]
	at org.springframework.test.context.junit4.SpringJUnit4ClassRunner.runChild(SpringJUnit4ClassRunner.java:97) [spring-test-5.1.0.RELEASE.jar:5.1.0.RELEASE]
	at org.junit.runners.ParentRunner$3.run(ParentRunner.java:290) [junit-4.12.jar:4.12]
	at org.junit.runners.ParentRunner$1.schedule(ParentRunner.java:71) [junit-4.12.jar:4.12]
	at org.junit.runners.ParentRunner.runChildren(ParentRunner.java:288) [junit-4.12.jar:4.12]
	at org.junit.runners.ParentRunner.access$000(ParentRunner.java:58) [junit-4.12.jar:4.12]
	at org.junit.runners.ParentRunner$2.evaluate(ParentRunner.java:268) [junit-4.12.jar:4.12]
	at org.springframework.test.context.junit4.statements.RunBeforeTestClassCallbacks.evaluate(RunBeforeTestClassCallbacks.java:61) [spring-test-5.1.0.RELEASE.jar:5.1.0.RELEASE]
	at org.springframework.test.context.junit4.statements.RunAfterTestClassCallbacks.evaluate(RunAfterTestClassCallbacks.java:70) [spring-test-5.1.0.RELEASE.jar:5.1.0.RELEASE]
	at org.junit.runners.ParentRunner.run(ParentRunner.java:363) [junit-4.12.jar:4.12]
	at org.springframework.test.context.junit4.SpringJUnit4ClassRunner.run(SpringJUnit4ClassRunner.java:190) [spring-test-5.1.0.RELEASE.jar:5.1.0.RELEASE]
	at org.apache.maven.surefire.junit4.JUnit4Provider.execute(JUnit4Provider.java:365) [surefire-junit4-2.21.0.jar:2.21.0]
	at org.apache.maven.surefire.junit4.JUnit4Provider.executeWithRerun(JUnit4Provider.java:273) [surefire-junit4-2.21.0.jar:2.21.0]
	at org.apache.maven.surefire.junit4.JUnit4Provider.executeTestSet(JUnit4Provider.java:238) [surefire-junit4-2.21.0.jar:2.21.0]
	at org.apache.maven.surefire.junit4.JUnit4Provider.invoke(JUnit4Provider.java:159) [surefire-junit4-2.21.0.jar:2.21.0]
	at org.apache.maven.surefire.booter.ForkedBooter.invokeProviderInSameClassLoader(ForkedBooter.java:379) [surefire-booter-2.21.0.jar:2.21.0]
	at org.apache.maven.surefire.booter.ForkedBooter.runSuitesInProcess(ForkedBooter.java:340) [surefire-booter-2.21.0.jar:2.21.0]
	at org.apache.maven.surefire.booter.ForkedBooter.execute(ForkedBooter.java:125) [surefire-booter-2.21.0.jar:2.21.0]
	at org.apache.maven.surefire.booter.ForkedBooter.main(ForkedBooter.java:413) [surefire-booter-2.21.0.jar:2.21.0]
Caused by: org.springframework.beans.factory.BeanCreationException: Error creating bean with name 'emf' defined in class path resource [applicationContext-resources.xml]: Invocation of init method failed; nested exception is org.hibernate.AnnotationException: mappedBy reference an unknown target entity property: edu.zut.cs.software.OSALS.Temporary_station.domain.Temporary_station.Post_tation in edu.zut.cs.software.OSALS.Post_station.domain.Post_station.temporary_stations
	at org.springframework.beans.factory.support.AbstractAutowireCapableBeanFactory.initializeBean(AbstractAutowireCapableBeanFactory.java:1762) ~[spring-beans-5.1.5.RELEASE.jar:5.1.5.RELEASE]
	at org.springframework.beans.factory.support.AbstractAutowireCapableBeanFactory.doCreateBean(AbstractAutowireCapableBeanFactory.java:593) ~[spring-beans-5.1.5.RELEASE.jar:5.1.5.RELEASE]
	at org.springframework.beans.factory.support.AbstractAutowireCapableBeanFactory.createBean(AbstractAutowireCapableBeanFactory.java:515) ~[spring-beans-5.1.5.RELEASE.jar:5.1.5.RELEASE]
	at org.springframework.beans.factory.support.AbstractBeanFactory.lambda$doGetBean$0(AbstractBeanFactory.java:320) ~[spring-beans-5.1.5.RELEASE.jar:5.1.5.RELEASE]
	at org.springframework.beans.factory.support.DefaultSingletonBeanRegistry.getSingleton(DefaultSingletonBeanRegistry.java:222) ~[spring-beans-5.1.5.RELEASE.jar:5.1.5.RELEASE]
	at org.springframework.beans.factory.support.AbstractBeanFactory.doGetBean(AbstractBeanFactory.java:318) ~[spring-beans-5.1.5.RELEASE.jar:5.1.5.RELEASE]
	at org.springframework.beans.factory.support.AbstractBeanFactory.getBean(AbstractBeanFactory.java:199) ~[spring-beans-5.1.5.RELEASE.jar:5.1.5.RELEASE]
	at org.springframework.context.support.AbstractApplicationContext.getBean(AbstractApplicationContext.java:1105) ~[spring-context-5.1.5.RELEASE.jar:5.1.5.RELEASE]
	at org.springframework.context.support.AbstractApplicationContext.finishBeanFactoryInitialization(AbstractApplicationContext.java:867) ~[spring-context-5.1.5.RELEASE.jar:5.1.5.RELEASE]
	at org.springframework.context.support.AbstractApplicationContext.refresh(AbstractApplicationContext.java:549) ~[spring-context-5.1.5.RELEASE.jar:5.1.5.RELEASE]
	at org.springframework.test.context.support.AbstractGenericContextLoader.loadContext(AbstractGenericContextLoader.java:128) ~[spring-test-5.1.0.RELEASE.jar:5.1.0.RELEASE]
	at org.springframework.test.context.support.AbstractGenericContextLoader.loadContext(AbstractGenericContextLoader.java:60) ~[spring-test-5.1.0.RELEASE.jar:5.1.0.RELEASE]
	at org.springframework.test.context.support.AbstractDelegatingSmartContextLoader.delegateLoading(AbstractDelegatingSmartContextLoader.java:275) ~[spring-test-5.1.0.RELEASE.jar:5.1.0.RELEASE]
	at org.springframework.test.context.support.AbstractDelegatingSmartContextLoader.loadContext(AbstractDelegatingSmartContextLoader.java:243) ~[spring-test-5.1.0.RELEASE.jar:5.1.0.RELEASE]
	at org.springframework.test.context.cache.DefaultCacheAwareContextLoaderDelegate.loadContextInternal(DefaultCacheAwareContextLoaderDelegate.java:99) ~[spring-test-5.1.0.RELEASE.jar:5.1.0.RELEASE]
	at org.springframework.test.context.cache.DefaultCacheAwareContextLoaderDelegate.loadContext(DefaultCacheAwareContextLoaderDelegate.java:117) ~[spring-test-5.1.0.RELEASE.jar:5.1.0.RELEASE]
	... 27 more
Caused by: org.hibernate.AnnotationException: mappedBy reference an unknown target entity property: edu.zut.cs.software.OSALS.Temporary_station.domain.Temporary_station.Post_tation in edu.zut.cs.software.OSALS.Post_station.domain.Post_station.temporary_stations
	at org.hibernate.cfg.annotations.CollectionBinder.bindStarToManySecondPass(CollectionBinder.java:842) ~[hibernate-core-5.4.2.Final.jar:5.4.2.Final]
	at org.hibernate.cfg.annotations.CollectionBinder$1.secondPass(CollectionBinder.java:793) ~[hibernate-core-5.4.2.Final.jar:5.4.2.Final]
	at org.hibernate.cfg.CollectionSecondPass.doSecondPass(CollectionSecondPass.java:54) ~[hibernate-core-5.4.2.Final.jar:5.4.2.Final]
	at org.hibernate.boot.internal.InFlightMetadataCollectorImpl.processSecondPasses(InFlightMetadataCollectorImpl.java:1684) ~[hibernate-core-5.4.2.Final.jar:5.4.2.Final]
	at org.hibernate.boot.internal.InFlightMetadataCollectorImpl.processSecondPasses(InFlightMetadataCollectorImpl.java:1652) ~[hibernate-core-5.4.2.Final.jar:5.4.2.Final]
	at org.hibernate.boot.model.process.spi.MetadataBuildingProcess.complete(MetadataBuildingProcess.java:286) ~[hibernate-core-5.4.2.Final.jar:5.4.2.Final]
	at org.hibernate.jpa.boot.internal.EntityManagerFactoryBuilderImpl.metadata(EntityManagerFactoryBuilderImpl.java:900) ~[hibernate-core-5.4.2.Final.jar:5.4.2.Final]
	at org.hibernate.jpa.boot.internal.EntityManagerFactoryBuilderImpl.build(EntityManagerFactoryBuilderImpl.java:931) ~[hibernate-core-5.4.2.Final.jar:5.4.2.Final]
	at org.springframework.orm.jpa.vendor.SpringHibernateJpaPersistenceProvider.createContainerEntityManagerFactory(SpringHibernateJpaPersistenceProvider.java:57) ~[spring-orm-5.1.6.RELEASE.jar:5.1.6.RELEASE]
	at org.springframework.orm.jpa.LocalContainerEntityManagerFactoryBean.createNativeEntityManagerFactory(LocalContainerEntityManagerFactoryBean.java:365) ~[spring-orm-5.1.6.RELEASE.jar:5.1.6.RELEASE]
	at org.springframework.orm.jpa.AbstractEntityManagerFactoryBean.buildNativeEntityManagerFactory(AbstractEntityManagerFactoryBean.java:390) ~[spring-orm-5.1.6.RELEASE.jar:5.1.6.RELEASE]
	at org.springframework.orm.jpa.AbstractEntityManagerFactoryBean.afterPropertiesSet(AbstractEntityManagerFactoryBean.java:377) ~[spring-orm-5.1.6.RELEASE.jar:5.1.6.RELEASE]
	at org.springframework.orm.jpa.LocalContainerEntityManagerFactoryBean.afterPropertiesSet(LocalContainerEntityManagerFactoryBean.java:341) ~[spring-orm-5.1.6.RELEASE.jar:5.1.6.RELEASE]
	at org.springframework.beans.factory.support.AbstractAutowireCapableBeanFactory.invokeInitMethods(AbstractAutowireCapableBeanFactory.java:1821) ~[spring-beans-5.1.5.RELEASE.jar:5.1.5.RELEASE]
	at org.springframework.beans.factory.support.AbstractAutowireCapableBeanFactory.initializeBean(AbstractAutowireCapableBeanFactory.java:1758) ~[spring-beans-5.1.5.RELEASE.jar:5.1.5.RELEASE]
	at org.springframework.beans.factory.support.AbstractAutowireCapableBeanFactory.doCreateBean(AbstractAutowireCapableBeanFactory.java:593) ~[spring-beans-5.1.5.RELEASE.jar:5.1.5.RELEASE]
	at org.springframework.beans.factory.support.AbstractAutowireCapableBeanFactory.createBean(AbstractAutowireCapableBeanFactory.java:515) ~[spring-beans-5.1.5.RELEASE.jar:5.1.5.RELEASE]
	at org.springframework.beans.factory.support.AbstractBeanFactory.lambda$doGetBean$0(AbstractBeanFactory.java:320) ~[spring-beans-5.1.5.RELEASE.jar:5.1.5.RELEASE]
	at org.springframework.beans.factory.support.DefaultSingletonBeanRegistry.getSingleton(DefaultSingletonBeanRegistry.java:222) ~[spring-beans-5.1.5.RELEASE.jar:5.1.5.RELEASE]
	at org.springframework.beans.factory.support.AbstractBeanFactory.doGetBean(AbstractBeanFactory.java:318) ~[spring-beans-5.1.5.RELEASE.jar:5.1.5.RELEASE]
	at org.springframework.beans.factory.support.AbstractBeanFactory.getBean(AbstractBeanFactory.java:199) ~[spring-beans-5.1.5.RELEASE.jar:5.1.5.RELEASE]
	at org.springframework.context.support.AbstractApplicationContext.getBean(AbstractApplicationContext.java:1105) ~[spring-context-5.1.5.RELEASE.jar:5.1.5.RELEASE]
	at org.springframework.context.support.AbstractApplicationContext.finishBeanFactoryInitialization(AbstractApplicationContext.java:867) ~[spring-context-5.1.5.RELEASE.jar:5.1.5.RELEASE]
	at org.springframework.context.support.AbstractApplicationContext.refresh(AbstractApplicationContext.java:549) ~[spring-context-5.1.5.RELEASE.jar:5.1.5.RELEASE]
	at org.springframework.test.context.support.AbstractGenericContextLoader.loadContext(AbstractGenericContextLoader.java:128) ~[spring-test-5.1.0.RELEASE.jar:5.1.0.RELEASE]
	at org.springframework.test.context.support.AbstractGenericContextLoader.loadContext(AbstractGenericContextLoader.java:60) ~[spring-test-5.1.0.RELEASE.jar:5.1.0.RELEASE]
	at org.springframework.test.context.support.AbstractDelegatingSmartContextLoader.delegateLoading(AbstractDelegatingSmartContextLoader.java:275) ~[spring-test-5.1.0.RELEASE.jar:5.1.0.RELEASE]
	at org.springframework.test.context.support.AbstractDelegatingSmartContextLoader.loadContext(AbstractDelegatingSmartContextLoader.java:243) ~[spring-test-5.1.0.RELEASE.jar:5.1.0.RELEASE]
	at org.springframework.test.context.cache.DefaultCacheAwareContextLoaderDelegate.loadContextInternal(DefaultCacheAwareContextLoaderDelegate.java:99) ~[spring-test-5.1.0.RELEASE.jar:5.1.0.RELEASE]
	at org.springframework.test.context.cache.DefaultCacheAwareContextLoaderDelegate.loadContext(DefaultCacheAwareContextLoaderDelegate.java:117) ~[spring-test-5.1.0.RELEASE.jar:5.1.0.RELEASE]
	... 27 more
]]></system-out>
  </testcase>
>>>>>>> 24fe0a085de6dce6c2ee2ed9910e7d4fee84b589
>>>>>>> 5af8b31b1ad6c39089c1995608547f8fb98c749e
</testsuite>